2022-06-07 18:55:25 [ main:400 ] - [ INFO ] Starting DemoApplication using Java 1.8.0_332 on DESKTOP-VEBRSLS with PID 36904 (C:\Users\Clown\IdeaProjects\demo\target\classes started by Clown in C:\Users\Clown\IdeaProjects\demo)
2022-06-07 18:55:25 [ main:402 ] - [ INFO ] No active profile set, falling back to 1 default profile: "default"
2022-06-07 18:55:26 [ main:1074 ] - [ INFO ] Tomcat initialized with port(s): 8090 (http)
2022-06-07 18:55:26 [ main:1080 ] - [ INFO ] Initializing ProtocolHandler ["http-nio-8090"]
2022-06-07 18:55:26 [ main:1080 ] - [ INFO ] Starting service [Tomcat]
2022-06-07 18:55:26 [ main:1080 ] - [ INFO ] Starting Servlet engine: [Apache Tomcat/9.0.63]
2022-06-07 18:55:26 [ main:1156 ] - [ INFO ] Initializing Spring embedded WebApplicationContext
2022-06-07 18:55:26 [ main:1156 ] - [ INFO ] Root WebApplicationContext: initialization completed in 725 ms
2022-06-07 18:55:26 [ main:1589 ] - [ INFO ] Starting ProtocolHandler ["http-nio-8090"]
2022-06-07 18:55:26 [ main:1601 ] - [ INFO ] Tomcat started on port(s): 8090 (http) with context path ''
2022-06-07 18:55:26 [ main:1608 ] - [ INFO ] Started DemoApplication in 1.508 seconds (JVM running for 2.163)
2022-06-07 18:55:34 [ http-nio-8090-exec-1:9072 ] - [ INFO ] Initializing Spring DispatcherServlet 'dispatcherServlet'
2022-06-07 18:55:34 [ http-nio-8090-exec-1:9072 ] - [ INFO ] Initializing Servlet 'dispatcherServlet'
2022-06-07 18:55:34 [ http-nio-8090-exec-1:9072 ] - [ INFO ] Completed initialization in 0 ms
2022-06-07 18:55:34 [ http-nio-8090-exec-1:9100 ] - [ WARN ] Resolved [org.springframework.web.bind.MissingServletRequestParameterException: Required request parameter 'id' for method parameter type String is not present]
2022-06-07 18:55:35 [ http-nio-8090-exec-3:10099 ] - [ WARN ] Resolved [org.springframework.web.bind.MissingServletRequestParameterException: Required request parameter 'id' for method parameter type String is not present]
2022-06-07 18:55:36 [ http-nio-8090-exec-2:11047 ] - [ WARN ] Resolved [org.springframework.web.bind.MissingServletRequestParameterException: Required request parameter 'id' for method parameter type String is not present]
2022-06-07 18:55:36 [ http-nio-8090-exec-4:11328 ] - [ WARN ] Resolved [org.springframework.web.bind.MissingServletRequestParameterException: Required request parameter 'id' for method parameter type String is not present]
2022-06-07 18:55:37 [ http-nio-8090-exec-5:11841 ] - [ WARN ] Resolved [org.springframework.web.bind.MissingServletRequestParameterException: Required request parameter 'id' for method parameter type String is not present]
2022-06-07 18:58:39 [ http-nio-8090-exec-7:194009 ] - [ WARN ] Resolved [org.springframework.web.bind.MissingServletRequestParameterException: Required request parameter 'id' for method parameter type String is not present]
2022-06-07 23:06:37 [ main:437 ] - [ INFO ] Starting DemoApplication using Java 1.8.0_332 on DESKTOP-VEBRSLS with PID 37512 (C:\Users\Clown\IdeaProjects\demo\target\classes started by Clown in C:\Users\Clown\IdeaProjects\demo)
2022-06-07 23:06:37 [ main:453 ] - [ INFO ] No active profile set, falling back to 1 default profile: "default"
2022-06-07 23:06:38 [ main:1219 ] - [ INFO ] Tomcat initialized with port(s): 8090 (http)
2022-06-07 23:06:38 [ main:1219 ] - [ INFO ] Initializing ProtocolHandler ["http-nio-8090"]
2022-06-07 23:06:38 [ main:1219 ] - [ INFO ] Starting service [Tomcat]
2022-06-07 23:06:38 [ main:1219 ] - [ INFO ] Starting Servlet engine: [Apache Tomcat/9.0.63]
2022-06-07 23:06:38 [ main:1297 ] - [ INFO ] Initializing Spring embedded WebApplicationContext
2022-06-07 23:06:38 [ main:1297 ] - [ INFO ] Root WebApplicationContext: initialization completed in 813 ms
2022-06-07 23:06:39 [ main:1765 ] - [ INFO ] Starting ProtocolHandler ["http-nio-8090"]
2022-06-07 23:06:39 [ main:1781 ] - [ INFO ] Tomcat started on port(s): 8090 (http) with context path ''
2022-06-07 23:06:39 [ main:1797 ] - [ INFO ] Started DemoApplication in 1.678 seconds (JVM running for 2.338)
2022-06-07 23:06:53 [ http-nio-8090-exec-1:15641 ] - [ INFO ] Initializing Spring DispatcherServlet 'dispatcherServlet'
2022-06-07 23:06:53 [ http-nio-8090-exec-1:15641 ] - [ INFO ] Initializing Servlet 'dispatcherServlet'
2022-06-07 23:06:53 [ http-nio-8090-exec-1:15641 ] - [ INFO ] Completed initialization in 0 ms
2022-06-07 23:06:53 [ http-nio-8090-exec-1:15670 ] - [ WARN ] Resolved [org.springframework.web.bind.MissingServletRequestParameterException: Required request parameter 'id' for method parameter type String is not present]
2022-06-07 23:09:40 [ http-nio-8090-exec-2:183052 ] - [ WARN ] Resolved [org.springframework.web.HttpRequestMethodNotSupportedException: Request method 'GET' not supported]
2022-06-07 23:29:10 [ http-nio-8090-exec-3:1352742 ] - [ WARN ] Resolved [org.springframework.web.bind.MissingServletRequestParameterException: Required request parameter 'id' for method parameter type String is not present]
2022-06-07 23:29:27 [ http-nio-8090-exec-4:1370078 ] - [ WARN ] Resolved [org.springframework.web.bind.MissingServletRequestParameterException: Required request parameter 'id' for method parameter type String is not present]
2022-06-07 23:53:25 [ main:486 ] - [ INFO ] Starting DemoApplication using Java 1.8.0_332 on DESKTOP-VEBRSLS with PID 10568 (C:\Users\Clown\IdeaProjects\demo\target\classes started by Clown in C:\Users\Clown\IdeaProjects\demo)
2022-06-07 23:53:25 [ main:486 ] - [ INFO ] No active profile set, falling back to 1 default profile: "default"
2022-06-07 23:53:26 [ main:1206 ] - [ INFO ] Tomcat initialized with port(s): 8090 (http)
2022-06-07 23:53:26 [ main:1222 ] - [ INFO ] Initializing ProtocolHandler ["http-nio-8090"]
2022-06-07 23:53:26 [ main:1222 ] - [ INFO ] Starting service [Tomcat]
2022-06-07 23:53:26 [ main:1222 ] - [ INFO ] Starting Servlet engine: [Apache Tomcat/9.0.63]
2022-06-07 23:53:26 [ main:1300 ] - [ INFO ] Initializing Spring embedded WebApplicationContext
2022-06-07 23:53:26 [ main:1300 ] - [ INFO ] Root WebApplicationContext: initialization completed in 783 ms
2022-06-07 23:53:26 [ main:1802 ] - [ INFO ] Starting ProtocolHandler ["http-nio-8090"]
2022-06-07 23:53:26 [ main:1818 ] - [ INFO ] Tomcat started on port(s): 8090 (http) with context path ''
2022-06-07 23:53:26 [ main:1833 ] - [ INFO ] Started DemoApplication in 1.69 seconds (JVM running for 2.703)
2022-06-07 23:55:38 [ http-nio-8090-exec-1:133544 ] - [ INFO ] Initializing Spring DispatcherServlet 'dispatcherServlet'
2022-06-07 23:55:38 [ http-nio-8090-exec-1:133544 ] - [ INFO ] Initializing Servlet 'dispatcherServlet'
2022-06-07 23:55:38 [ http-nio-8090-exec-1:133545 ] - [ INFO ] Completed initialization in 1 ms
2022-06-07 23:55:38 [ http-nio-8090-exec-1:133615 ] - [ WARN ] Resolved [org.springframework.http.converter.HttpMessageNotReadableException: JSON parse error: Cannot deserialize value of type `int` from String "test": not a valid `int` value; nested exception is com.fasterxml.jackson.databind.exc.InvalidFormatException: Cannot deserialize value of type `int` from String "test": not a valid `int` value<EOL> at [Source: (org.springframework.util.StreamUtils$NonClosingInputStream); line: 1, column: 7] (through reference chain: com.example.demo.model.User["id"])]
2022-06-07 23:56:54 [ main:406 ] - [ INFO ] Starting DemoApplication using Java 1.8.0_332 on DESKTOP-VEBRSLS with PID 14888 (C:\Users\Clown\IdeaProjects\demo\target\classes started by Clown in C:\Users\Clown\IdeaProjects\demo)
2022-06-07 23:56:54 [ main:422 ] - [ INFO ] No active profile set, falling back to 1 default profile: "default"
2022-06-07 23:56:55 [ main:1095 ] - [ INFO ] Tomcat initialized with port(s): 8090 (http)
2022-06-07 23:56:55 [ main:1095 ] - [ INFO ] Initializing ProtocolHandler ["http-nio-8090"]
2022-06-07 23:56:55 [ main:1095 ] - [ INFO ] Starting service [Tomcat]
2022-06-07 23:56:55 [ main:1095 ] - [ INFO ] Starting Servlet engine: [Apache Tomcat/9.0.63]
2022-06-07 23:56:55 [ main:1173 ] - [ INFO ] Initializing Spring embedded WebApplicationContext
2022-06-07 23:56:55 [ main:1173 ] - [ INFO ] Root WebApplicationContext: initialization completed in 736 ms
2022-06-07 23:56:55 [ main:1580 ] - [ INFO ] Starting ProtocolHandler ["http-nio-8090"]
2022-06-07 23:56:55 [ main:1596 ] - [ INFO ] Tomcat started on port(s): 8090 (http) with context path ''
2022-06-07 23:56:55 [ main:1612 ] - [ INFO ] Started DemoApplication in 1.496 seconds (JVM running for 2.206)
2022-06-07 23:56:58 [ http-nio-8090-exec-1:4609 ] - [ INFO ] Initializing Spring DispatcherServlet 'dispatcherServlet'
2022-06-07 23:56:58 [ http-nio-8090-exec-1:4609 ] - [ INFO ] Initializing Servlet 'dispatcherServlet'
2022-06-07 23:56:58 [ http-nio-8090-exec-1:4609 ] - [ INFO ] Completed initialization in 0 ms
2022-06-07 23:57:26 [ main:391 ] - [ INFO ] Starting DemoApplication using Java 1.8.0_332 on DESKTOP-VEBRSLS with PID 30196 (C:\Users\Clown\IdeaProjects\demo\target\classes started by Clown in C:\Users\Clown\IdeaProjects\demo)
2022-06-07 23:57:26 [ main:391 ] - [ INFO ] No active profile set, falling back to 1 default profile: "default"
2022-06-07 23:57:26 [ main:1048 ] - [ INFO ] Tomcat initialized with port(s): 8090 (http)
2022-06-07 23:57:26 [ main:1048 ] - [ INFO ] Initializing ProtocolHandler ["http-nio-8090"]
2022-06-07 23:57:26 [ main:1048 ] - [ INFO ] Starting service [Tomcat]
2022-06-07 23:57:26 [ main:1048 ] - [ INFO ] Starting Servlet engine: [Apache Tomcat/9.0.63]
2022-06-07 23:57:26 [ main:1126 ] - [ INFO ] Initializing Spring embedded WebApplicationContext
2022-06-07 23:57:26 [ main:1126 ] - [ INFO ] Root WebApplicationContext: initialization completed in 704 ms
2022-06-07 23:57:27 [ main:1534 ] - [ INFO ] Starting ProtocolHandler ["http-nio-8090"]
2022-06-07 23:57:27 [ main:1534 ] - [ INFO ] Tomcat started on port(s): 8090 (http) with context path ''
2022-06-07 23:57:27 [ main:1549 ] - [ INFO ] Started DemoApplication in 1.449 seconds (JVM running for 2.106)
2022-06-07 23:57:33 [ http-nio-8090-exec-1:7346 ] - [ INFO ] Initializing Spring DispatcherServlet 'dispatcherServlet'
2022-06-07 23:57:33 [ http-nio-8090-exec-1:7346 ] - [ INFO ] Initializing Servlet 'dispatcherServlet'
2022-06-07 23:57:33 [ http-nio-8090-exec-1:7347 ] - [ INFO ] Completed initialization in 1 ms
2022-06-07 23:57:56 [ main:564 ] - [ INFO ] Starting DemoApplication using Java 1.8.0_332 on DESKTOP-VEBRSLS with PID 24420 (C:\Users\Clown\IdeaProjects\demo\target\classes started by Clown in C:\Users\Clown\IdeaProjects\demo)
2022-06-07 23:57:56 [ main:564 ] - [ INFO ] No active profile set, falling back to 1 default profile: "default"
2022-06-07 23:57:57 [ main:1332 ] - [ INFO ] Tomcat initialized with port(s): 8090 (http)
2022-06-07 23:57:57 [ main:1332 ] - [ INFO ] Initializing ProtocolHandler ["http-nio-8090"]
2022-06-07 23:57:57 [ main:1332 ] - [ INFO ] Starting service [Tomcat]
2022-06-07 23:57:57 [ main:1332 ] - [ INFO ] Starting Servlet engine: [Apache Tomcat/9.0.63]
2022-06-07 23:57:57 [ main:1426 ] - [ INFO ] Initializing Spring embedded WebApplicationContext
2022-06-07 23:57:57 [ main:1426 ] - [ INFO ] Root WebApplicationContext: initialization completed in 831 ms
2022-06-07 23:57:58 [ main:1912 ] - [ INFO ] Starting ProtocolHandler ["http-nio-8090"]
2022-06-07 23:57:58 [ main:1927 ] - [ INFO ] Tomcat started on port(s): 8090 (http) with context path ''
2022-06-07 23:57:58 [ main:1927 ] - [ INFO ] Started DemoApplication in 1.794 seconds (JVM running for 2.606)
2022-06-07 23:58:01 [ http-nio-8090-exec-1:5299 ] - [ INFO ] Initializing Spring DispatcherServlet 'dispatcherServlet'
2022-06-07 23:58:01 [ http-nio-8090-exec-1:5299 ] - [ INFO ] Initializing Servlet 'dispatcherServlet'
2022-06-07 23:58:01 [ http-nio-8090-exec-1:5300 ] - [ INFO ] Completed initialization in 1 ms
2022-06-07 23:58:39 [ main:515 ] - [ INFO ] Starting DemoApplication using Java 1.8.0_332 on DESKTOP-VEBRSLS with PID 16912 (C:\Users\Clown\IdeaProjects\demo\target\classes started by Clown in C:\Users\Clown\IdeaProjects\demo)
2022-06-07 23:58:39 [ main:515 ] - [ INFO ] No active profile set, falling back to 1 default profile: "default"
2022-06-07 23:58:40 [ main:1313 ] - [ INFO ] Tomcat initialized with port(s): 8090 (http)
2022-06-07 23:58:40 [ main:1313 ] - [ INFO ] Initializing ProtocolHandler ["http-nio-8090"]
2022-06-07 23:58:40 [ main:1313 ] - [ INFO ] Starting service [Tomcat]
2022-06-07 23:58:40 [ main:1313 ] - [ INFO ] Starting Servlet engine: [Apache Tomcat/9.0.63]
2022-06-07 23:58:40 [ main:1407 ] - [ INFO ] Initializing Spring embedded WebApplicationContext
2022-06-07 23:58:40 [ main:1407 ] - [ INFO ] Root WebApplicationContext: initialization completed in 845 ms
2022-06-07 23:58:40 [ main:1894 ] - [ INFO ] Starting ProtocolHandler ["http-nio-8090"]
2022-06-07 23:58:40 [ main:1910 ] - [ INFO ] Tomcat started on port(s): 8090 (http) with context path ''
2022-06-07 23:58:40 [ main:1910 ] - [ INFO ] Started DemoApplication in 1.774 seconds (JVM running for 2.538)
2022-06-07 23:58:46 [ http-nio-8090-exec-1:7299 ] - [ INFO ] Initializing Spring DispatcherServlet 'dispatcherServlet'
2022-06-07 23:58:46 [ http-nio-8090-exec-1:7299 ] - [ INFO ] Initializing Servlet 'dispatcherServlet'
2022-06-07 23:58:46 [ http-nio-8090-exec-1:7299 ] - [ INFO ] Completed initialization in 0 ms
2022-06-07 23:59:16 [ main:407 ] - [ INFO ] Starting DemoApplication using Java 1.8.0_332 on DESKTOP-VEBRSLS with PID 16436 (C:\Users\Clown\IdeaProjects\demo\target\classes started by Clown in C:\Users\Clown\IdeaProjects\demo)
2022-06-07 23:59:16 [ main:407 ] - [ INFO ] No active profile set, falling back to 1 default profile: "default"
2022-06-07 23:59:17 [ main:1079 ] - [ INFO ] Tomcat initialized with port(s): 8090 (http)
2022-06-07 23:59:17 [ main:1079 ] - [ INFO ] Initializing ProtocolHandler ["http-nio-8090"]
2022-06-07 23:59:17 [ main:1079 ] - [ INFO ] Starting service [Tomcat]
2022-06-07 23:59:17 [ main:1079 ] - [ INFO ] Starting Servlet engine: [Apache Tomcat/9.0.63]
2022-06-07 23:59:17 [ main:1157 ] - [ INFO ] Initializing Spring embedded WebApplicationContext
2022-06-07 23:59:17 [ main:1157 ] - [ INFO ] Root WebApplicationContext: initialization completed in 719 ms
2022-06-07 23:59:18 [ main:1597 ] - [ INFO ] Starting ProtocolHandler ["http-nio-8090"]
2022-06-07 23:59:18 [ main:1597 ] - [ INFO ] Tomcat started on port(s): 8090 (http) with context path ''
2022-06-07 23:59:18 [ main:1612 ] - [ INFO ] Started DemoApplication in 1.505 seconds (JVM running for 2.16)
2022-06-07 23:59:21 [ http-nio-8090-exec-1:4894 ] - [ INFO ] Initializing Spring DispatcherServlet 'dispatcherServlet'
2022-06-07 23:59:21 [ http-nio-8090-exec-1:4895 ] - [ INFO ] Initializing Servlet 'dispatcherServlet'
2022-06-07 23:59:21 [ http-nio-8090-exec-1:4895 ] - [ INFO ] Completed initialization in 0 ms
