2022-10-12 00:13:38 [ main:594 ] - [ INFO ] Starting DemoApplication using Java 1.8.0_332 on DESKTOP-VEBRSLS with PID 485388 (C:\Users\Clown\IdeaProjects\demo\target\classes started by Clown in C:\Users\Clown\IdeaProjects\demo)
2022-10-12 00:13:38 [ main:594 ] - [ INFO ] No active profile set, falling back to 1 default profile: "default"
2022-10-12 00:13:38 [ main:1422 ] - [ INFO ] Tomcat initialized with port(s): 8090 (http)
2022-10-12 00:13:38 [ main:1422 ] - [ INFO ] Initializing ProtocolHandler ["http-nio-8090"]
2022-10-12 00:13:38 [ main:1422 ] - [ INFO ] Starting service [Tomcat]
2022-10-12 00:13:38 [ main:1422 ] - [ INFO ] Starting Servlet engine: [Apache Tomcat/9.0.63]
2022-10-12 00:13:39 [ main:1719 ] - [ INFO ] Initializing Spring embedded WebApplicationContext
2022-10-12 00:13:39 [ main:1719 ] - [ INFO ] Root WebApplicationContext: initialization completed in 1094 ms
2022-10-12 00:13:39 [ main:2235 ] - [ WARN ] Cannot find template location: classpath:/templates/ (please add some templates or check your Thymeleaf configuration)
2022-10-12 00:13:39 [ main:2297 ] - [ INFO ] Starting ProtocolHandler ["http-nio-8090"]
2022-10-12 00:13:39 [ main:2313 ] - [ INFO ] Tomcat started on port(s): 8090 (http) with context path ''
2022-10-12 00:13:39 [ main:2328 ] - [ INFO ] Started DemoApplication in 2.168 seconds (JVM running for 3.056)
2022-10-12 00:15:46 [ http-nio-8090-exec-1:129489 ] - [ INFO ] Initializing Spring DispatcherServlet 'dispatcherServlet'
2022-10-12 00:15:46 [ http-nio-8090-exec-1:129489 ] - [ INFO ] Initializing Servlet 'dispatcherServlet'
2022-10-12 00:15:46 [ http-nio-8090-exec-1:129490 ] - [ INFO ] Completed initialization in 0 ms
2022-10-12 00:15:47 [ http-nio-8090-exec-1:129586 ] - [ INFO ] HikariPool-1 - Starting...
2022-10-12 00:15:47 [ http-nio-8090-exec-1:129897 ] - [ INFO ] HikariPool-1 - Start completed.
2022-10-12 01:43:06 [ main:673 ] - [ INFO ] Starting DemoApplicationTests using Java 1.8.0_332 on DESKTOP-VEBRSLS with PID 524312 (started by Clown in C:\Users\Clown\IdeaProjects\demo)
2022-10-12 01:43:06 [ main:673 ] - [ INFO ] No active profile set, falling back to 1 default profile: "default"
2022-10-12 01:43:08 [ main:2458 ] - [ WARN ] Cannot find template location: classpath:/templates/ (please add some templates or check your Thymeleaf configuration)
2022-10-12 01:43:08 [ main:2630 ] - [ INFO ] Started DemoApplicationTests in 2.271 seconds (JVM running for 3.158)
2022-10-12 01:43:08 [ main:2896 ] - [ INFO ] HikariPool-1 - Starting...
2022-10-12 01:43:09 [ main:3522 ] - [ INFO ] HikariPool-1 - Start completed.
2022-10-12 01:43:09 [ SpringApplicationShutdownHook:3553 ] - [ INFO ] HikariPool-1 - Shutdown initiated...
2022-10-12 01:43:09 [ SpringApplicationShutdownHook:3569 ] - [ INFO ] HikariPool-1 - Shutdown completed.
2022-10-12 01:45:46 [ main:673 ] - [ INFO ] Starting DemoApplicationTests using Java 1.8.0_332 on DESKTOP-VEBRSLS with PID 523144 (started by Clown in C:\Users\Clown\IdeaProjects\demo)
2022-10-12 01:45:46 [ main:673 ] - [ INFO ] No active profile set, falling back to 1 default profile: "default"
2022-10-12 01:45:48 [ main:2487 ] - [ WARN ] Cannot find template location: classpath:/templates/ (please add some templates or check your Thymeleaf configuration)
2022-10-12 01:45:48 [ main:2691 ] - [ INFO ] Started DemoApplicationTests in 2.316 seconds (JVM running for 3.186)
2022-10-12 01:45:48 [ main:2941 ] - [ INFO ] HikariPool-1 - Starting...
2022-10-12 01:45:49 [ main:3589 ] - [ INFO ] HikariPool-1 - Start completed.
2022-10-12 01:45:49 [ SpringApplicationShutdownHook:3621 ] - [ INFO ] HikariPool-1 - Shutdown initiated...
2022-10-12 01:45:49 [ SpringApplicationShutdownHook:3621 ] - [ INFO ] HikariPool-1 - Shutdown completed.
2022-10-12 01:47:03 [ SpringApplicationShutdownHook:5606268 ] - [ INFO ] HikariPool-1 - Shutdown initiated...
2022-10-12 01:47:03 [ SpringApplicationShutdownHook:5606268 ] - [ INFO ] HikariPool-1 - Shutdown completed.
2022-10-12 08:47:06 [ main:1439 ] - [ INFO ] Starting DemoApplicationTests using Java 1.8.0_332 on DESKTOP-VEBRSLS with PID 14484 (started by Clown in C:\Users\Clown\IdeaProjects\demo)
2022-10-12 08:47:06 [ main:1439 ] - [ INFO ] No active profile set, falling back to 1 default profile: "default"
2022-10-12 08:47:09 [ main:4100 ] - [ WARN ] Cannot find template location: classpath:/templates/ (please add some templates or check your Thymeleaf configuration)
2022-10-12 08:47:09 [ main:4362 ] - [ INFO ] Started DemoApplicationTests in 3.526 seconds (JVM running for 6.663)
2022-10-12 08:47:10 [ main:4722 ] - [ INFO ] HikariPool-1 - Starting...
2022-10-12 08:47:11 [ main:5722 ] - [ INFO ] HikariPool-1 - Start completed.
2022-10-12 08:47:11 [ SpringApplicationShutdownHook:5887 ] - [ INFO ] HikariPool-1 - Shutdown initiated...
2022-10-12 08:47:11 [ SpringApplicationShutdownHook:5911 ] - [ INFO ] HikariPool-1 - Shutdown completed.
2022-10-12 09:35:21 [ main:1044 ] - [ INFO ] Starting DemoApplicationTests using Java 1.8.0_332 on DESKTOP-VEBRSLS with PID 14196 (started by Clown in C:\Users\Clown\IdeaProjects\demo)
2022-10-12 09:35:21 [ main:1044 ] - [ INFO ] No active profile set, falling back to 1 default profile: "default"
2022-10-12 09:35:23 [ main:3444 ] - [ WARN ] Cannot find template location: classpath:/templates/ (please add some templates or check your Thymeleaf configuration)
2022-10-12 09:35:24 [ main:3737 ] - [ INFO ] Started DemoApplicationTests in 3.218 seconds (JVM running for 4.524)
2022-10-12 09:35:24 [ main:4052 ] - [ INFO ] HikariPool-1 - Starting...
2022-10-12 09:35:25 [ main:5057 ] - [ INFO ] HikariPool-1 - Start completed.
2022-10-12 09:35:25 [ SpringApplicationShutdownHook:5257 ] - [ INFO ] HikariPool-1 - Shutdown initiated...
2022-10-12 09:35:25 [ SpringApplicationShutdownHook:5272 ] - [ INFO ] HikariPool-1 - Shutdown completed.
2022-10-12 09:35:58 [ main:1190 ] - [ INFO ] Starting DemoApplicationTests using Java 1.8.0_332 on DESKTOP-VEBRSLS with PID 11468 (started by Clown in C:\Users\Clown\IdeaProjects\demo)
2022-10-12 09:35:58 [ main:1198 ] - [ INFO ] No active profile set, falling back to 1 default profile: "default"
2022-10-12 09:36:01 [ main:3883 ] - [ WARN ] Cannot find template location: classpath:/templates/ (please add some templates or check your Thymeleaf configuration)
2022-10-12 09:36:01 [ main:4135 ] - [ INFO ] Started DemoApplicationTests in 3.484 seconds (JVM running for 4.995)
2022-10-12 09:36:02 [ main:4519 ] - [ INFO ] HikariPool-1 - Starting...
2022-10-12 09:36:03 [ main:5555 ] - [ INFO ] HikariPool-1 - Start completed.
2022-10-12 09:36:03 [ SpringApplicationShutdownHook:5741 ] - [ INFO ] HikariPool-1 - Shutdown initiated...
2022-10-12 09:36:03 [ SpringApplicationShutdownHook:5760 ] - [ INFO ] HikariPool-1 - Shutdown completed.
2022-10-12 09:42:56 [ main:1078 ] - [ INFO ] Starting DemoApplicationTests using Java 1.8.0_332 on DESKTOP-VEBRSLS with PID 5316 (started by Clown in C:\Users\Clown\IdeaProjects\demo)
2022-10-12 09:42:56 [ main:1079 ] - [ INFO ] No active profile set, falling back to 1 default profile: "default"
2022-10-12 09:42:59 [ main:3943 ] - [ WARN ] Cannot find template location: classpath:/templates/ (please add some templates or check your Thymeleaf configuration)
2022-10-12 09:42:59 [ main:4239 ] - [ INFO ] Started DemoApplicationTests in 3.621 seconds (JVM running for 5.129)
2022-10-12 09:43:00 [ main:4615 ] - [ INFO ] HikariPool-1 - Starting...
2022-10-12 09:43:01 [ main:5615 ] - [ INFO ] HikariPool-1 - Start completed.
2022-10-12 09:43:01 [ SpringApplicationShutdownHook:5683 ] - [ INFO ] HikariPool-1 - Shutdown initiated...
2022-10-12 09:43:01 [ SpringApplicationShutdownHook:5688 ] - [ INFO ] HikariPool-1 - Shutdown completed.
2022-10-12 09:44:06 [ main:720 ] - [ INFO ] Starting DemoApplication using Java 1.8.0_332 on DESKTOP-VEBRSLS with PID 1488 (C:\Users\Clown\IdeaProjects\demo\target\classes started by Clown in C:\Users\Clown\IdeaProjects\demo)
2022-10-12 09:44:06 [ main:722 ] - [ INFO ] No active profile set, falling back to 1 default profile: "default"
2022-10-12 09:44:08 [ main:1908 ] - [ INFO ] Tomcat initialized with port(s): 8090 (http)
2022-10-12 09:44:08 [ main:1918 ] - [ INFO ] Initializing ProtocolHandler ["http-nio-8090"]
2022-10-12 09:44:08 [ main:1919 ] - [ INFO ] Starting service [Tomcat]
2022-10-12 09:44:08 [ main:1919 ] - [ INFO ] Starting Servlet engine: [Apache Tomcat/9.0.63]
2022-10-12 09:44:08 [ main:2058 ] - [ INFO ] Initializing Spring embedded WebApplicationContext
2022-10-12 09:44:08 [ main:2058 ] - [ INFO ] Root WebApplicationContext: initialization completed in 1287 ms
2022-10-12 09:44:08 [ main:2751 ] - [ WARN ] Cannot find template location: classpath:/templates/ (please add some templates or check your Thymeleaf configuration)
2022-10-12 09:44:08 [ main:2851 ] - [ INFO ] Starting ProtocolHandler ["http-nio-8090"]
2022-10-12 09:44:08 [ main:2872 ] - [ INFO ] Tomcat started on port(s): 8090 (http) with context path ''
2022-10-12 09:44:08 [ main:2884 ] - [ INFO ] Started DemoApplication in 2.699 seconds (JVM running for 4.093)
2022-10-12 09:44:12 [ http-nio-8090-exec-1:5973 ] - [ INFO ] Initializing Spring DispatcherServlet 'dispatcherServlet'
2022-10-12 09:44:12 [ http-nio-8090-exec-1:5973 ] - [ INFO ] Initializing Servlet 'dispatcherServlet'
2022-10-12 09:44:12 [ http-nio-8090-exec-1:5974 ] - [ INFO ] Completed initialization in 1 ms
2022-10-12 09:44:12 [ http-nio-8090-exec-1:6111 ] - [ INFO ] HikariPool-1 - Starting...
2022-10-12 09:44:12 [ http-nio-8090-exec-1:6438 ] - [ INFO ] HikariPool-1 - Start completed.
2022-10-12 09:44:23 [ SpringApplicationShutdownHook:16891 ] - [ INFO ] HikariPool-1 - Shutdown initiated...
2022-10-12 09:44:23 [ SpringApplicationShutdownHook:16900 ] - [ INFO ] HikariPool-1 - Shutdown completed.
2022-10-12 09:44:26 [ main:749 ] - [ INFO ] Starting DemoApplication using Java 1.8.0_332 on DESKTOP-VEBRSLS with PID 16824 (C:\Users\Clown\IdeaProjects\demo\target\classes started by Clown in C:\Users\Clown\IdeaProjects\demo)
2022-10-12 09:44:26 [ main:753 ] - [ INFO ] No active profile set, falling back to 1 default profile: "default"
2022-10-12 09:44:27 [ main:1870 ] - [ INFO ] Tomcat initialized with port(s): 8090 (http)
2022-10-12 09:44:27 [ main:1879 ] - [ INFO ] Initializing ProtocolHandler ["http-nio-8090"]
2022-10-12 09:44:27 [ main:1880 ] - [ INFO ] Starting service [Tomcat]
2022-10-12 09:44:27 [ main:1880 ] - [ INFO ] Starting Servlet engine: [Apache Tomcat/9.0.63]
2022-10-12 09:44:28 [ main:2004 ] - [ INFO ] Initializing Spring embedded WebApplicationContext
2022-10-12 09:44:28 [ main:2004 ] - [ INFO ] Root WebApplicationContext: initialization completed in 1194 ms
2022-10-12 09:44:28 [ main:2682 ] - [ WARN ] Cannot find template location: classpath:/templates/ (please add some templates or check your Thymeleaf configuration)
2022-10-12 09:44:28 [ main:2764 ] - [ INFO ] Starting ProtocolHandler ["http-nio-8090"]
2022-10-12 09:44:28 [ main:2782 ] - [ INFO ] Tomcat started on port(s): 8090 (http) with context path ''
2022-10-12 09:44:28 [ main:2792 ] - [ INFO ] Started DemoApplication in 2.612 seconds (JVM running for 4.072)
2022-10-12 09:45:36 [ main:739 ] - [ INFO ] Starting DemoApplication using Java 1.8.0_332 on DESKTOP-VEBRSLS with PID 7352 (C:\Users\Clown\IdeaProjects\demo\target\classes started by Clown in C:\Users\Clown\IdeaProjects\demo)
2022-10-12 09:45:36 [ main:742 ] - [ INFO ] No active profile set, falling back to 1 default profile: "default"
2022-10-12 09:45:37 [ main:1918 ] - [ INFO ] Tomcat initialized with port(s): 8090 (http)
2022-10-12 09:45:37 [ main:1927 ] - [ INFO ] Initializing ProtocolHandler ["http-nio-8090"]
2022-10-12 09:45:37 [ main:1927 ] - [ INFO ] Starting service [Tomcat]
2022-10-12 09:45:37 [ main:1927 ] - [ INFO ] Starting Servlet engine: [Apache Tomcat/9.0.63]
2022-10-12 09:45:37 [ main:2047 ] - [ INFO ] Initializing Spring embedded WebApplicationContext
2022-10-12 09:45:37 [ main:2047 ] - [ INFO ] Root WebApplicationContext: initialization completed in 1253 ms
2022-10-12 09:45:38 [ main:2707 ] - [ WARN ] Cannot find template location: classpath:/templates/ (please add some templates or check your Thymeleaf configuration)
2022-10-12 09:45:38 [ main:2798 ] - [ INFO ] Starting ProtocolHandler ["http-nio-8090"]
2022-10-12 09:45:38 [ main:2816 ] - [ INFO ] Tomcat started on port(s): 8090 (http) with context path ''
2022-10-12 09:45:38 [ main:2827 ] - [ INFO ] Started DemoApplication in 2.643 seconds (JVM running for 4.044)
2022-10-12 09:54:16 [ http-nio-8090-exec-1:520456 ] - [ INFO ] Initializing Spring DispatcherServlet 'dispatcherServlet'
2022-10-12 09:54:16 [ http-nio-8090-exec-1:520457 ] - [ INFO ] Initializing Servlet 'dispatcherServlet'
2022-10-12 09:54:16 [ http-nio-8090-exec-1:520458 ] - [ INFO ] Completed initialization in 1 ms
2022-10-12 09:54:16 [ http-nio-8090-exec-1:520617 ] - [ INFO ] HikariPool-1 - Starting...
2022-10-12 09:54:16 [ http-nio-8090-exec-1:520995 ] - [ INFO ] HikariPool-1 - Start completed.
2022-10-12 09:55:34 [ SpringApplicationShutdownHook:598673 ] - [ INFO ] HikariPool-1 - Shutdown initiated...
2022-10-12 09:55:34 [ SpringApplicationShutdownHook:598686 ] - [ INFO ] HikariPool-1 - Shutdown completed.
2022-10-12 09:56:02 [ main:692 ] - [ INFO ] Starting DemoApplication using Java 1.8.0_332 on DESKTOP-VEBRSLS with PID 6744 (C:\Users\Clown\IdeaProjects\demo\target\classes started by Clown in C:\Users\Clown\IdeaProjects\demo)
2022-10-12 09:56:02 [ main:695 ] - [ INFO ] No active profile set, falling back to 1 default profile: "default"
2022-10-12 09:56:03 [ main:1839 ] - [ INFO ] Tomcat initialized with port(s): 8090 (http)
2022-10-12 09:56:03 [ main:1851 ] - [ INFO ] Initializing ProtocolHandler ["http-nio-8090"]
2022-10-12 09:56:03 [ main:1852 ] - [ INFO ] Starting service [Tomcat]
2022-10-12 09:56:03 [ main:1852 ] - [ INFO ] Starting Servlet engine: [Apache Tomcat/9.0.63]
2022-10-12 09:56:04 [ main:2004 ] - [ INFO ] Initializing Spring embedded WebApplicationContext
2022-10-12 09:56:04 [ main:2004 ] - [ INFO ] Root WebApplicationContext: initialization completed in 1259 ms
2022-10-12 09:56:04 [ main:2657 ] - [ WARN ] Cannot find template location: classpath:/templates/ (please add some templates or check your Thymeleaf configuration)
2022-10-12 09:56:04 [ main:2743 ] - [ INFO ] Starting ProtocolHandler ["http-nio-8090"]
2022-10-12 09:56:04 [ main:2766 ] - [ INFO ] Tomcat started on port(s): 8090 (http) with context path ''
2022-10-12 09:56:04 [ main:2777 ] - [ INFO ] Started DemoApplication in 2.605 seconds (JVM running for 3.871)
2022-10-12 09:56:11 [ http-nio-8090-exec-1:9591 ] - [ INFO ] Initializing Spring DispatcherServlet 'dispatcherServlet'
2022-10-12 09:56:11 [ http-nio-8090-exec-1:9592 ] - [ INFO ] Initializing Servlet 'dispatcherServlet'
2022-10-12 09:56:11 [ http-nio-8090-exec-1:9593 ] - [ INFO ] Completed initialization in 1 ms
2022-10-12 09:56:11 [ http-nio-8090-exec-1:9736 ] - [ INFO ] HikariPool-1 - Starting...
2022-10-12 09:56:12 [ http-nio-8090-exec-1:10054 ] - [ INFO ] HikariPool-1 - Start completed.
2022-10-12 09:57:45 [ SpringApplicationShutdownHook:103721 ] - [ INFO ] HikariPool-1 - Shutdown initiated...
2022-10-12 09:57:45 [ SpringApplicationShutdownHook:103732 ] - [ INFO ] HikariPool-1 - Shutdown completed.
2022-10-12 09:57:50 [ main:855 ] - [ INFO ] Starting DemoApplication using Java 1.8.0_332 on DESKTOP-VEBRSLS with PID 17268 (C:\Users\Clown\IdeaProjects\demo\target\classes started by Clown in C:\Users\Clown\IdeaProjects\demo)
2022-10-12 09:57:50 [ main:860 ] - [ INFO ] No active profile set, falling back to 1 default profile: "default"
2022-10-12 09:57:52 [ main:2243 ] - [ INFO ] Tomcat initialized with port(s): 8090 (http)
2022-10-12 09:57:52 [ main:2253 ] - [ INFO ] Initializing ProtocolHandler ["http-nio-8090"]
2022-10-12 09:57:52 [ main:2254 ] - [ INFO ] Starting service [Tomcat]
2022-10-12 09:57:52 [ main:2254 ] - [ INFO ] Starting Servlet engine: [Apache Tomcat/9.0.63]
2022-10-12 09:57:52 [ main:2392 ] - [ INFO ] Initializing Spring embedded WebApplicationContext
2022-10-12 09:57:52 [ main:2393 ] - [ INFO ] Root WebApplicationContext: initialization completed in 1459 ms
2022-10-12 09:57:53 [ main:3240 ] - [ WARN ] Cannot find template location: classpath:/templates/ (please add some templates or check your Thymeleaf configuration)
2022-10-12 09:57:53 [ main:3336 ] - [ INFO ] Starting ProtocolHandler ["http-nio-8090"]
2022-10-12 09:57:53 [ main:3358 ] - [ INFO ] Tomcat started on port(s): 8090 (http) with context path ''
2022-10-12 09:57:53 [ main:3370 ] - [ INFO ] Started DemoApplication in 3.177 seconds (JVM running for 5.921)
2022-10-12 09:57:59 [ http-nio-8090-exec-1:9934 ] - [ INFO ] Initializing Spring DispatcherServlet 'dispatcherServlet'
2022-10-12 09:57:59 [ http-nio-8090-exec-1:9934 ] - [ INFO ] Initializing Servlet 'dispatcherServlet'
2022-10-12 09:57:59 [ http-nio-8090-exec-1:9936 ] - [ INFO ] Completed initialization in 1 ms
2022-10-12 09:57:59 [ http-nio-8090-exec-1:10031 ] - [ INFO ] HikariPool-1 - Starting...
2022-10-12 09:58:00 [ http-nio-8090-exec-1:10453 ] - [ INFO ] HikariPool-1 - Start completed.
2022-10-12 09:58:17 [ HikariPool-1 housekeeper:27326 ] - [ WARN ] HikariPool-1 - Thread starvation or clock leap detected (housekeeper delta=46s870ms772µs300ns).
2022-10-12 09:58:17 [ SpringApplicationShutdownHook:28020 ] - [ INFO ] HikariPool-1 - Shutdown initiated...
2022-10-12 09:58:17 [ SpringApplicationShutdownHook:28033 ] - [ INFO ] HikariPool-1 - Shutdown completed.
2022-10-12 09:58:22 [ main:775 ] - [ INFO ] Starting DemoApplication using Java 1.8.0_332 on DESKTOP-VEBRSLS with PID 15960 (C:\Users\Clown\IdeaProjects\demo\target\classes started by Clown in C:\Users\Clown\IdeaProjects\demo)
2022-10-12 09:58:22 [ main:778 ] - [ INFO ] No active profile set, falling back to 1 default profile: "default"
2022-10-12 09:58:23 [ main:2131 ] - [ INFO ] Tomcat initialized with port(s): 8090 (http)
2022-10-12 09:58:23 [ main:2143 ] - [ INFO ] Initializing ProtocolHandler ["http-nio-8090"]
2022-10-12 09:58:23 [ main:2144 ] - [ INFO ] Starting service [Tomcat]
2022-10-12 09:58:23 [ main:2144 ] - [ INFO ] Starting Servlet engine: [Apache Tomcat/9.0.63]
2022-10-12 09:58:23 [ main:2285 ] - [ INFO ] Initializing Spring embedded WebApplicationContext
2022-10-12 09:58:23 [ main:2285 ] - [ INFO ] Root WebApplicationContext: initialization completed in 1451 ms
2022-10-12 09:58:24 [ main:3195 ] - [ WARN ] Cannot find template location: classpath:/templates/ (please add some templates or check your Thymeleaf configuration)
2022-10-12 09:58:24 [ main:3311 ] - [ INFO ] Starting ProtocolHandler ["http-nio-8090"]
2022-10-12 09:58:24 [ main:3337 ] - [ INFO ] Tomcat started on port(s): 8090 (http) with context path ''
2022-10-12 09:58:24 [ main:3350 ] - [ INFO ] Started DemoApplication in 3.155 seconds (JVM running for 4.516)
2022-10-12 09:58:26 [ http-nio-8090-exec-2:4978 ] - [ INFO ] Initializing Spring DispatcherServlet 'dispatcherServlet'
2022-10-12 09:58:26 [ http-nio-8090-exec-2:4979 ] - [ INFO ] Initializing Servlet 'dispatcherServlet'
2022-10-12 09:58:26 [ http-nio-8090-exec-2:4980 ] - [ INFO ] Completed initialization in 1 ms
2022-10-12 09:58:26 [ http-nio-8090-exec-2:5060 ] - [ INFO ] HikariPool-1 - Starting...
2022-10-12 09:58:26 [ http-nio-8090-exec-2:5417 ] - [ INFO ] HikariPool-1 - Start completed.
2022-10-12 09:59:50 [ HikariPool-1 housekeeper:88967 ] - [ WARN ] HikariPool-1 - Thread starvation or clock leap detected (housekeeper delta=1m53s548ms958µs200ns).
2022-10-12 10:03:52 [ HikariPool-1 housekeeper:330845 ] - [ WARN ] HikariPool-1 - Thread starvation or clock leap detected (housekeeper delta=4m1s878ms552µs100ns).
2022-10-12 10:10:08 [ HikariPool-1 housekeeper:707222 ] - [ WARN ] HikariPool-1 - Thread starvation or clock leap detected (housekeeper delta=6m16s377ms12µs400ns).
2022-10-12 10:10:09 [ SpringApplicationShutdownHook:708105 ] - [ INFO ] HikariPool-1 - Shutdown initiated...
2022-10-12 10:10:09 [ SpringApplicationShutdownHook:708117 ] - [ INFO ] HikariPool-1 - Shutdown completed.
2022-10-12 10:10:12 [ main:730 ] - [ INFO ] Starting DemoApplication using Java 1.8.0_332 on DESKTOP-VEBRSLS with PID 17304 (C:\Users\Clown\IdeaProjects\demo\target\classes started by Clown in C:\Users\Clown\IdeaProjects\demo)
2022-10-12 10:10:13 [ main:733 ] - [ INFO ] No active profile set, falling back to 1 default profile: "default"
2022-10-12 10:10:14 [ main:1878 ] - [ INFO ] Tomcat initialized with port(s): 8090 (http)
2022-10-12 10:10:14 [ main:1887 ] - [ INFO ] Initializing ProtocolHandler ["http-nio-8090"]
2022-10-12 10:10:14 [ main:1887 ] - [ INFO ] Starting service [Tomcat]
2022-10-12 10:10:14 [ main:1888 ] - [ INFO ] Starting Servlet engine: [Apache Tomcat/9.0.63]
2022-10-12 10:10:14 [ main:2026 ] - [ INFO ] Initializing Spring embedded WebApplicationContext
2022-10-12 10:10:14 [ main:2026 ] - [ INFO ] Root WebApplicationContext: initialization completed in 1247 ms
2022-10-12 10:10:15 [ main:2744 ] - [ WARN ] Cannot find template location: classpath:/templates/ (please add some templates or check your Thymeleaf configuration)
2022-10-12 10:10:15 [ main:2840 ] - [ INFO ] Starting ProtocolHandler ["http-nio-8090"]
2022-10-12 10:10:15 [ main:2860 ] - [ INFO ] Tomcat started on port(s): 8090 (http) with context path ''
2022-10-12 10:10:15 [ main:2871 ] - [ INFO ] Started DemoApplication in 2.69 seconds (JVM running for 4.203)
2022-10-12 10:10:55 [ http-nio-8090-exec-1:43406 ] - [ INFO ] Initializing Spring DispatcherServlet 'dispatcherServlet'
2022-10-12 10:10:55 [ http-nio-8090-exec-1:43406 ] - [ INFO ] Initializing Servlet 'dispatcherServlet'
2022-10-12 10:10:55 [ http-nio-8090-exec-1:43407 ] - [ INFO ] Completed initialization in 1 ms
2022-10-12 10:10:55 [ http-nio-8090-exec-2:43489 ] - [ INFO ] HikariPool-1 - Starting...
2022-10-12 10:10:56 [ http-nio-8090-exec-2:43830 ] - [ INFO ] HikariPool-1 - Start completed.
2022-10-12 10:28:48 [ SpringApplicationShutdownHook:1115998 ] - [ INFO ] HikariPool-1 - Shutdown initiated...
2022-10-12 10:28:48 [ SpringApplicationShutdownHook:1116008 ] - [ INFO ] HikariPool-1 - Shutdown completed.
