2022-09-30 12:37:45 [ main:480 ] - [ INFO ] Starting DemoApplication using Java 1.8.0_332 on DESKTOP-VEBRSLS with PID 151644 (C:\Users\Clown\IdeaProjects\demo\target\classes started by Clown in C:\Users\Clown\IdeaProjects\demo)
2022-09-30 12:37:45 [ main:482 ] - [ INFO ] No active profile set, falling back to 1 default profile: "default"
2022-09-30 12:37:46 [ main:1260 ] - [ INFO ] Tomcat initialized with port(s): 8090 (http)
2022-09-30 12:37:46 [ main:1267 ] - [ INFO ] Initializing ProtocolHandler ["http-nio-8090"]
2022-09-30 12:37:46 [ main:1267 ] - [ INFO ] Starting service [Tomcat]
2022-09-30 12:37:46 [ main:1268 ] - [ INFO ] Starting Servlet engine: [Apache Tomcat/9.0.63]
2022-09-30 12:37:46 [ main:1349 ] - [ INFO ] Initializing Spring embedded WebApplicationContext
2022-09-30 12:37:46 [ main:1350 ] - [ INFO ] Root WebApplicationContext: initialization completed in 834 ms
2022-09-30 12:37:47 [ main:1768 ] - [ WARN ] Cannot find template location: classpath:/templates/ (please add some templates or check your Thymeleaf configuration)
2022-09-30 12:37:47 [ main:1824 ] - [ INFO ] Starting ProtocolHandler ["http-nio-8090"]
2022-09-30 12:37:47 [ main:1836 ] - [ INFO ] Tomcat started on port(s): 8090 (http) with context path ''
2022-09-30 12:37:47 [ main:1843 ] - [ INFO ] Started DemoApplication in 1.709 seconds (JVM running for 2.498)
2022-09-30 12:39:19 [ http-nio-8090-exec-1:94062 ] - [ INFO ] Initializing Spring DispatcherServlet 'dispatcherServlet'
2022-09-30 12:39:19 [ http-nio-8090-exec-1:94062 ] - [ INFO ] Initializing Servlet 'dispatcherServlet'
2022-09-30 12:39:19 [ http-nio-8090-exec-1:94063 ] - [ INFO ] Completed initialization in 1 ms
2022-09-30 12:39:19 [ http-nio-8090-exec-1:94151 ] - [ INFO ] HikariPool-1 - Starting...
2022-09-30 12:39:19 [ http-nio-8090-exec-1:94421 ] - [ INFO ] HikariPool-1 - Start completed.
2022-09-30 12:43:22 [ SpringApplicationShutdownHook:337510 ] - [ INFO ] HikariPool-1 - Shutdown initiated...
2022-09-30 12:43:22 [ SpringApplicationShutdownHook:337518 ] - [ INFO ] HikariPool-1 - Shutdown completed.
2022-09-30 12:43:26 [ main:502 ] - [ INFO ] Starting DemoApplication using Java 1.8.0_332 on DESKTOP-VEBRSLS with PID 165440 (C:\Users\Clown\IdeaProjects\demo\target\classes started by Clown in C:\Users\Clown\IdeaProjects\demo)
2022-09-30 12:43:26 [ main:504 ] - [ INFO ] No active profile set, falling back to 1 default profile: "default"
2022-09-30 12:43:27 [ main:1320 ] - [ INFO ] Tomcat initialized with port(s): 8090 (http)
2022-09-30 12:43:27 [ main:1328 ] - [ INFO ] Initializing ProtocolHandler ["http-nio-8090"]
2022-09-30 12:43:27 [ main:1328 ] - [ INFO ] Starting service [Tomcat]
2022-09-30 12:43:27 [ main:1329 ] - [ INFO ] Starting Servlet engine: [Apache Tomcat/9.0.63]
2022-09-30 12:43:27 [ main:1418 ] - [ INFO ] Initializing Spring embedded WebApplicationContext
2022-09-30 12:43:27 [ main:1418 ] - [ INFO ] Root WebApplicationContext: initialization completed in 878 ms
2022-09-30 12:43:28 [ main:2036 ] - [ WARN ] Cannot find template location: classpath:/templates/ (please add some templates or check your Thymeleaf configuration)
2022-09-30 12:43:28 [ main:2106 ] - [ INFO ] Starting ProtocolHandler ["http-nio-8090"]
2022-09-30 12:43:28 [ main:2122 ] - [ INFO ] Tomcat started on port(s): 8090 (http) with context path ''
2022-09-30 12:43:28 [ main:2131 ] - [ INFO ] Started DemoApplication in 1.989 seconds (JVM running for 3.315)
2022-09-30 12:44:11 [ main:416 ] - [ INFO ] Starting DemoApplication using Java 1.8.0_332 on DESKTOP-VEBRSLS with PID 166052 (C:\Users\Clown\IdeaProjects\demo\target\classes started by Clown in C:\Users\Clown\IdeaProjects\demo)
2022-09-30 12:44:11 [ main:419 ] - [ INFO ] No active profile set, falling back to 1 default profile: "default"
2022-09-30 12:44:12 [ main:1111 ] - [ INFO ] Tomcat initialized with port(s): 8090 (http)
2022-09-30 12:44:12 [ main:1117 ] - [ INFO ] Initializing ProtocolHandler ["http-nio-8090"]
2022-09-30 12:44:12 [ main:1117 ] - [ INFO ] Starting service [Tomcat]
2022-09-30 12:44:12 [ main:1117 ] - [ INFO ] Starting Servlet engine: [Apache Tomcat/9.0.63]
2022-09-30 12:44:12 [ main:1193 ] - [ INFO ] Initializing Spring embedded WebApplicationContext
2022-09-30 12:44:12 [ main:1194 ] - [ INFO ] Root WebApplicationContext: initialization completed in 743 ms
2022-09-30 12:44:12 [ main:1591 ] - [ WARN ] Cannot find template location: classpath:/templates/ (please add some templates or check your Thymeleaf configuration)
2022-09-30 12:44:12 [ main:1647 ] - [ INFO ] Starting ProtocolHandler ["http-nio-8090"]
2022-09-30 12:44:12 [ main:1659 ] - [ INFO ] Tomcat started on port(s): 8090 (http) with context path ''
2022-09-30 12:44:12 [ main:1666 ] - [ INFO ] Started DemoApplication in 1.561 seconds (JVM running for 2.434)
2022-09-30 12:44:18 [ http-nio-8090-exec-1:7056 ] - [ INFO ] Initializing Spring DispatcherServlet 'dispatcherServlet'
2022-09-30 12:44:18 [ http-nio-8090-exec-1:7056 ] - [ INFO ] Initializing Servlet 'dispatcherServlet'
2022-09-30 12:44:18 [ http-nio-8090-exec-1:7057 ] - [ INFO ] Completed initialization in 1 ms
2022-09-30 12:44:18 [ http-nio-8090-exec-2:7120 ] - [ INFO ] HikariPool-1 - Starting...
2022-09-30 12:44:18 [ http-nio-8090-exec-2:7331 ] - [ INFO ] HikariPool-1 - Start completed.
2022-09-30 12:48:58 [ SpringApplicationShutdownHook:287445 ] - [ INFO ] HikariPool-1 - Shutdown initiated...
2022-09-30 12:48:58 [ SpringApplicationShutdownHook:287452 ] - [ INFO ] HikariPool-1 - Shutdown completed.
2022-09-30 12:49:03 [ main:417 ] - [ INFO ] Starting DemoApplication using Java 1.8.0_332 on DESKTOP-VEBRSLS with PID 85780 (C:\Users\Clown\IdeaProjects\demo\target\classes started by Clown in C:\Users\Clown\IdeaProjects\demo)
2022-09-30 12:49:03 [ main:420 ] - [ INFO ] No active profile set, falling back to 1 default profile: "default"
2022-09-30 12:49:03 [ main:1174 ] - [ INFO ] Tomcat initialized with port(s): 8090 (http)
2022-09-30 12:49:03 [ main:1180 ] - [ INFO ] Initializing ProtocolHandler ["http-nio-8090"]
2022-09-30 12:49:03 [ main:1180 ] - [ INFO ] Starting service [Tomcat]
2022-09-30 12:49:03 [ main:1180 ] - [ INFO ] Starting Servlet engine: [Apache Tomcat/9.0.63]
2022-09-30 12:49:03 [ main:1263 ] - [ INFO ] Initializing Spring embedded WebApplicationContext
2022-09-30 12:49:03 [ main:1263 ] - [ INFO ] Root WebApplicationContext: initialization completed in 800 ms
2022-09-30 12:49:04 [ main:1688 ] - [ WARN ] Cannot find template location: classpath:/templates/ (please add some templates or check your Thymeleaf configuration)
2022-09-30 12:49:04 [ main:1755 ] - [ INFO ] Starting ProtocolHandler ["http-nio-8090"]
2022-09-30 12:49:04 [ main:1768 ] - [ INFO ] Tomcat started on port(s): 8090 (http) with context path ''
2022-09-30 12:49:04 [ main:1776 ] - [ INFO ] Started DemoApplication in 1.671 seconds (JVM running for 2.47)
2022-09-30 12:50:00 [ http-nio-8090-exec-1:57835 ] - [ INFO ] Initializing Spring DispatcherServlet 'dispatcherServlet'
2022-09-30 12:50:00 [ http-nio-8090-exec-1:57835 ] - [ INFO ] Initializing Servlet 'dispatcherServlet'
2022-09-30 12:50:00 [ http-nio-8090-exec-1:57836 ] - [ INFO ] Completed initialization in 1 ms
2022-09-30 12:50:00 [ http-nio-8090-exec-1:57919 ] - [ INFO ] HikariPool-1 - Starting...
2022-09-30 12:50:00 [ http-nio-8090-exec-1:58131 ] - [ INFO ] HikariPool-1 - Start completed.
2022-09-30 12:55:19 [ SpringApplicationShutdownHook:376989 ] - [ INFO ] HikariPool-1 - Shutdown initiated...
2022-09-30 12:55:19 [ SpringApplicationShutdownHook:376995 ] - [ INFO ] HikariPool-1 - Shutdown completed.
2022-09-30 12:55:22 [ main:517 ] - [ INFO ] Starting DemoApplication using Java 1.8.0_332 on DESKTOP-VEBRSLS with PID 191580 (C:\Users\Clown\IdeaProjects\demo\target\classes started by Clown in C:\Users\Clown\IdeaProjects\demo)
2022-09-30 12:55:22 [ main:519 ] - [ INFO ] No active profile set, falling back to 1 default profile: "default"
2022-09-30 12:55:23 [ main:1299 ] - [ INFO ] Tomcat initialized with port(s): 8090 (http)
2022-09-30 12:55:23 [ main:1306 ] - [ INFO ] Initializing ProtocolHandler ["http-nio-8090"]
2022-09-30 12:55:23 [ main:1306 ] - [ INFO ] Starting service [Tomcat]
2022-09-30 12:55:23 [ main:1307 ] - [ INFO ] Starting Servlet engine: [Apache Tomcat/9.0.63]
2022-09-30 12:55:23 [ main:1391 ] - [ INFO ] Initializing Spring embedded WebApplicationContext
2022-09-30 12:55:23 [ main:1391 ] - [ INFO ] Root WebApplicationContext: initialization completed in 837 ms
2022-09-30 12:55:23 [ main:1876 ] - [ WARN ] Cannot find template location: classpath:/templates/ (please add some templates or check your Thymeleaf configuration)
2022-09-30 12:55:23 [ main:1935 ] - [ INFO ] Starting ProtocolHandler ["http-nio-8090"]
2022-09-30 12:55:23 [ main:1950 ] - [ INFO ] Tomcat started on port(s): 8090 (http) with context path ''
2022-09-30 12:55:23 [ main:1958 ] - [ INFO ] Started DemoApplication in 1.812 seconds (JVM running for 2.701)
2022-09-30 12:55:29 [ http-nio-8090-exec-2:7128 ] - [ INFO ] Initializing Spring DispatcherServlet 'dispatcherServlet'
2022-09-30 12:55:29 [ http-nio-8090-exec-2:7128 ] - [ INFO ] Initializing Servlet 'dispatcherServlet'
2022-09-30 12:55:29 [ http-nio-8090-exec-2:7129 ] - [ INFO ] Completed initialization in 1 ms
2022-09-30 12:55:29 [ http-nio-8090-exec-1:7181 ] - [ INFO ] HikariPool-1 - Starting...
2022-09-30 12:55:29 [ http-nio-8090-exec-1:7405 ] - [ INFO ] HikariPool-1 - Start completed.
2022-09-30 12:55:45 [ HikariPool-1 housekeeper:23721 ] - [ WARN ] HikariPool-1 - Thread starvation or clock leap detected (housekeeper delta=46s315ms900µs600ns).
2022-09-30 12:56:13 [ SpringApplicationShutdownHook:51074 ] - [ INFO ] HikariPool-1 - Shutdown initiated...
2022-09-30 12:56:13 [ SpringApplicationShutdownHook:51081 ] - [ INFO ] HikariPool-1 - Shutdown completed.
2022-09-30 12:56:15 [ main:565 ] - [ INFO ] Starting DemoApplication using Java 1.8.0_332 on DESKTOP-VEBRSLS with PID 195080 (C:\Users\Clown\IdeaProjects\demo\target\classes started by Clown in C:\Users\Clown\IdeaProjects\demo)
2022-09-30 12:56:15 [ main:567 ] - [ INFO ] No active profile set, falling back to 1 default profile: "default"
2022-09-30 12:56:16 [ main:1349 ] - [ INFO ] Tomcat initialized with port(s): 8090 (http)
2022-09-30 12:56:16 [ main:1356 ] - [ INFO ] Initializing ProtocolHandler ["http-nio-8090"]
2022-09-30 12:56:16 [ main:1356 ] - [ INFO ] Starting service [Tomcat]
2022-09-30 12:56:16 [ main:1356 ] - [ INFO ] Starting Servlet engine: [Apache Tomcat/9.0.63]
2022-09-30 12:56:16 [ main:1443 ] - [ INFO ] Initializing Spring embedded WebApplicationContext
2022-09-30 12:56:16 [ main:1444 ] - [ INFO ] Root WebApplicationContext: initialization completed in 839 ms
2022-09-30 12:56:16 [ main:1926 ] - [ WARN ] Cannot find template location: classpath:/templates/ (please add some templates or check your Thymeleaf configuration)
2022-09-30 12:56:16 [ main:1988 ] - [ INFO ] Starting ProtocolHandler ["http-nio-8090"]
2022-09-30 12:56:16 [ main:2002 ] - [ INFO ] Tomcat started on port(s): 8090 (http) with context path ''
2022-09-30 12:56:16 [ main:2011 ] - [ INFO ] Started DemoApplication in 1.826 seconds (JVM running for 2.769)
2022-09-30 12:56:24 [ http-nio-8090-exec-1:9674 ] - [ INFO ] Initializing Spring DispatcherServlet 'dispatcherServlet'
2022-09-30 12:56:24 [ http-nio-8090-exec-1:9674 ] - [ INFO ] Initializing Servlet 'dispatcherServlet'
2022-09-30 12:56:24 [ http-nio-8090-exec-1:9675 ] - [ INFO ] Completed initialization in 1 ms
2022-09-30 12:56:24 [ http-nio-8090-exec-2:9730 ] - [ INFO ] HikariPool-1 - Starting...
2022-09-30 12:56:24 [ http-nio-8090-exec-2:9981 ] - [ INFO ] HikariPool-1 - Start completed.
2022-09-30 12:57:28 [ SpringApplicationShutdownHook:73446 ] - [ INFO ] HikariPool-1 - Shutdown initiated...
2022-09-30 12:57:28 [ SpringApplicationShutdownHook:73461 ] - [ INFO ] HikariPool-1 - Shutdown completed.
2022-09-30 12:57:38 [ main:428 ] - [ INFO ] Starting DemoApplication using Java 1.8.0_332 on DESKTOP-VEBRSLS with PID 200892 (C:\Users\Clown\IdeaProjects\demo\target\classes started by Clown in C:\Users\Clown\IdeaProjects\demo)
2022-09-30 12:57:38 [ main:430 ] - [ INFO ] No active profile set, falling back to 1 default profile: "default"
2022-09-30 12:57:39 [ main:1171 ] - [ INFO ] Tomcat initialized with port(s): 8090 (http)
2022-09-30 12:57:39 [ main:1178 ] - [ INFO ] Initializing ProtocolHandler ["http-nio-8090"]
2022-09-30 12:57:39 [ main:1178 ] - [ INFO ] Starting service [Tomcat]
2022-09-30 12:57:39 [ main:1178 ] - [ INFO ] Starting Servlet engine: [Apache Tomcat/9.0.63]
2022-09-30 12:57:39 [ main:1264 ] - [ INFO ] Initializing Spring embedded WebApplicationContext
2022-09-30 12:57:39 [ main:1264 ] - [ INFO ] Root WebApplicationContext: initialization completed in 797 ms
2022-09-30 12:57:39 [ main:1670 ] - [ WARN ] Cannot find template location: classpath:/templates/ (please add some templates or check your Thymeleaf configuration)
2022-09-30 12:57:39 [ main:1728 ] - [ INFO ] Starting ProtocolHandler ["http-nio-8090"]
2022-09-30 12:57:39 [ main:1740 ] - [ INFO ] Tomcat started on port(s): 8090 (http) with context path ''
2022-09-30 12:57:39 [ main:1747 ] - [ INFO ] Started DemoApplication in 1.637 seconds (JVM running for 2.414)
2022-09-30 12:58:13 [ http-nio-8090-exec-1:35701 ] - [ INFO ] Initializing Spring DispatcherServlet 'dispatcherServlet'
2022-09-30 12:58:13 [ http-nio-8090-exec-1:35701 ] - [ INFO ] Initializing Servlet 'dispatcherServlet'
2022-09-30 12:58:13 [ http-nio-8090-exec-1:35701 ] - [ INFO ] Completed initialization in 0 ms
2022-09-30 12:58:13 [ http-nio-8090-exec-2:35746 ] - [ INFO ] HikariPool-1 - Starting...
2022-09-30 12:58:14 [ http-nio-8090-exec-2:35960 ] - [ INFO ] HikariPool-1 - Start completed.
2022-09-30 12:58:39 [ SpringApplicationShutdownHook:61150 ] - [ INFO ] HikariPool-1 - Shutdown initiated...
2022-09-30 12:58:39 [ SpringApplicationShutdownHook:61155 ] - [ INFO ] HikariPool-1 - Shutdown completed.
2022-09-30 12:58:43 [ main:444 ] - [ INFO ] Starting DemoApplication using Java 1.8.0_332 on DESKTOP-VEBRSLS with PID 204660 (C:\Users\Clown\IdeaProjects\demo\target\classes started by Clown in C:\Users\Clown\IdeaProjects\demo)
2022-09-30 12:58:43 [ main:446 ] - [ INFO ] No active profile set, falling back to 1 default profile: "default"
2022-09-30 12:58:44 [ main:1177 ] - [ INFO ] Tomcat initialized with port(s): 8090 (http)
2022-09-30 12:58:44 [ main:1183 ] - [ INFO ] Initializing ProtocolHandler ["http-nio-8090"]
2022-09-30 12:58:44 [ main:1183 ] - [ INFO ] Starting service [Tomcat]
2022-09-30 12:58:44 [ main:1183 ] - [ INFO ] Starting Servlet engine: [Apache Tomcat/9.0.63]
2022-09-30 12:58:44 [ main:1260 ] - [ INFO ] Initializing Spring embedded WebApplicationContext
2022-09-30 12:58:44 [ main:1261 ] - [ INFO ] Root WebApplicationContext: initialization completed in 778 ms
2022-09-30 12:58:44 [ main:1676 ] - [ WARN ] Cannot find template location: classpath:/templates/ (please add some templates or check your Thymeleaf configuration)
2022-09-30 12:58:44 [ main:1730 ] - [ INFO ] Starting ProtocolHandler ["http-nio-8090"]
2022-09-30 12:58:44 [ main:1742 ] - [ INFO ] Tomcat started on port(s): 8090 (http) with context path ''
2022-09-30 12:58:44 [ main:1749 ] - [ INFO ] Started DemoApplication in 1.636 seconds (JVM running for 2.401)
2022-09-30 12:58:52 [ http-nio-8090-exec-1:10081 ] - [ INFO ] Initializing Spring DispatcherServlet 'dispatcherServlet'
2022-09-30 12:58:52 [ http-nio-8090-exec-1:10081 ] - [ INFO ] Initializing Servlet 'dispatcherServlet'
2022-09-30 12:58:52 [ http-nio-8090-exec-1:10082 ] - [ INFO ] Completed initialization in 1 ms
2022-09-30 12:58:53 [ http-nio-8090-exec-2:10126 ] - [ INFO ] HikariPool-1 - Starting...
2022-09-30 12:58:53 [ http-nio-8090-exec-2:10333 ] - [ INFO ] HikariPool-1 - Start completed.
2022-09-30 13:35:54 [ SpringApplicationShutdownHook:2231608 ] - [ INFO ] HikariPool-1 - Shutdown initiated...
2022-09-30 13:35:54 [ SpringApplicationShutdownHook:2231615 ] - [ INFO ] HikariPool-1 - Shutdown completed.
