2022-06-28 00:06:05 [ HikariPool-1 housekeeper:836896 ] - [ WARN ] HikariPool-1 - Thread starvation or clock leap detected (housekeeper delta=14m21s430ms827µs800ns).
2022-06-28 00:06:05 [ SpringApplicationShutdownHook:837131 ] - [ INFO ] HikariPool-1 - Shutdown initiated...
2022-06-28 00:06:05 [ SpringApplicationShutdownHook:837146 ] - [ INFO ] HikariPool-1 - Shutdown completed.
2022-06-28 00:06:10 [ main:469 ] - [ INFO ] Starting DemoApplication using Java 1.8.0_332 on DESKTOP-VEBRSLS with PID 10292 (C:\Users\Clown\IdeaProjects\demo\target\classes started by Clown in C:\Users\Clown\IdeaProjects\demo)
2022-06-28 00:06:10 [ main:469 ] - [ INFO ] No active profile set, falling back to 1 default profile: "default"
2022-06-28 00:06:11 [ main:1220 ] - [ INFO ] Tomcat initialized with port(s): 8090 (http)
2022-06-28 00:06:11 [ main:1236 ] - [ INFO ] Initializing ProtocolHandler ["http-nio-8090"]
2022-06-28 00:06:11 [ main:1236 ] - [ INFO ] Starting service [Tomcat]
2022-06-28 00:06:11 [ main:1236 ] - [ INFO ] Starting Servlet engine: [Apache Tomcat/9.0.63]
2022-06-28 00:06:11 [ main:1315 ] - [ INFO ] Initializing Spring embedded WebApplicationContext
2022-06-28 00:06:11 [ main:1315 ] - [ INFO ] Root WebApplicationContext: initialization completed in 799 ms
2022-06-28 00:06:11 [ main:1737 ] - [ WARN ] Cannot find template location: classpath:/templates/ (please add some templates or check your Thymeleaf configuration)
2022-06-28 00:06:11 [ main:1784 ] - [ INFO ] Starting ProtocolHandler ["http-nio-8090"]
2022-06-28 00:06:11 [ main:1800 ] - [ INFO ] Tomcat started on port(s): 8090 (http) with context path ''
2022-06-28 00:06:11 [ main:1815 ] - [ INFO ] Started DemoApplication in 1.69 seconds (JVM running for 2.508)
2022-06-28 00:07:57 [ main:562 ] - [ INFO ] Starting DemoApplication using Java 1.8.0_332 on DESKTOP-VEBRSLS with PID 2752 (C:\Users\Clown\IdeaProjects\demo\target\classes started by Clown in C:\Users\Clown\IdeaProjects\demo)
2022-06-28 00:07:57 [ main:562 ] - [ INFO ] No active profile set, falling back to 1 default profile: "default"
2022-06-28 00:07:58 [ main:1345 ] - [ INFO ] Tomcat initialized with port(s): 8090 (http)
2022-06-28 00:07:58 [ main:1360 ] - [ INFO ] Initializing ProtocolHandler ["http-nio-8090"]
2022-06-28 00:07:58 [ main:1360 ] - [ INFO ] Starting service [Tomcat]
2022-06-28 00:07:58 [ main:1360 ] - [ INFO ] Starting Servlet engine: [Apache Tomcat/9.0.63]
2022-06-28 00:07:58 [ main:1439 ] - [ INFO ] Initializing Spring embedded WebApplicationContext
2022-06-28 00:07:58 [ main:1454 ] - [ INFO ] Root WebApplicationContext: initialization completed in 859 ms
2022-06-28 00:07:59 [ main:1877 ] - [ WARN ] Cannot find template location: classpath:/templates/ (please add some templates or check your Thymeleaf configuration)
2022-06-28 00:07:59 [ main:1940 ] - [ INFO ] Starting ProtocolHandler ["http-nio-8090"]
2022-06-28 00:07:59 [ main:1957 ] - [ INFO ] Tomcat started on port(s): 8090 (http) with context path ''
2022-06-28 00:07:59 [ main:1957 ] - [ INFO ] Started DemoApplication in 1.778 seconds (JVM running for 2.621)
2022-06-28 00:08:07 [ main:470 ] - [ INFO ] Starting DemoApplication using Java 1.8.0_332 on DESKTOP-VEBRSLS with PID 1860 (C:\Users\Clown\IdeaProjects\demo\target\classes started by Clown in C:\Users\Clown\IdeaProjects\demo)
2022-06-28 00:08:07 [ main:470 ] - [ INFO ] No active profile set, falling back to 1 default profile: "default"
2022-06-28 00:08:07 [ main:1237 ] - [ INFO ] Tomcat initialized with port(s): 8090 (http)
2022-06-28 00:08:07 [ main:1237 ] - [ INFO ] Initializing ProtocolHandler ["http-nio-8090"]
2022-06-28 00:08:07 [ main:1237 ] - [ INFO ] Starting service [Tomcat]
2022-06-28 00:08:07 [ main:1237 ] - [ INFO ] Starting Servlet engine: [Apache Tomcat/9.0.63]
2022-06-28 00:08:07 [ main:1315 ] - [ INFO ] Initializing Spring embedded WebApplicationContext
2022-06-28 00:08:07 [ main:1315 ] - [ INFO ] Root WebApplicationContext: initialization completed in 814 ms
2022-06-28 00:08:08 [ main:1737 ] - [ WARN ] Cannot find template location: classpath:/templates/ (please add some templates or check your Thymeleaf configuration)
2022-06-28 00:08:08 [ main:1799 ] - [ INFO ] Starting ProtocolHandler ["http-nio-8090"]
2022-06-28 00:08:08 [ main:1815 ] - [ INFO ] Tomcat started on port(s): 8090 (http) with context path ''
2022-06-28 00:08:08 [ main:1815 ] - [ INFO ] Started DemoApplication in 1.699 seconds (JVM running for 2.444)
2022-06-28 00:08:13 [ http-nio-8090-exec-1:7366 ] - [ INFO ] Initializing Spring DispatcherServlet 'dispatcherServlet'
2022-06-28 00:08:13 [ http-nio-8090-exec-1:7366 ] - [ INFO ] Initializing Servlet 'dispatcherServlet'
2022-06-28 00:08:13 [ http-nio-8090-exec-1:7367 ] - [ INFO ] Completed initialization in 1 ms
2022-06-28 00:08:13 [ http-nio-8090-exec-1:7412 ] - [ INFO ] HikariPool-1 - Starting...
2022-06-28 00:08:14 [ http-nio-8090-exec-1:7627 ] - [ INFO ] HikariPool-1 - Start completed.
2022-06-28 00:11:00 [ HikariPool-1 housekeeper:174331 ] - [ WARN ] HikariPool-1 - Thread starvation or clock leap detected (housekeeper delta=3m16s705ms31µs700ns).
2022-06-28 00:11:01 [ SpringApplicationShutdownHook:174567 ] - [ INFO ] HikariPool-1 - Shutdown initiated...
2022-06-28 00:11:01 [ SpringApplicationShutdownHook:174567 ] - [ INFO ] HikariPool-1 - Shutdown completed.
2022-06-28 00:11:05 [ main:470 ] - [ INFO ] Starting DemoApplication using Java 1.8.0_332 on DESKTOP-VEBRSLS with PID 14260 (C:\Users\Clown\IdeaProjects\demo\target\classes started by Clown in C:\Users\Clown\IdeaProjects\demo)
2022-06-28 00:11:05 [ main:485 ] - [ INFO ] No active profile set, falling back to 1 default profile: "default"
2022-06-28 00:11:06 [ main:1237 ] - [ INFO ] Tomcat initialized with port(s): 8090 (http)
2022-06-28 00:11:06 [ main:1237 ] - [ INFO ] Initializing ProtocolHandler ["http-nio-8090"]
2022-06-28 00:11:06 [ main:1237 ] - [ INFO ] Starting service [Tomcat]
2022-06-28 00:11:06 [ main:1237 ] - [ INFO ] Starting Servlet engine: [Apache Tomcat/9.0.63]
2022-06-28 00:11:06 [ main:1330 ] - [ INFO ] Initializing Spring embedded WebApplicationContext
2022-06-28 00:11:06 [ main:1330 ] - [ INFO ] Root WebApplicationContext: initialization completed in 813 ms
2022-06-28 00:11:06 [ main:1784 ] - [ WARN ] Cannot find template location: classpath:/templates/ (please add some templates or check your Thymeleaf configuration)
2022-06-28 00:11:06 [ main:1846 ] - [ INFO ] Starting ProtocolHandler ["http-nio-8090"]
2022-06-28 00:11:06 [ main:1862 ] - [ INFO ] Tomcat started on port(s): 8090 (http) with context path ''
2022-06-28 00:11:06 [ main:1877 ] - [ INFO ] Started DemoApplication in 1.752 seconds (JVM running for 2.494)
2022-06-28 00:11:17 [ http-nio-8090-exec-1:12060 ] - [ INFO ] Initializing Spring DispatcherServlet 'dispatcherServlet'
2022-06-28 00:11:17 [ http-nio-8090-exec-1:12060 ] - [ INFO ] Initializing Servlet 'dispatcherServlet'
2022-06-28 00:11:17 [ http-nio-8090-exec-1:12060 ] - [ INFO ] Completed initialization in 0 ms
2022-06-28 00:11:17 [ http-nio-8090-exec-3:12106 ] - [ INFO ] HikariPool-1 - Starting...
2022-06-28 00:11:17 [ http-nio-8090-exec-3:12326 ] - [ INFO ] HikariPool-1 - Start completed.
2022-06-28 00:11:38 [ HikariPool-1 housekeeper:33110 ] - [ WARN ] HikariPool-1 - Thread starvation or clock leap detected (housekeeper delta=50s756ms162µs500ns).
2022-06-28 00:11:38 [ SpringApplicationShutdownHook:33314 ] - [ INFO ] HikariPool-1 - Shutdown initiated...
2022-06-28 00:11:38 [ SpringApplicationShutdownHook:33330 ] - [ INFO ] HikariPool-1 - Shutdown completed.
2022-06-28 00:11:42 [ main:485 ] - [ INFO ] Starting DemoApplication using Java 1.8.0_332 on DESKTOP-VEBRSLS with PID 10200 (C:\Users\Clown\IdeaProjects\demo\target\classes started by Clown in C:\Users\Clown\IdeaProjects\demo)
2022-06-28 00:11:42 [ main:485 ] - [ INFO ] No active profile set, falling back to 1 default profile: "default"
2022-06-28 00:11:43 [ main:1252 ] - [ INFO ] Tomcat initialized with port(s): 8090 (http)
2022-06-28 00:11:43 [ main:1252 ] - [ INFO ] Initializing ProtocolHandler ["http-nio-8090"]
2022-06-28 00:11:43 [ main:1252 ] - [ INFO ] Starting service [Tomcat]
2022-06-28 00:11:43 [ main:1252 ] - [ INFO ] Starting Servlet engine: [Apache Tomcat/9.0.63]
2022-06-28 00:11:43 [ main:1345 ] - [ INFO ] Initializing Spring embedded WebApplicationContext
2022-06-28 00:11:43 [ main:1345 ] - [ INFO ] Root WebApplicationContext: initialization completed in 829 ms
2022-06-28 00:11:43 [ main:1769 ] - [ WARN ] Cannot find template location: classpath:/templates/ (please add some templates or check your Thymeleaf configuration)
2022-06-28 00:11:43 [ main:1831 ] - [ INFO ] Starting ProtocolHandler ["http-nio-8090"]
2022-06-28 00:11:43 [ main:1847 ] - [ INFO ] Tomcat started on port(s): 8090 (http) with context path ''
2022-06-28 00:11:43 [ main:1847 ] - [ INFO ] Started DemoApplication in 1.733 seconds (JVM running for 2.456)
2022-06-28 00:11:47 [ http-nio-8090-exec-2:5540 ] - [ INFO ] Initializing Spring DispatcherServlet 'dispatcherServlet'
2022-06-28 00:11:47 [ http-nio-8090-exec-2:5540 ] - [ INFO ] Initializing Servlet 'dispatcherServlet'
2022-06-28 00:11:47 [ http-nio-8090-exec-2:5541 ] - [ INFO ] Completed initialization in 0 ms
2022-06-28 00:11:47 [ http-nio-8090-exec-2:5586 ] - [ INFO ] HikariPool-1 - Starting...
2022-06-28 00:11:47 [ http-nio-8090-exec-2:5803 ] - [ INFO ] HikariPool-1 - Start completed.
2022-06-28 00:12:58 [ HikariPool-1 housekeeper:76277 ] - [ WARN ] HikariPool-1 - Thread starvation or clock leap detected (housekeeper delta=1m40s475ms171µs).
2022-06-28 00:12:58 [ SpringApplicationShutdownHook:76574 ] - [ INFO ] HikariPool-1 - Shutdown initiated...
2022-06-28 00:12:58 [ SpringApplicationShutdownHook:76574 ] - [ INFO ] HikariPool-1 - Shutdown completed.
2022-06-28 00:13:02 [ main:420 ] - [ INFO ] Starting DemoApplication using Java 1.8.0_332 on DESKTOP-VEBRSLS with PID 12556 (C:\Users\Clown\IdeaProjects\demo\target\classes started by Clown in C:\Users\Clown\IdeaProjects\demo)
2022-06-28 00:13:02 [ main:420 ] - [ INFO ] No active profile set, falling back to 1 default profile: "default"
2022-06-28 00:13:03 [ main:1107 ] - [ INFO ] Tomcat initialized with port(s): 8090 (http)
2022-06-28 00:13:03 [ main:1123 ] - [ INFO ] Initializing ProtocolHandler ["http-nio-8090"]
2022-06-28 00:13:03 [ main:1123 ] - [ INFO ] Starting service [Tomcat]
2022-06-28 00:13:03 [ main:1123 ] - [ INFO ] Starting Servlet engine: [Apache Tomcat/9.0.63]
2022-06-28 00:13:03 [ main:1185 ] - [ INFO ] Initializing Spring embedded WebApplicationContext
2022-06-28 00:13:03 [ main:1185 ] - [ INFO ] Root WebApplicationContext: initialization completed in 733 ms
2022-06-28 00:13:03 [ main:1546 ] - [ WARN ] Cannot find template location: classpath:/templates/ (please add some templates or check your Thymeleaf configuration)
2022-06-28 00:13:03 [ main:1624 ] - [ INFO ] Starting ProtocolHandler ["http-nio-8090"]
2022-06-28 00:13:04 [ main:1639 ] - [ INFO ] Tomcat started on port(s): 8090 (http) with context path ''
2022-06-28 00:13:04 [ main:1639 ] - [ INFO ] Started DemoApplication in 1.533 seconds (JVM running for 2.268)
2022-06-28 00:17:55 [ main:392 ] - [ INFO ] Starting DemoApplication using Java 1.8.0_332 on DESKTOP-VEBRSLS with PID 9200 (C:\Users\Clown\IdeaProjects\demo\target\classes started by Clown in C:\Users\Clown\IdeaProjects\demo)
2022-06-28 00:17:55 [ main:392 ] - [ INFO ] No active profile set, falling back to 1 default profile: "default"
2022-06-28 00:17:55 [ main:1065 ] - [ INFO ] Tomcat initialized with port(s): 8090 (http)
2022-06-28 00:17:55 [ main:1081 ] - [ INFO ] Initializing ProtocolHandler ["http-nio-8090"]
2022-06-28 00:17:55 [ main:1081 ] - [ INFO ] Starting service [Tomcat]
2022-06-28 00:17:55 [ main:1081 ] - [ INFO ] Starting Servlet engine: [Apache Tomcat/9.0.63]
2022-06-28 00:17:55 [ main:1159 ] - [ INFO ] Initializing Spring embedded WebApplicationContext
2022-06-28 00:17:55 [ main:1159 ] - [ INFO ] Root WebApplicationContext: initialization completed in 736 ms
2022-06-28 00:17:56 [ main:1488 ] - [ WARN ] Cannot find template location: classpath:/templates/ (please add some templates or check your Thymeleaf configuration)
2022-06-28 00:17:56 [ main:1566 ] - [ INFO ] Starting ProtocolHandler ["http-nio-8090"]
2022-06-28 00:17:56 [ main:1582 ] - [ INFO ] Tomcat started on port(s): 8090 (http) with context path ''
2022-06-28 00:17:56 [ main:1582 ] - [ INFO ] Started DemoApplication in 1.479 seconds (JVM running for 2.148)
2022-06-28 00:18:01 [ http-nio-8090-exec-1:6571 ] - [ INFO ] Initializing Spring DispatcherServlet 'dispatcherServlet'
2022-06-28 00:18:01 [ http-nio-8090-exec-1:6571 ] - [ INFO ] Initializing Servlet 'dispatcherServlet'
2022-06-28 00:18:01 [ http-nio-8090-exec-1:6572 ] - [ INFO ] Completed initialization in 1 ms
2022-06-28 00:18:01 [ http-nio-8090-exec-2:6610 ] - [ INFO ] HikariPool-1 - Starting...
2022-06-28 00:18:01 [ http-nio-8090-exec-2:6794 ] - [ INFO ] HikariPool-1 - Start completed.
2022-06-28 00:28:15 [ SpringApplicationShutdownHook:621130 ] - [ INFO ] HikariPool-1 - Shutdown initiated...
2022-06-28 00:28:15 [ SpringApplicationShutdownHook:621135 ] - [ INFO ] HikariPool-1 - Shutdown completed.
2022-06-28 00:28:20 [ main:398 ] - [ INFO ] Starting DemoApplication using Java 1.8.0_332 on DESKTOP-VEBRSLS with PID 12328 (C:\Users\Clown\IdeaProjects\demo\target\classes started by Clown in C:\Users\Clown\IdeaProjects\demo)
2022-06-28 00:28:20 [ main:400 ] - [ INFO ] No active profile set, falling back to 1 default profile: "default"
2022-06-28 00:28:20 [ main:1103 ] - [ INFO ] Tomcat initialized with port(s): 8090 (http)
2022-06-28 00:28:20 [ main:1110 ] - [ INFO ] Initializing ProtocolHandler ["http-nio-8090"]
2022-06-28 00:28:20 [ main:1110 ] - [ INFO ] Starting service [Tomcat]
2022-06-28 00:28:20 [ main:1110 ] - [ INFO ] Starting Servlet engine: [Apache Tomcat/9.0.63]
2022-06-28 00:28:21 [ main:1192 ] - [ INFO ] Initializing Spring embedded WebApplicationContext
2022-06-28 00:28:21 [ main:1192 ] - [ INFO ] Root WebApplicationContext: initialization completed in 761 ms
2022-06-28 00:28:21 [ main:1532 ] - [ WARN ] Cannot find template location: classpath:/templates/ (please add some templates or check your Thymeleaf configuration)
2022-06-28 00:28:21 [ main:1609 ] - [ INFO ] Starting ProtocolHandler ["http-nio-8090"]
2022-06-28 00:28:21 [ main:1621 ] - [ INFO ] Tomcat started on port(s): 8090 (http) with context path ''
2022-06-28 00:28:21 [ main:1629 ] - [ INFO ] Started DemoApplication in 1.525 seconds (JVM running for 2.303)
2022-06-28 00:28:35 [ http-nio-8090-exec-1:15120 ] - [ INFO ] Initializing Spring DispatcherServlet 'dispatcherServlet'
2022-06-28 00:28:35 [ http-nio-8090-exec-1:15120 ] - [ INFO ] Initializing Servlet 'dispatcherServlet'
2022-06-28 00:28:35 [ http-nio-8090-exec-1:15121 ] - [ INFO ] Completed initialization in 1 ms
2022-06-28 00:28:35 [ http-nio-8090-exec-1:15198 ] - [ INFO ] HikariPool-1 - Starting...
2022-06-28 00:28:35 [ http-nio-8090-exec-1:15396 ] - [ INFO ] HikariPool-1 - Start completed.
2022-06-28 00:29:38 [ SpringApplicationShutdownHook:78373 ] - [ INFO ] HikariPool-1 - Shutdown initiated...
2022-06-28 00:29:38 [ SpringApplicationShutdownHook:78380 ] - [ INFO ] HikariPool-1 - Shutdown completed.
2022-06-28 00:29:42 [ main:419 ] - [ INFO ] Starting DemoApplication using Java 1.8.0_332 on DESKTOP-VEBRSLS with PID 17944 (C:\Users\Clown\IdeaProjects\demo\target\classes started by Clown in C:\Users\Clown\IdeaProjects\demo)
2022-06-28 00:29:42 [ main:420 ] - [ INFO ] No active profile set, falling back to 1 default profile: "default"
2022-06-28 00:29:43 [ main:1094 ] - [ INFO ] Tomcat initialized with port(s): 8090 (http)
2022-06-28 00:29:43 [ main:1100 ] - [ INFO ] Initializing ProtocolHandler ["http-nio-8090"]
2022-06-28 00:29:43 [ main:1100 ] - [ INFO ] Starting service [Tomcat]
2022-06-28 00:29:43 [ main:1100 ] - [ INFO ] Starting Servlet engine: [Apache Tomcat/9.0.63]
2022-06-28 00:29:43 [ main:1174 ] - [ INFO ] Initializing Spring embedded WebApplicationContext
2022-06-28 00:29:43 [ main:1174 ] - [ INFO ] Root WebApplicationContext: initialization completed in 723 ms
2022-06-28 00:29:43 [ main:1511 ] - [ WARN ] Cannot find template location: classpath:/templates/ (please add some templates or check your Thymeleaf configuration)
2022-06-28 00:29:43 [ main:1588 ] - [ INFO ] Starting ProtocolHandler ["http-nio-8090"]
2022-06-28 00:29:43 [ main:1599 ] - [ INFO ] Tomcat started on port(s): 8090 (http) with context path ''
2022-06-28 00:29:43 [ main:1606 ] - [ INFO ] Started DemoApplication in 1.499 seconds (JVM running for 2.235)
2022-06-28 00:29:56 [ http-nio-8090-exec-1:14833 ] - [ INFO ] Initializing Spring DispatcherServlet 'dispatcherServlet'
2022-06-28 00:29:56 [ http-nio-8090-exec-1:14834 ] - [ INFO ] Initializing Servlet 'dispatcherServlet'
2022-06-28 00:29:56 [ http-nio-8090-exec-1:14834 ] - [ INFO ] Completed initialization in 0 ms
2022-06-28 00:29:56 [ http-nio-8090-exec-1:14869 ] - [ INFO ] HikariPool-1 - Starting...
2022-06-28 00:29:56 [ http-nio-8090-exec-1:15049 ] - [ INFO ] HikariPool-1 - Start completed.
2022-06-28 00:31:09 [ SpringApplicationShutdownHook:87400 ] - [ INFO ] HikariPool-1 - Shutdown initiated...
2022-06-28 00:31:09 [ SpringApplicationShutdownHook:87406 ] - [ INFO ] HikariPool-1 - Shutdown completed.
2022-06-28 12:32:27 [ main:555 ] - [ INFO ] Starting DemoApplication using Java 1.8.0_332 on DESKTOP-VEBRSLS with PID 16596 (C:\Users\Clown\IdeaProjects\demo\target\classes started by Clown in C:\Users\Clown\IdeaProjects\demo)
2022-06-28 12:32:27 [ main:558 ] - [ INFO ] No active profile set, falling back to 1 default profile: "default"
2022-06-28 12:32:28 [ main:1362 ] - [ INFO ] Tomcat initialized with port(s): 8090 (http)
2022-06-28 12:32:28 [ main:1369 ] - [ INFO ] Initializing ProtocolHandler ["http-nio-8090"]
2022-06-28 12:32:28 [ main:1369 ] - [ INFO ] Starting service [Tomcat]
2022-06-28 12:32:28 [ main:1369 ] - [ INFO ] Starting Servlet engine: [Apache Tomcat/9.0.63]
2022-06-28 12:32:28 [ main:1461 ] - [ INFO ] Initializing Spring embedded WebApplicationContext
2022-06-28 12:32:28 [ main:1461 ] - [ INFO ] Root WebApplicationContext: initialization completed in 864 ms
2022-06-28 12:32:29 [ main:1871 ] - [ WARN ] Cannot find template location: classpath:/templates/ (please add some templates or check your Thymeleaf configuration)
2022-06-28 12:32:29 [ main:1953 ] - [ INFO ] Starting ProtocolHandler ["http-nio-8090"]
2022-06-28 12:32:29 [ main:1966 ] - [ INFO ] Tomcat started on port(s): 8090 (http) with context path ''
2022-06-28 12:32:29 [ main:1973 ] - [ INFO ] Started DemoApplication in 1.819 seconds (JVM running for 2.643)
2022-06-28 12:33:13 [ http-nio-8090-exec-1:46483 ] - [ INFO ] Initializing Spring DispatcherServlet 'dispatcherServlet'
2022-06-28 12:33:13 [ http-nio-8090-exec-1:46484 ] - [ INFO ] Initializing Servlet 'dispatcherServlet'
2022-06-28 12:33:13 [ http-nio-8090-exec-1:46484 ] - [ INFO ] Completed initialization in 0 ms
2022-06-28 12:33:13 [ http-nio-8090-exec-1:46576 ] - [ INFO ] HikariPool-1 - Starting...
2022-06-28 12:33:14 [ http-nio-8090-exec-1:46866 ] - [ INFO ] HikariPool-1 - Start completed.
2022-06-28 13:25:40 [ SpringApplicationShutdownHook:3193460 ] - [ INFO ] HikariPool-1 - Shutdown initiated...
2022-06-28 13:25:40 [ SpringApplicationShutdownHook:3193465 ] - [ INFO ] HikariPool-1 - Shutdown completed.
2022-06-28 13:25:46 [ main:510 ] - [ INFO ] Starting DemoApplication using Java 1.8.0_332 on DESKTOP-VEBRSLS with PID 26588 (C:\Users\Clown\IdeaProjects\demo\target\classes started by Clown in C:\Users\Clown\IdeaProjects\demo)
2022-06-28 13:25:46 [ main:512 ] - [ INFO ] No active profile set, falling back to 1 default profile: "default"
2022-06-28 13:25:47 [ main:1238 ] - [ INFO ] Tomcat initialized with port(s): 8090 (http)
2022-06-28 13:25:47 [ main:1244 ] - [ INFO ] Initializing ProtocolHandler ["http-nio-8090"]
2022-06-28 13:25:47 [ main:1244 ] - [ INFO ] Starting service [Tomcat]
2022-06-28 13:25:47 [ main:1244 ] - [ INFO ] Starting Servlet engine: [Apache Tomcat/9.0.63]
2022-06-28 13:25:47 [ main:1320 ] - [ INFO ] Initializing Spring embedded WebApplicationContext
2022-06-28 13:25:47 [ main:1321 ] - [ INFO ] Root WebApplicationContext: initialization completed in 777 ms
2022-06-28 13:25:47 [ main:1661 ] - [ WARN ] Cannot find template location: classpath:/templates/ (please add some templates or check your Thymeleaf configuration)
2022-06-28 13:25:47 [ main:1738 ] - [ INFO ] Starting ProtocolHandler ["http-nio-8090"]
2022-06-28 13:25:47 [ main:1750 ] - [ INFO ] Tomcat started on port(s): 8090 (http) with context path ''
2022-06-28 13:25:47 [ main:1757 ] - [ INFO ] Started DemoApplication in 1.642 seconds (JVM running for 2.473)
2022-06-28 13:26:00 [ http-nio-8090-exec-1:14158 ] - [ INFO ] Initializing Spring DispatcherServlet 'dispatcherServlet'
2022-06-28 13:26:00 [ http-nio-8090-exec-1:14158 ] - [ INFO ] Initializing Servlet 'dispatcherServlet'
2022-06-28 13:26:00 [ http-nio-8090-exec-1:14159 ] - [ INFO ] Completed initialization in 1 ms
2022-06-28 13:26:00 [ http-nio-8090-exec-2:14197 ] - [ INFO ] HikariPool-1 - Starting...
2022-06-28 13:26:00 [ http-nio-8090-exec-2:14387 ] - [ INFO ] HikariPool-1 - Start completed.
2022-06-28 13:38:32 [ SpringApplicationShutdownHook:766223 ] - [ INFO ] HikariPool-1 - Shutdown initiated...
2022-06-28 13:38:32 [ SpringApplicationShutdownHook:766229 ] - [ INFO ] HikariPool-1 - Shutdown completed.
2022-06-28 13:38:37 [ main:432 ] - [ INFO ] Starting DemoApplication using Java 1.8.0_332 on DESKTOP-VEBRSLS with PID 1700 (C:\Users\Clown\IdeaProjects\demo\target\classes started by Clown in C:\Users\Clown\IdeaProjects\demo)
2022-06-28 13:38:37 [ main:434 ] - [ INFO ] No active profile set, falling back to 1 default profile: "default"
2022-06-28 13:38:38 [ main:1175 ] - [ INFO ] Tomcat initialized with port(s): 8090 (http)
2022-06-28 13:38:38 [ main:1180 ] - [ INFO ] Initializing ProtocolHandler ["http-nio-8090"]
2022-06-28 13:38:38 [ main:1181 ] - [ INFO ] Starting service [Tomcat]
2022-06-28 13:38:38 [ main:1181 ] - [ INFO ] Starting Servlet engine: [Apache Tomcat/9.0.63]
2022-06-28 13:38:38 [ main:1257 ] - [ INFO ] Initializing Spring embedded WebApplicationContext
2022-06-28 13:38:38 [ main:1257 ] - [ INFO ] Root WebApplicationContext: initialization completed in 792 ms
2022-06-28 13:38:38 [ main:1625 ] - [ WARN ] Cannot find template location: classpath:/templates/ (please add some templates or check your Thymeleaf configuration)
2022-06-28 13:38:38 [ main:1715 ] - [ INFO ] Starting ProtocolHandler ["http-nio-8090"]
2022-06-28 13:38:38 [ main:1727 ] - [ INFO ] Tomcat started on port(s): 8090 (http) with context path ''
2022-06-28 13:38:38 [ main:1734 ] - [ INFO ] Started DemoApplication in 1.625 seconds (JVM running for 2.293)
2022-06-28 13:38:55 [ http-nio-8090-exec-3:18551 ] - [ INFO ] Initializing Spring DispatcherServlet 'dispatcherServlet'
2022-06-28 13:38:55 [ http-nio-8090-exec-3:18551 ] - [ INFO ] Initializing Servlet 'dispatcherServlet'
2022-06-28 13:38:55 [ http-nio-8090-exec-3:18552 ] - [ INFO ] Completed initialization in 0 ms
2022-06-28 13:38:55 [ http-nio-8090-exec-1:18592 ] - [ INFO ] HikariPool-1 - Starting...
2022-06-28 13:38:55 [ http-nio-8090-exec-1:18783 ] - [ INFO ] HikariPool-1 - Start completed.
2022-06-28 13:39:16 [ SpringApplicationShutdownHook:39375 ] - [ INFO ] HikariPool-1 - Shutdown initiated...
2022-06-28 13:39:16 [ SpringApplicationShutdownHook:39380 ] - [ INFO ] HikariPool-1 - Shutdown completed.
2022-06-28 13:39:20 [ main:462 ] - [ INFO ] Starting DemoApplication using Java 1.8.0_332 on DESKTOP-VEBRSLS with PID 26524 (C:\Users\Clown\IdeaProjects\demo\target\classes started by Clown in C:\Users\Clown\IdeaProjects\demo)
2022-06-28 13:39:20 [ main:464 ] - [ INFO ] No active profile set, falling back to 1 default profile: "default"
2022-06-28 13:39:20 [ main:1247 ] - [ INFO ] Tomcat initialized with port(s): 8090 (http)
2022-06-28 13:39:20 [ main:1254 ] - [ INFO ] Initializing ProtocolHandler ["http-nio-8090"]
2022-06-28 13:39:20 [ main:1254 ] - [ INFO ] Starting service [Tomcat]
2022-06-28 13:39:20 [ main:1254 ] - [ INFO ] Starting Servlet engine: [Apache Tomcat/9.0.63]
2022-06-28 13:39:21 [ main:1343 ] - [ INFO ] Initializing Spring embedded WebApplicationContext
2022-06-28 13:39:21 [ main:1344 ] - [ INFO ] Root WebApplicationContext: initialization completed in 846 ms
2022-06-28 13:39:21 [ main:1825 ] - [ WARN ] Cannot find template location: classpath:/templates/ (please add some templates or check your Thymeleaf configuration)
2022-06-28 13:39:21 [ main:1887 ] - [ INFO ] Starting ProtocolHandler ["http-nio-8090"]
2022-06-28 13:39:21 [ main:1901 ] - [ INFO ] Tomcat started on port(s): 8090 (http) with context path ''
2022-06-28 13:39:21 [ main:1908 ] - [ INFO ] Started DemoApplication in 1.792 seconds (JVM running for 3.243)
2022-06-28 13:39:26 [ http-nio-8090-exec-1:6795 ] - [ INFO ] Initializing Spring DispatcherServlet 'dispatcherServlet'
2022-06-28 13:39:26 [ http-nio-8090-exec-1:6795 ] - [ INFO ] Initializing Servlet 'dispatcherServlet'
2022-06-28 13:39:26 [ http-nio-8090-exec-1:6796 ] - [ INFO ] Completed initialization in 1 ms
2022-06-28 13:39:26 [ http-nio-8090-exec-1:6846 ] - [ INFO ] HikariPool-1 - Starting...
2022-06-28 13:39:26 [ http-nio-8090-exec-1:7078 ] - [ INFO ] HikariPool-1 - Start completed.
2022-06-28 13:39:54 [ HikariPool-1 housekeeper:34947 ] - [ WARN ] HikariPool-1 - Thread starvation or clock leap detected (housekeeper delta=56s293ms647µs300ns).
2022-06-28 13:40:16 [ SpringApplicationShutdownHook:56933 ] - [ INFO ] HikariPool-1 - Shutdown initiated...
2022-06-28 13:40:16 [ SpringApplicationShutdownHook:56938 ] - [ INFO ] HikariPool-1 - Shutdown completed.
2022-06-28 13:40:18 [ main:401 ] - [ INFO ] Starting DemoApplication using Java 1.8.0_332 on DESKTOP-VEBRSLS with PID 12856 (C:\Users\Clown\IdeaProjects\demo\target\classes started by Clown in C:\Users\Clown\IdeaProjects\demo)
2022-06-28 13:40:18 [ main:403 ] - [ INFO ] No active profile set, falling back to 1 default profile: "default"
2022-06-28 13:40:19 [ main:1080 ] - [ INFO ] Tomcat initialized with port(s): 8090 (http)
2022-06-28 13:40:19 [ main:1086 ] - [ INFO ] Initializing ProtocolHandler ["http-nio-8090"]
2022-06-28 13:40:19 [ main:1086 ] - [ INFO ] Starting service [Tomcat]
2022-06-28 13:40:19 [ main:1086 ] - [ INFO ] Starting Servlet engine: [Apache Tomcat/9.0.63]
2022-06-28 13:40:19 [ main:1162 ] - [ INFO ] Initializing Spring embedded WebApplicationContext
2022-06-28 13:40:19 [ main:1162 ] - [ INFO ] Root WebApplicationContext: initialization completed in 730 ms
2022-06-28 13:40:19 [ main:1518 ] - [ WARN ] Cannot find template location: classpath:/templates/ (please add some templates or check your Thymeleaf configuration)
2022-06-28 13:40:19 [ main:1600 ] - [ INFO ] Starting ProtocolHandler ["http-nio-8090"]
2022-06-28 13:40:19 [ main:1613 ] - [ INFO ] Tomcat started on port(s): 8090 (http) with context path ''
2022-06-28 13:40:19 [ main:1619 ] - [ INFO ] Started DemoApplication in 1.518 seconds (JVM running for 2.331)
2022-06-28 13:40:27 [ http-nio-8090-exec-1:9224 ] - [ INFO ] Initializing Spring DispatcherServlet 'dispatcherServlet'
2022-06-28 13:40:27 [ http-nio-8090-exec-1:9224 ] - [ INFO ] Initializing Servlet 'dispatcherServlet'
2022-06-28 13:40:27 [ http-nio-8090-exec-1:9224 ] - [ INFO ] Completed initialization in 0 ms
2022-06-28 13:40:27 [ http-nio-8090-exec-3:9263 ] - [ INFO ] HikariPool-1 - Starting...
2022-06-28 13:40:27 [ http-nio-8090-exec-3:9458 ] - [ INFO ] HikariPool-1 - Start completed.
2022-06-28 13:47:17 [ SpringApplicationShutdownHook:418995 ] - [ INFO ] HikariPool-1 - Shutdown initiated...
2022-06-28 13:47:17 [ SpringApplicationShutdownHook:419002 ] - [ INFO ] HikariPool-1 - Shutdown completed.
2022-06-28 13:47:19 [ main:419 ] - [ INFO ] Starting DemoApplication using Java 1.8.0_332 on DESKTOP-VEBRSLS with PID 22684 (C:\Users\Clown\IdeaProjects\demo\target\classes started by Clown in C:\Users\Clown\IdeaProjects\demo)
2022-06-28 13:47:19 [ main:421 ] - [ INFO ] No active profile set, falling back to 1 default profile: "default"
2022-06-28 13:47:20 [ main:1155 ] - [ INFO ] Tomcat initialized with port(s): 8090 (http)
2022-06-28 13:47:20 [ main:1161 ] - [ INFO ] Initializing ProtocolHandler ["http-nio-8090"]
2022-06-28 13:47:20 [ main:1162 ] - [ INFO ] Starting service [Tomcat]
2022-06-28 13:47:20 [ main:1162 ] - [ INFO ] Starting Servlet engine: [Apache Tomcat/9.0.63]
2022-06-28 13:47:20 [ main:1243 ] - [ INFO ] Initializing Spring embedded WebApplicationContext
2022-06-28 13:47:20 [ main:1243 ] - [ INFO ] Root WebApplicationContext: initialization completed in 791 ms
2022-06-28 13:47:20 [ main:1601 ] - [ WARN ] Cannot find template location: classpath:/templates/ (please add some templates or check your Thymeleaf configuration)
2022-06-28 13:47:21 [ main:1685 ] - [ INFO ] Starting ProtocolHandler ["http-nio-8090"]
2022-06-28 13:47:21 [ main:1697 ] - [ INFO ] Tomcat started on port(s): 8090 (http) with context path ''
2022-06-28 13:47:21 [ main:1704 ] - [ INFO ] Started DemoApplication in 1.597 seconds (JVM running for 2.314)
2022-06-28 13:47:28 [ http-nio-8090-exec-1:8787 ] - [ INFO ] Initializing Spring DispatcherServlet 'dispatcherServlet'
2022-06-28 13:47:28 [ http-nio-8090-exec-1:8787 ] - [ INFO ] Initializing Servlet 'dispatcherServlet'
2022-06-28 13:47:28 [ http-nio-8090-exec-1:8787 ] - [ INFO ] Completed initialization in 0 ms
2022-06-28 13:47:28 [ http-nio-8090-exec-2:8829 ] - [ INFO ] HikariPool-1 - Starting...
2022-06-28 13:47:28 [ http-nio-8090-exec-2:9040 ] - [ INFO ] HikariPool-1 - Start completed.
2022-06-28 13:48:06 [ SpringApplicationShutdownHook:47479 ] - [ INFO ] HikariPool-1 - Shutdown initiated...
2022-06-28 13:48:06 [ SpringApplicationShutdownHook:47487 ] - [ INFO ] HikariPool-1 - Shutdown completed.
2022-06-28 13:48:09 [ main:406 ] - [ INFO ] Starting DemoApplication using Java 1.8.0_332 on DESKTOP-VEBRSLS with PID 25660 (C:\Users\Clown\IdeaProjects\demo\target\classes started by Clown in C:\Users\Clown\IdeaProjects\demo)
2022-06-28 13:48:09 [ main:408 ] - [ INFO ] No active profile set, falling back to 1 default profile: "default"
2022-06-28 13:48:09 [ main:1094 ] - [ INFO ] Tomcat initialized with port(s): 8090 (http)
2022-06-28 13:48:10 [ main:1100 ] - [ INFO ] Initializing ProtocolHandler ["http-nio-8090"]
2022-06-28 13:48:10 [ main:1100 ] - [ INFO ] Starting service [Tomcat]
2022-06-28 13:48:10 [ main:1100 ] - [ INFO ] Starting Servlet engine: [Apache Tomcat/9.0.63]
2022-06-28 13:48:10 [ main:1177 ] - [ INFO ] Initializing Spring embedded WebApplicationContext
2022-06-28 13:48:10 [ main:1177 ] - [ INFO ] Root WebApplicationContext: initialization completed in 739 ms
2022-06-28 13:48:10 [ main:1528 ] - [ WARN ] Cannot find template location: classpath:/templates/ (please add some templates or check your Thymeleaf configuration)
2022-06-28 13:48:10 [ main:1609 ] - [ INFO ] Starting ProtocolHandler ["http-nio-8090"]
2022-06-28 13:48:10 [ main:1620 ] - [ INFO ] Tomcat started on port(s): 8090 (http) with context path ''
2022-06-28 13:48:10 [ main:1627 ] - [ INFO ] Started DemoApplication in 1.524 seconds (JVM running for 2.224)
2022-06-28 13:48:19 [ http-nio-8090-exec-1:10999 ] - [ INFO ] Initializing Spring DispatcherServlet 'dispatcherServlet'
2022-06-28 13:48:19 [ http-nio-8090-exec-1:10999 ] - [ INFO ] Initializing Servlet 'dispatcherServlet'
2022-06-28 13:48:19 [ http-nio-8090-exec-1:11000 ] - [ INFO ] Completed initialization in 1 ms
2022-06-28 13:48:19 [ http-nio-8090-exec-2:11044 ] - [ INFO ] HikariPool-1 - Starting...
2022-06-28 13:48:20 [ http-nio-8090-exec-2:11250 ] - [ INFO ] HikariPool-1 - Start completed.
2022-06-28 13:52:10 [ SpringApplicationShutdownHook:241667 ] - [ INFO ] HikariPool-1 - Shutdown initiated...
2022-06-28 13:52:10 [ SpringApplicationShutdownHook:241673 ] - [ INFO ] HikariPool-1 - Shutdown completed.
2022-06-28 13:52:14 [ main:408 ] - [ INFO ] Starting DemoApplication using Java 1.8.0_332 on DESKTOP-VEBRSLS with PID 23400 (C:\Users\Clown\IdeaProjects\demo\target\classes started by Clown in C:\Users\Clown\IdeaProjects\demo)
2022-06-28 13:52:14 [ main:409 ] - [ INFO ] No active profile set, falling back to 1 default profile: "default"
2022-06-28 13:52:14 [ main:1133 ] - [ INFO ] Tomcat initialized with port(s): 8090 (http)
2022-06-28 13:52:14 [ main:1139 ] - [ INFO ] Initializing ProtocolHandler ["http-nio-8090"]
2022-06-28 13:52:14 [ main:1140 ] - [ INFO ] Starting service [Tomcat]
2022-06-28 13:52:14 [ main:1140 ] - [ INFO ] Starting Servlet engine: [Apache Tomcat/9.0.63]
2022-06-28 13:52:15 [ main:1219 ] - [ INFO ] Initializing Spring embedded WebApplicationContext
2022-06-28 13:52:15 [ main:1219 ] - [ INFO ] Root WebApplicationContext: initialization completed in 779 ms
2022-06-28 13:52:15 [ main:1592 ] - [ WARN ] Cannot find template location: classpath:/templates/ (please add some templates or check your Thymeleaf configuration)
2022-06-28 13:52:15 [ main:1679 ] - [ INFO ] Starting ProtocolHandler ["http-nio-8090"]
2022-06-28 13:52:15 [ main:1692 ] - [ INFO ] Tomcat started on port(s): 8090 (http) with context path ''
2022-06-28 13:52:15 [ main:1698 ] - [ INFO ] Started DemoApplication in 1.596 seconds (JVM running for 2.291)
2022-06-28 13:52:21 [ http-nio-8090-exec-1:7353 ] - [ INFO ] Initializing Spring DispatcherServlet 'dispatcherServlet'
2022-06-28 13:52:21 [ http-nio-8090-exec-1:7353 ] - [ INFO ] Initializing Servlet 'dispatcherServlet'
2022-06-28 13:52:21 [ http-nio-8090-exec-1:7354 ] - [ INFO ] Completed initialization in 1 ms
2022-06-28 13:52:21 [ http-nio-8090-exec-2:7397 ] - [ INFO ] HikariPool-1 - Starting...
2022-06-28 13:52:21 [ http-nio-8090-exec-2:7606 ] - [ INFO ] HikariPool-1 - Start completed.
2022-06-28 15:14:33 [ SpringApplicationShutdownHook:4939259 ] - [ INFO ] HikariPool-1 - Shutdown initiated...
2022-06-28 15:14:33 [ SpringApplicationShutdownHook:4939264 ] - [ INFO ] HikariPool-1 - Shutdown completed.
2022-06-28 15:14:38 [ main:417 ] - [ INFO ] Starting DemoApplication using Java 1.8.0_332 on DESKTOP-VEBRSLS with PID 26744 (C:\Users\Clown\IdeaProjects\demo\target\classes started by Clown in C:\Users\Clown\IdeaProjects\demo)
2022-06-28 15:14:38 [ main:419 ] - [ INFO ] No active profile set, falling back to 1 default profile: "default"
2022-06-28 15:14:38 [ main:1133 ] - [ INFO ] Tomcat initialized with port(s): 8090 (http)
2022-06-28 15:14:38 [ main:1138 ] - [ INFO ] Initializing ProtocolHandler ["http-nio-8090"]
2022-06-28 15:14:38 [ main:1139 ] - [ INFO ] Starting service [Tomcat]
2022-06-28 15:14:38 [ main:1139 ] - [ INFO ] Starting Servlet engine: [Apache Tomcat/9.0.63]
2022-06-28 15:14:38 [ main:1217 ] - [ INFO ] Initializing Spring embedded WebApplicationContext
2022-06-28 15:14:38 [ main:1217 ] - [ INFO ] Root WebApplicationContext: initialization completed in 766 ms
2022-06-28 15:14:39 [ main:1579 ] - [ WARN ] Cannot find template location: classpath:/templates/ (please add some templates or check your Thymeleaf configuration)
2022-06-28 15:14:39 [ main:1659 ] - [ INFO ] Starting ProtocolHandler ["http-nio-8090"]
2022-06-28 15:14:39 [ main:1670 ] - [ INFO ] Tomcat started on port(s): 8090 (http) with context path ''
2022-06-28 15:14:39 [ main:1677 ] - [ INFO ] Started DemoApplication in 1.568 seconds (JVM running for 2.259)
2022-06-28 15:15:25 [ main:413 ] - [ INFO ] Starting DemoApplication using Java 1.8.0_332 on DESKTOP-VEBRSLS with PID 24376 (C:\Users\Clown\IdeaProjects\demo\target\classes started by Clown in C:\Users\Clown\IdeaProjects\demo)
2022-06-28 15:15:25 [ main:415 ] - [ INFO ] No active profile set, falling back to 1 default profile: "default"
2022-06-28 15:15:25 [ main:1111 ] - [ INFO ] Tomcat initialized with port(s): 8090 (http)
2022-06-28 15:15:25 [ main:1117 ] - [ INFO ] Initializing ProtocolHandler ["http-nio-8090"]
2022-06-28 15:15:25 [ main:1118 ] - [ INFO ] Starting service [Tomcat]
2022-06-28 15:15:25 [ main:1118 ] - [ INFO ] Starting Servlet engine: [Apache Tomcat/9.0.63]
2022-06-28 15:15:25 [ main:1194 ] - [ INFO ] Initializing Spring embedded WebApplicationContext
2022-06-28 15:15:25 [ main:1194 ] - [ INFO ] Root WebApplicationContext: initialization completed in 747 ms
2022-06-28 15:15:26 [ main:1558 ] - [ WARN ] Cannot find template location: classpath:/templates/ (please add some templates or check your Thymeleaf configuration)
2022-06-28 15:15:26 [ main:1637 ] - [ INFO ] Starting ProtocolHandler ["http-nio-8090"]
2022-06-28 15:15:26 [ main:1649 ] - [ INFO ] Tomcat started on port(s): 8090 (http) with context path ''
2022-06-28 15:15:26 [ main:1656 ] - [ INFO ] Started DemoApplication in 1.551 seconds (JVM running for 2.223)
2022-06-28 15:15:45 [ http-nio-8090-exec-1:20697 ] - [ INFO ] Initializing Spring DispatcherServlet 'dispatcherServlet'
2022-06-28 15:15:45 [ http-nio-8090-exec-1:20697 ] - [ INFO ] Initializing Servlet 'dispatcherServlet'
2022-06-28 15:15:45 [ http-nio-8090-exec-1:20698 ] - [ INFO ] Completed initialization in 1 ms
2022-06-28 15:15:45 [ http-nio-8090-exec-2:20739 ] - [ INFO ] HikariPool-1 - Starting...
2022-06-28 15:15:45 [ http-nio-8090-exec-2:20945 ] - [ INFO ] HikariPool-1 - Start completed.
2022-06-28 15:18:01 [ SpringApplicationShutdownHook:157268 ] - [ INFO ] HikariPool-1 - Shutdown initiated...
2022-06-28 15:18:01 [ SpringApplicationShutdownHook:157273 ] - [ INFO ] HikariPool-1 - Shutdown completed.
2022-06-28 15:18:04 [ main:403 ] - [ INFO ] Starting DemoApplication using Java 1.8.0_332 on DESKTOP-VEBRSLS with PID 26148 (C:\Users\Clown\IdeaProjects\demo\target\classes started by Clown in C:\Users\Clown\IdeaProjects\demo)
2022-06-28 15:18:04 [ main:406 ] - [ INFO ] No active profile set, falling back to 1 default profile: "default"
2022-06-28 15:18:05 [ main:1150 ] - [ INFO ] Tomcat initialized with port(s): 8090 (http)
2022-06-28 15:18:05 [ main:1156 ] - [ INFO ] Initializing ProtocolHandler ["http-nio-8090"]
2022-06-28 15:18:05 [ main:1157 ] - [ INFO ] Starting service [Tomcat]
2022-06-28 15:18:05 [ main:1157 ] - [ INFO ] Starting Servlet engine: [Apache Tomcat/9.0.63]
2022-06-28 15:18:05 [ main:1234 ] - [ INFO ] Initializing Spring embedded WebApplicationContext
2022-06-28 15:18:05 [ main:1234 ] - [ INFO ] Root WebApplicationContext: initialization completed in 798 ms
2022-06-28 15:18:05 [ main:1600 ] - [ WARN ] Cannot find template location: classpath:/templates/ (please add some templates or check your Thymeleaf configuration)
2022-06-28 15:18:05 [ main:1687 ] - [ INFO ] Starting ProtocolHandler ["http-nio-8090"]
2022-06-28 15:18:05 [ main:1699 ] - [ INFO ] Tomcat started on port(s): 8090 (http) with context path ''
2022-06-28 15:18:05 [ main:1706 ] - [ INFO ] Started DemoApplication in 1.605 seconds (JVM running for 2.289)
2022-06-28 15:18:14 [ http-nio-8090-exec-1:10509 ] - [ INFO ] Initializing Spring DispatcherServlet 'dispatcherServlet'
2022-06-28 15:18:14 [ http-nio-8090-exec-1:10509 ] - [ INFO ] Initializing Servlet 'dispatcherServlet'
2022-06-28 15:18:14 [ http-nio-8090-exec-1:10510 ] - [ INFO ] Completed initialization in 1 ms
2022-06-28 15:18:14 [ http-nio-8090-exec-3:10550 ] - [ INFO ] HikariPool-1 - Starting...
2022-06-28 15:18:14 [ http-nio-8090-exec-3:10746 ] - [ INFO ] HikariPool-1 - Start completed.
2022-06-28 20:15:52 [ SpringApplicationShutdownHook:17868673 ] - [ INFO ] HikariPool-1 - Shutdown initiated...
2022-06-28 20:15:52 [ SpringApplicationShutdownHook:17868689 ] - [ INFO ] HikariPool-1 - Shutdown completed.
2022-06-28 21:56:27 [ main:515 ] - [ INFO ] Starting DemoApplication using Java 1.8.0_332 on DESKTOP-VEBRSLS with PID 16712 (C:\Users\Clown\IdeaProjects\demo\target\classes started by Clown in C:\Users\Clown\IdeaProjects\demo)
2022-06-28 21:56:27 [ main:515 ] - [ INFO ] No active profile set, falling back to 1 default profile: "default"
2022-06-28 21:56:28 [ main:1328 ] - [ INFO ] Tomcat initialized with port(s): 8090 (http)
2022-06-28 21:56:28 [ main:1343 ] - [ INFO ] Initializing ProtocolHandler ["http-nio-8090"]
2022-06-28 21:56:28 [ main:1343 ] - [ INFO ] Starting service [Tomcat]
2022-06-28 21:56:28 [ main:1343 ] - [ INFO ] Starting Servlet engine: [Apache Tomcat/9.0.63]
2022-06-28 21:56:28 [ main:1437 ] - [ INFO ] Initializing Spring embedded WebApplicationContext
2022-06-28 21:56:28 [ main:1437 ] - [ INFO ] Root WebApplicationContext: initialization completed in 890 ms
2022-06-28 21:56:28 [ main:1843 ] - [ WARN ] Cannot find template location: classpath:/templates/ (please add some templates or check your Thymeleaf configuration)
2022-06-28 21:56:28 [ main:1922 ] - [ INFO ] Starting ProtocolHandler ["http-nio-8090"]
2022-06-28 21:56:28 [ main:1937 ] - [ INFO ] Tomcat started on port(s): 8090 (http) with context path ''
2022-06-28 21:56:28 [ main:1937 ] - [ INFO ] Started DemoApplication in 1.815 seconds (JVM running for 2.54)
2022-06-28 22:01:29 [ http-nio-8090-exec-1:302736 ] - [ INFO ] Initializing Spring DispatcherServlet 'dispatcherServlet'
2022-06-28 22:01:29 [ http-nio-8090-exec-1:302736 ] - [ INFO ] Initializing Servlet 'dispatcherServlet'
2022-06-28 22:01:29 [ http-nio-8090-exec-1:302737 ] - [ INFO ] Completed initialization in 1 ms
2022-06-28 22:01:29 [ http-nio-8090-exec-1:302851 ] - [ INFO ] HikariPool-1 - Starting...
2022-06-28 22:01:30 [ http-nio-8090-exec-1:303165 ] - [ INFO ] HikariPool-1 - Start completed.
2022-06-28 23:16:02 [ SpringApplicationShutdownHook:4775362 ] - [ INFO ] HikariPool-1 - Shutdown initiated...
2022-06-28 23:16:02 [ SpringApplicationShutdownHook:4775377 ] - [ INFO ] HikariPool-1 - Shutdown completed.
2022-06-28 23:16:09 [ main:680 ] - [ INFO ] Starting DemoApplication using Java 1.8.0_332 on DESKTOP-VEBRSLS with PID 14680 (C:\Users\Clown\IdeaProjects\demo\target\classes started by Clown in C:\Users\Clown\IdeaProjects\demo)
2022-06-28 23:16:09 [ main:682 ] - [ INFO ] No active profile set, falling back to 1 default profile: "default"
2022-06-28 23:16:10 [ main:1609 ] - [ INFO ] Tomcat initialized with port(s): 8090 (http)
2022-06-28 23:16:10 [ main:1617 ] - [ INFO ] Initializing ProtocolHandler ["http-nio-8090"]
2022-06-28 23:16:10 [ main:1617 ] - [ INFO ] Starting service [Tomcat]
2022-06-28 23:16:10 [ main:1617 ] - [ INFO ] Starting Servlet engine: [Apache Tomcat/9.0.63]
2022-06-28 23:16:10 [ main:1710 ] - [ INFO ] Initializing Spring embedded WebApplicationContext
2022-06-28 23:16:10 [ main:1710 ] - [ INFO ] Root WebApplicationContext: initialization completed in 986 ms
2022-06-28 23:16:11 [ main:2226 ] - [ WARN ] Cannot find template location: classpath:/templates/ (please add some templates or check your Thymeleaf configuration)
2022-06-28 23:16:11 [ main:2288 ] - [ INFO ] Starting ProtocolHandler ["http-nio-8090"]
2022-06-28 23:16:11 [ main:2302 ] - [ INFO ] Tomcat started on port(s): 8090 (http) with context path ''
2022-06-28 23:16:11 [ main:2311 ] - [ INFO ] Started DemoApplication in 2.123 seconds (JVM running for 4.095)
2022-06-28 23:16:16 [ http-nio-8090-exec-1:7528 ] - [ INFO ] Initializing Spring DispatcherServlet 'dispatcherServlet'
2022-06-28 23:16:16 [ http-nio-8090-exec-1:7528 ] - [ INFO ] Initializing Servlet 'dispatcherServlet'
2022-06-28 23:16:16 [ http-nio-8090-exec-1:7529 ] - [ INFO ] Completed initialization in 1 ms
2022-06-28 23:16:53 [ http-nio-8090-exec-3:44339 ] - [ INFO ] HikariPool-1 - Starting...
2022-06-28 23:16:53 [ http-nio-8090-exec-3:44551 ] - [ INFO ] HikariPool-1 - Start completed.
2022-06-28 23:16:53 [ SpringApplicationShutdownHook:44735 ] - [ INFO ] HikariPool-1 - Shutdown initiated...
2022-06-28 23:16:53 [ SpringApplicationShutdownHook:44774 ] - [ INFO ] HikariPool-1 - Shutdown completed.
2022-06-28 23:16:57 [ main:594 ] - [ INFO ] Starting DemoApplication using Java 1.8.0_332 on DESKTOP-VEBRSLS with PID 21492 (C:\Users\Clown\IdeaProjects\demo\target\classes started by Clown in C:\Users\Clown\IdeaProjects\demo)
2022-06-28 23:16:57 [ main:597 ] - [ INFO ] No active profile set, falling back to 1 default profile: "default"
2022-06-28 23:16:58 [ main:1511 ] - [ INFO ] Tomcat initialized with port(s): 8090 (http)
2022-06-28 23:16:58 [ main:1518 ] - [ INFO ] Initializing ProtocolHandler ["http-nio-8090"]
2022-06-28 23:16:58 [ main:1519 ] - [ INFO ] Starting service [Tomcat]
2022-06-28 23:16:58 [ main:1519 ] - [ INFO ] Starting Servlet engine: [Apache Tomcat/9.0.63]
2022-06-28 23:16:58 [ main:1605 ] - [ INFO ] Initializing Spring embedded WebApplicationContext
2022-06-28 23:16:58 [ main:1605 ] - [ INFO ] Root WebApplicationContext: initialization completed in 956 ms
2022-06-28 23:16:58 [ main:2091 ] - [ WARN ] Cannot find template location: classpath:/templates/ (please add some templates or check your Thymeleaf configuration)
2022-06-28 23:16:58 [ main:2187 ] - [ INFO ] Starting ProtocolHandler ["http-nio-8090"]
2022-06-28 23:16:58 [ main:2211 ] - [ INFO ] Tomcat started on port(s): 8090 (http) with context path ''
2022-06-28 23:16:58 [ main:2225 ] - [ INFO ] Started DemoApplication in 2.079 seconds (JVM running for 2.935)
2022-06-28 23:17:22 [ main:479 ] - [ INFO ] Starting DemoApplication using Java 1.8.0_332 on DESKTOP-VEBRSLS with PID 17724 (C:\Users\Clown\IdeaProjects\demo\target\classes started by Clown in C:\Users\Clown\IdeaProjects\demo)
2022-06-28 23:17:22 [ main:481 ] - [ INFO ] No active profile set, falling back to 1 default profile: "default"
2022-06-28 23:17:23 [ main:1281 ] - [ INFO ] Tomcat initialized with port(s): 8090 (http)
2022-06-28 23:17:23 [ main:1288 ] - [ INFO ] Initializing ProtocolHandler ["http-nio-8090"]
2022-06-28 23:17:23 [ main:1289 ] - [ INFO ] Starting service [Tomcat]
2022-06-28 23:17:23 [ main:1289 ] - [ INFO ] Starting Servlet engine: [Apache Tomcat/9.0.63]
2022-06-28 23:17:23 [ main:1375 ] - [ INFO ] Initializing Spring embedded WebApplicationContext
2022-06-28 23:17:23 [ main:1375 ] - [ INFO ] Root WebApplicationContext: initialization completed in 859 ms
2022-06-28 23:17:24 [ main:1808 ] - [ WARN ] Cannot find template location: classpath:/templates/ (please add some templates or check your Thymeleaf configuration)
2022-06-28 23:17:24 [ main:1873 ] - [ INFO ] Starting ProtocolHandler ["http-nio-8090"]
2022-06-28 23:17:24 [ main:1887 ] - [ INFO ] Tomcat started on port(s): 8090 (http) with context path ''
2022-06-28 23:17:24 [ main:1895 ] - [ INFO ] Started DemoApplication in 1.773 seconds (JVM running for 2.508)
2022-06-28 23:19:37 [ main:503 ] - [ INFO ] Starting DemoApplication using Java 1.8.0_332 on DESKTOP-VEBRSLS with PID 15480 (C:\Users\Clown\IdeaProjects\demo\target\classes started by Clown in C:\Users\Clown\IdeaProjects\demo)
2022-06-28 23:19:37 [ main:505 ] - [ INFO ] No active profile set, falling back to 1 default profile: "default"
2022-06-28 23:19:38 [ main:1280 ] - [ INFO ] Tomcat initialized with port(s): 8090 (http)
2022-06-28 23:19:38 [ main:1287 ] - [ INFO ] Initializing ProtocolHandler ["http-nio-8090"]
2022-06-28 23:19:38 [ main:1288 ] - [ INFO ] Starting service [Tomcat]
2022-06-28 23:19:38 [ main:1288 ] - [ INFO ] Starting Servlet engine: [Apache Tomcat/9.0.63]
2022-06-28 23:19:38 [ main:1375 ] - [ INFO ] Initializing Spring embedded WebApplicationContext
2022-06-28 23:19:38 [ main:1376 ] - [ INFO ] Root WebApplicationContext: initialization completed in 835 ms
2022-06-28 23:19:38 [ main:1823 ] - [ WARN ] Cannot find template location: classpath:/templates/ (please add some templates or check your Thymeleaf configuration)
2022-06-28 23:19:39 [ main:1889 ] - [ INFO ] Starting ProtocolHandler ["http-nio-8090"]
2022-06-28 23:19:39 [ main:1903 ] - [ INFO ] Tomcat started on port(s): 8090 (http) with context path ''
2022-06-28 23:19:39 [ main:1911 ] - [ INFO ] Started DemoApplication in 1.786 seconds (JVM running for 2.499)
2022-06-28 23:19:44 [ http-nio-8090-exec-1:7819 ] - [ INFO ] Initializing Spring DispatcherServlet 'dispatcherServlet'
2022-06-28 23:19:44 [ http-nio-8090-exec-1:7819 ] - [ INFO ] Initializing Servlet 'dispatcherServlet'
2022-06-28 23:19:44 [ http-nio-8090-exec-1:7820 ] - [ INFO ] Completed initialization in 1 ms
2022-06-28 23:19:44 [ http-nio-8090-exec-1:7855 ] - [ WARN ] Resolved [org.springframework.web.HttpMediaTypeNotSupportedException: Content type 'application/x-www-form-urlencoded;charset=UTF-8' not supported]
2022-06-28 23:22:59 [ main:490 ] - [ INFO ] Starting DemoApplication using Java 1.8.0_332 on DESKTOP-VEBRSLS with PID 23888 (C:\Users\Clown\IdeaProjects\demo\target\classes started by Clown in C:\Users\Clown\IdeaProjects\demo)
2022-06-28 23:22:59 [ main:492 ] - [ INFO ] No active profile set, falling back to 1 default profile: "default"
2022-06-28 23:22:59 [ main:1253 ] - [ INFO ] Tomcat initialized with port(s): 8090 (http)
2022-06-28 23:22:59 [ main:1260 ] - [ INFO ] Initializing ProtocolHandler ["http-nio-8090"]
2022-06-28 23:22:59 [ main:1260 ] - [ INFO ] Starting service [Tomcat]
2022-06-28 23:22:59 [ main:1260 ] - [ INFO ] Starting Servlet engine: [Apache Tomcat/9.0.63]
2022-06-28 23:22:59 [ main:1343 ] - [ INFO ] Initializing Spring embedded WebApplicationContext
2022-06-28 23:22:59 [ main:1343 ] - [ INFO ] Root WebApplicationContext: initialization completed in 815 ms
2022-06-28 23:23:00 [ main:1778 ] - [ WARN ] Cannot find template location: classpath:/templates/ (please add some templates or check your Thymeleaf configuration)
2022-06-28 23:23:00 [ main:1839 ] - [ INFO ] Starting ProtocolHandler ["http-nio-8090"]
2022-06-28 23:23:00 [ main:1852 ] - [ INFO ] Tomcat started on port(s): 8090 (http) with context path ''
2022-06-28 23:23:00 [ main:1860 ] - [ INFO ] Started DemoApplication in 1.736 seconds (JVM running for 2.451)
2022-06-28 23:23:03 [ http-nio-8090-exec-1:4410 ] - [ INFO ] Initializing Spring DispatcherServlet 'dispatcherServlet'
2022-06-28 23:23:03 [ http-nio-8090-exec-1:4410 ] - [ INFO ] Initializing Servlet 'dispatcherServlet'
2022-06-28 23:23:03 [ http-nio-8090-exec-1:4410 ] - [ INFO ] Completed initialization in 0 ms
2022-06-28 23:23:12 [ http-nio-8090-exec-2:13916 ] - [ INFO ] HikariPool-1 - Starting...
2022-06-28 23:23:12 [ http-nio-8090-exec-2:14130 ] - [ INFO ] HikariPool-1 - Start completed.
2022-06-28 23:23:12 [ SpringApplicationShutdownHook:14260 ] - [ INFO ] HikariPool-1 - Shutdown initiated...
2022-06-28 23:23:12 [ SpringApplicationShutdownHook:14269 ] - [ INFO ] HikariPool-1 - Shutdown completed.
2022-06-28 23:23:15 [ main:475 ] - [ INFO ] Starting DemoApplication using Java 1.8.0_332 on DESKTOP-VEBRSLS with PID 25732 (C:\Users\Clown\IdeaProjects\demo\target\classes started by Clown in C:\Users\Clown\IdeaProjects\demo)
2022-06-28 23:23:15 [ main:477 ] - [ INFO ] No active profile set, falling back to 1 default profile: "default"
2022-06-28 23:23:16 [ main:1240 ] - [ INFO ] Tomcat initialized with port(s): 8090 (http)
2022-06-28 23:23:16 [ main:1246 ] - [ INFO ] Initializing ProtocolHandler ["http-nio-8090"]
2022-06-28 23:23:16 [ main:1247 ] - [ INFO ] Starting service [Tomcat]
2022-06-28 23:23:16 [ main:1247 ] - [ INFO ] Starting Servlet engine: [Apache Tomcat/9.0.63]
2022-06-28 23:23:16 [ main:1334 ] - [ INFO ] Initializing Spring embedded WebApplicationContext
2022-06-28 23:23:16 [ main:1335 ] - [ INFO ] Root WebApplicationContext: initialization completed in 826 ms
2022-06-28 23:23:17 [ main:1765 ] - [ WARN ] Cannot find template location: classpath:/templates/ (please add some templates or check your Thymeleaf configuration)
2022-06-28 23:23:17 [ main:1827 ] - [ INFO ] Starting ProtocolHandler ["http-nio-8090"]
2022-06-28 23:23:17 [ main:1840 ] - [ INFO ] Tomcat started on port(s): 8090 (http) with context path ''
2022-06-28 23:23:17 [ main:1847 ] - [ INFO ] Started DemoApplication in 1.724 seconds (JVM running for 2.553)
2022-06-28 23:23:19 [ http-nio-8090-exec-1:4342 ] - [ INFO ] Initializing Spring DispatcherServlet 'dispatcherServlet'
2022-06-28 23:23:19 [ http-nio-8090-exec-1:4342 ] - [ INFO ] Initializing Servlet 'dispatcherServlet'
2022-06-28 23:23:19 [ http-nio-8090-exec-1:4342 ] - [ INFO ] Completed initialization in 0 ms
2022-06-28 23:23:53 [ http-nio-8090-exec-2:38433 ] - [ INFO ] HikariPool-1 - Starting...
2022-06-28 23:23:53 [ http-nio-8090-exec-2:38652 ] - [ INFO ] HikariPool-1 - Start completed.
2022-06-28 23:23:54 [ SpringApplicationShutdownHook:38806 ] - [ INFO ] HikariPool-1 - Shutdown initiated...
2022-06-28 23:23:54 [ SpringApplicationShutdownHook:38810 ] - [ INFO ] HikariPool-1 - Shutdown completed.
2022-06-28 23:23:59 [ main:517 ] - [ INFO ] Starting DemoApplication using Java 1.8.0_332 on DESKTOP-VEBRSLS with PID 9260 (C:\Users\Clown\IdeaProjects\demo\target\classes started by Clown in C:\Users\Clown\IdeaProjects\demo)
2022-06-28 23:23:59 [ main:519 ] - [ INFO ] No active profile set, falling back to 1 default profile: "default"
2022-06-28 23:23:59 [ main:1291 ] - [ INFO ] Tomcat initialized with port(s): 8090 (http)
2022-06-28 23:23:59 [ main:1297 ] - [ INFO ] Initializing ProtocolHandler ["http-nio-8090"]
2022-06-28 23:23:59 [ main:1298 ] - [ INFO ] Starting service [Tomcat]
2022-06-28 23:23:59 [ main:1298 ] - [ INFO ] Starting Servlet engine: [Apache Tomcat/9.0.63]
2022-06-28 23:23:59 [ main:1387 ] - [ INFO ] Initializing Spring embedded WebApplicationContext
2022-06-28 23:23:59 [ main:1387 ] - [ INFO ] Root WebApplicationContext: initialization completed in 833 ms
2022-06-28 23:24:00 [ main:1848 ] - [ WARN ] Cannot find template location: classpath:/templates/ (please add some templates or check your Thymeleaf configuration)
2022-06-28 23:24:00 [ main:1907 ] - [ INFO ] Starting ProtocolHandler ["http-nio-8090"]
2022-06-28 23:24:00 [ main:1921 ] - [ INFO ] Tomcat started on port(s): 8090 (http) with context path ''
2022-06-28 23:24:00 [ main:1929 ] - [ INFO ] Started DemoApplication in 1.8 seconds (JVM running for 2.655)
2022-06-28 23:24:03 [ http-nio-8090-exec-1:4818 ] - [ INFO ] Initializing Spring DispatcherServlet 'dispatcherServlet'
2022-06-28 23:24:03 [ http-nio-8090-exec-1:4818 ] - [ INFO ] Initializing Servlet 'dispatcherServlet'
2022-06-28 23:24:03 [ http-nio-8090-exec-1:4819 ] - [ INFO ] Completed initialization in 1 ms
2022-06-28 23:24:11 [ http-nio-8090-exec-2:12735 ] - [ INFO ] HikariPool-1 - Starting...
2022-06-28 23:24:11 [ http-nio-8090-exec-2:12956 ] - [ INFO ] HikariPool-1 - Start completed.
2022-06-28 23:24:11 [ SpringApplicationShutdownHook:13106 ] - [ INFO ] HikariPool-1 - Shutdown initiated...
2022-06-28 23:24:11 [ SpringApplicationShutdownHook:13118 ] - [ INFO ] HikariPool-1 - Shutdown completed.
2022-06-28 23:24:13 [ main:686 ] - [ INFO ] Starting DemoApplication using Java 1.8.0_332 on DESKTOP-VEBRSLS with PID 3176 (C:\Users\Clown\IdeaProjects\demo\target\classes started by Clown in C:\Users\Clown\IdeaProjects\demo)
2022-06-28 23:24:13 [ main:688 ] - [ INFO ] No active profile set, falling back to 1 default profile: "default"
2022-06-28 23:24:14 [ main:1452 ] - [ INFO ] Tomcat initialized with port(s): 8090 (http)
2022-06-28 23:24:14 [ main:1459 ] - [ INFO ] Initializing ProtocolHandler ["http-nio-8090"]
2022-06-28 23:24:14 [ main:1460 ] - [ INFO ] Starting service [Tomcat]
2022-06-28 23:24:14 [ main:1460 ] - [ INFO ] Starting Servlet engine: [Apache Tomcat/9.0.63]
2022-06-28 23:24:14 [ main:1546 ] - [ INFO ] Initializing Spring embedded WebApplicationContext
2022-06-28 23:24:14 [ main:1546 ] - [ INFO ] Root WebApplicationContext: initialization completed in 822 ms
2022-06-28 23:24:15 [ main:1983 ] - [ WARN ] Cannot find template location: classpath:/templates/ (please add some templates or check your Thymeleaf configuration)
2022-06-28 23:24:15 [ main:2041 ] - [ INFO ] Starting ProtocolHandler ["http-nio-8090"]
2022-06-28 23:24:15 [ main:2054 ] - [ INFO ] Tomcat started on port(s): 8090 (http) with context path ''
2022-06-28 23:24:15 [ main:2062 ] - [ INFO ] Started DemoApplication in 1.902 seconds (JVM running for 2.632)
2022-06-28 23:24:25 [ http-nio-8090-exec-1:12078 ] - [ INFO ] Initializing Spring DispatcherServlet 'dispatcherServlet'
2022-06-28 23:24:25 [ http-nio-8090-exec-1:12079 ] - [ INFO ] Initializing Servlet 'dispatcherServlet'
2022-06-28 23:24:25 [ http-nio-8090-exec-1:12079 ] - [ INFO ] Completed initialization in 0 ms
2022-06-28 23:26:02 [ http-nio-8090-exec-1:108703 ] - [ INFO ] HikariPool-1 - Starting...
2022-06-28 23:26:02 [ http-nio-8090-exec-1:108917 ] - [ INFO ] HikariPool-1 - Start completed.
2022-06-28 23:26:02 [ SpringApplicationShutdownHook:108998 ] - [ INFO ] HikariPool-1 - Shutdown initiated...
2022-06-28 23:26:02 [ SpringApplicationShutdownHook:109000 ] - [ INFO ] HikariPool-1 - Shutdown completed.
2022-06-28 23:26:06 [ main:480 ] - [ INFO ] Starting DemoApplication using Java 1.8.0_332 on DESKTOP-VEBRSLS with PID 23676 (C:\Users\Clown\IdeaProjects\demo\target\classes started by Clown in C:\Users\Clown\IdeaProjects\demo)
2022-06-28 23:26:06 [ main:481 ] - [ INFO ] No active profile set, falling back to 1 default profile: "default"
2022-06-28 23:26:07 [ main:1254 ] - [ INFO ] Tomcat initialized with port(s): 8090 (http)
2022-06-28 23:26:07 [ main:1261 ] - [ INFO ] Initializing ProtocolHandler ["http-nio-8090"]
2022-06-28 23:26:07 [ main:1261 ] - [ INFO ] Starting service [Tomcat]
2022-06-28 23:26:07 [ main:1261 ] - [ INFO ] Starting Servlet engine: [Apache Tomcat/9.0.63]
2022-06-28 23:26:07 [ main:1344 ] - [ INFO ] Initializing Spring embedded WebApplicationContext
2022-06-28 23:26:07 [ main:1344 ] - [ INFO ] Root WebApplicationContext: initialization completed in 827 ms
2022-06-28 23:26:07 [ main:1781 ] - [ WARN ] Cannot find template location: classpath:/templates/ (please add some templates or check your Thymeleaf configuration)
2022-06-28 23:26:07 [ main:1857 ] - [ INFO ] Starting ProtocolHandler ["http-nio-8090"]
2022-06-28 23:26:07 [ main:1871 ] - [ INFO ] Tomcat started on port(s): 8090 (http) with context path ''
2022-06-28 23:26:07 [ main:1879 ] - [ INFO ] Started DemoApplication in 1.755 seconds (JVM running for 2.487)
2022-06-28 23:26:12 [ http-nio-8090-exec-1:6030 ] - [ INFO ] Initializing Spring DispatcherServlet 'dispatcherServlet'
2022-06-28 23:26:12 [ http-nio-8090-exec-1:6030 ] - [ INFO ] Initializing Servlet 'dispatcherServlet'
2022-06-28 23:26:12 [ http-nio-8090-exec-1:6030 ] - [ INFO ] Completed initialization in 0 ms
2022-06-28 23:28:28 [ main:481 ] - [ INFO ] Starting DemoApplication using Java 1.8.0_332 on DESKTOP-VEBRSLS with PID 27960 (C:\Users\Clown\IdeaProjects\demo\target\classes started by Clown in C:\Users\Clown\IdeaProjects\demo)
2022-06-28 23:28:28 [ main:483 ] - [ INFO ] No active profile set, falling back to 1 default profile: "default"
2022-06-28 23:28:29 [ main:1265 ] - [ INFO ] Tomcat initialized with port(s): 8090 (http)
2022-06-28 23:28:29 [ main:1272 ] - [ INFO ] Initializing ProtocolHandler ["http-nio-8090"]
2022-06-28 23:28:29 [ main:1273 ] - [ INFO ] Starting service [Tomcat]
2022-06-28 23:28:29 [ main:1273 ] - [ INFO ] Starting Servlet engine: [Apache Tomcat/9.0.63]
2022-06-28 23:28:29 [ main:1355 ] - [ INFO ] Initializing Spring embedded WebApplicationContext
2022-06-28 23:28:29 [ main:1356 ] - [ INFO ] Root WebApplicationContext: initialization completed in 839 ms
2022-06-28 23:28:29 [ main:1807 ] - [ WARN ] Cannot find template location: classpath:/templates/ (please add some templates or check your Thymeleaf configuration)
2022-06-28 23:28:29 [ main:1871 ] - [ INFO ] Starting ProtocolHandler ["http-nio-8090"]
2022-06-28 23:28:29 [ main:1885 ] - [ INFO ] Tomcat started on port(s): 8090 (http) with context path ''
2022-06-28 23:28:29 [ main:1893 ] - [ INFO ] Started DemoApplication in 1.758 seconds (JVM running for 2.591)
2022-06-28 23:28:39 [ http-nio-8090-exec-1:11692 ] - [ INFO ] Initializing Spring DispatcherServlet 'dispatcherServlet'
2022-06-28 23:28:39 [ http-nio-8090-exec-1:11692 ] - [ INFO ] Initializing Servlet 'dispatcherServlet'
2022-06-28 23:28:39 [ http-nio-8090-exec-1:11693 ] - [ INFO ] Completed initialization in 1 ms
2022-06-28 23:30:10 [ main:506 ] - [ INFO ] Starting DemoApplication using Java 1.8.0_332 on DESKTOP-VEBRSLS with PID 25176 (C:\Users\Clown\IdeaProjects\demo\target\classes started by Clown in C:\Users\Clown\IdeaProjects\demo)
2022-06-28 23:30:10 [ main:508 ] - [ INFO ] No active profile set, falling back to 1 default profile: "default"
2022-06-28 23:30:11 [ main:1305 ] - [ INFO ] Tomcat initialized with port(s): 8090 (http)
2022-06-28 23:30:11 [ main:1312 ] - [ INFO ] Initializing ProtocolHandler ["http-nio-8090"]
2022-06-28 23:30:11 [ main:1312 ] - [ INFO ] Starting service [Tomcat]
2022-06-28 23:30:11 [ main:1312 ] - [ INFO ] Starting Servlet engine: [Apache Tomcat/9.0.63]
2022-06-28 23:30:11 [ main:1394 ] - [ INFO ] Initializing Spring embedded WebApplicationContext
2022-06-28 23:30:11 [ main:1394 ] - [ INFO ] Root WebApplicationContext: initialization completed in 845 ms
2022-06-28 23:30:12 [ main:2091 ] - [ WARN ] Cannot find template location: classpath:/templates/ (please add some templates or check your Thymeleaf configuration)
2022-06-28 23:30:12 [ main:2212 ] - [ INFO ] Starting ProtocolHandler ["http-nio-8090"]
2022-06-28 23:30:12 [ main:2248 ] - [ INFO ] Tomcat started on port(s): 8090 (http) with context path ''
2022-06-28 23:30:12 [ main:2261 ] - [ INFO ] Started DemoApplication in 2.139 seconds (JVM running for 2.925)
2022-06-28 23:30:24 [ http-nio-8090-exec-1:14665 ] - [ INFO ] Initializing Spring DispatcherServlet 'dispatcherServlet'
2022-06-28 23:30:24 [ http-nio-8090-exec-1:14666 ] - [ INFO ] Initializing Servlet 'dispatcherServlet'
2022-06-28 23:30:24 [ http-nio-8090-exec-1:14666 ] - [ INFO ] Completed initialization in 0 ms
2022-06-28 23:35:21 [ http-nio-8090-exec-4:311037 ] - [ WARN ] Resolved [org.springframework.web.HttpMediaTypeNotSupportedException: Content type 'application/x-www-form-urlencoded;charset=UTF-8' not supported]
2022-06-28 23:36:36 [ main:703 ] - [ INFO ] Starting DemoApplication using Java 1.8.0_332 on DESKTOP-VEBRSLS with PID 1344 (C:\Users\Clown\IdeaProjects\demo\target\classes started by Clown in C:\Users\Clown\IdeaProjects\demo)
2022-06-28 23:36:36 [ main:705 ] - [ INFO ] No active profile set, falling back to 1 default profile: "default"
2022-06-28 23:36:37 [ main:1536 ] - [ INFO ] Tomcat initialized with port(s): 8090 (http)
2022-06-28 23:36:37 [ main:1543 ] - [ INFO ] Initializing ProtocolHandler ["http-nio-8090"]
2022-06-28 23:36:37 [ main:1544 ] - [ INFO ] Starting service [Tomcat]
2022-06-28 23:36:37 [ main:1544 ] - [ INFO ] Starting Servlet engine: [Apache Tomcat/9.0.63]
2022-06-28 23:36:37 [ main:1633 ] - [ INFO ] Initializing Spring embedded WebApplicationContext
2022-06-28 23:36:37 [ main:1633 ] - [ INFO ] Root WebApplicationContext: initialization completed in 889 ms
2022-06-28 23:36:38 [ main:2397 ] - [ WARN ] Cannot find template location: classpath:/templates/ (please add some templates or check your Thymeleaf configuration)
2022-06-28 23:36:38 [ main:2493 ] - [ INFO ] Starting ProtocolHandler ["http-nio-8090"]
2022-06-28 23:36:38 [ main:2525 ] - [ INFO ] Tomcat started on port(s): 8090 (http) with context path ''
2022-06-28 23:36:38 [ main:2536 ] - [ INFO ] Started DemoApplication in 2.394 seconds (JVM running for 3.313)
2022-06-28 23:36:54 [ main:483 ] - [ INFO ] Starting DemoApplication using Java 1.8.0_332 on DESKTOP-VEBRSLS with PID 16472 (C:\Users\Clown\IdeaProjects\demo\target\classes started by Clown in C:\Users\Clown\IdeaProjects\demo)
2022-06-28 23:36:54 [ main:484 ] - [ INFO ] No active profile set, falling back to 1 default profile: "default"
2022-06-28 23:36:55 [ main:1264 ] - [ INFO ] Tomcat initialized with port(s): 8090 (http)
2022-06-28 23:36:55 [ main:1271 ] - [ INFO ] Initializing ProtocolHandler ["http-nio-8090"]
2022-06-28 23:36:55 [ main:1271 ] - [ INFO ] Starting service [Tomcat]
2022-06-28 23:36:55 [ main:1271 ] - [ INFO ] Starting Servlet engine: [Apache Tomcat/9.0.63]
2022-06-28 23:36:55 [ main:1356 ] - [ INFO ] Initializing Spring embedded WebApplicationContext
2022-06-28 23:36:55 [ main:1356 ] - [ INFO ] Root WebApplicationContext: initialization completed in 838 ms
2022-06-28 23:36:55 [ main:2038 ] - [ WARN ] Cannot find template location: classpath:/templates/ (please add some templates or check your Thymeleaf configuration)
2022-06-28 23:36:55 [ main:2134 ] - [ INFO ] Starting ProtocolHandler ["http-nio-8090"]
2022-06-28 23:36:55 [ main:2162 ] - [ INFO ] Tomcat started on port(s): 8090 (http) with context path ''
2022-06-28 23:36:55 [ main:2173 ] - [ INFO ] Started DemoApplication in 2.048 seconds (JVM running for 3.034)
2022-06-28 23:37:01 [ http-nio-8090-exec-2:7635 ] - [ INFO ] Initializing Spring DispatcherServlet 'dispatcherServlet'
2022-06-28 23:37:01 [ http-nio-8090-exec-2:7635 ] - [ INFO ] Initializing Servlet 'dispatcherServlet'
2022-06-28 23:37:01 [ http-nio-8090-exec-2:7636 ] - [ INFO ] Completed initialization in 1 ms
2022-06-28 23:37:01 [ http-nio-8090-exec-2:7696 ] - [ WARN ] Resolved [org.springframework.web.HttpMediaTypeNotSupportedException: Content type 'application/x-www-form-urlencoded;charset=UTF-8' not supported]
2022-06-28 23:37:27 [ main:844 ] - [ INFO ] Starting DemoApplication using Java 1.8.0_332 on DESKTOP-VEBRSLS with PID 24324 (C:\Users\Clown\IdeaProjects\demo\target\classes started by Clown in C:\Users\Clown\IdeaProjects\demo)
2022-06-28 23:37:27 [ main:847 ] - [ INFO ] No active profile set, falling back to 1 default profile: "default"
2022-06-28 23:37:27 [ main:1679 ] - [ INFO ] Tomcat initialized with port(s): 8090 (http)
2022-06-28 23:37:27 [ main:1686 ] - [ INFO ] Initializing ProtocolHandler ["http-nio-8090"]
2022-06-28 23:37:27 [ main:1687 ] - [ INFO ] Starting service [Tomcat]
2022-06-28 23:37:27 [ main:1687 ] - [ INFO ] Starting Servlet engine: [Apache Tomcat/9.0.63]
2022-06-28 23:37:28 [ main:1769 ] - [ INFO ] Initializing Spring embedded WebApplicationContext
2022-06-28 23:37:28 [ main:1769 ] - [ INFO ] Root WebApplicationContext: initialization completed in 873 ms
2022-06-28 23:37:28 [ main:2203 ] - [ WARN ] Cannot find template location: classpath:/templates/ (please add some templates or check your Thymeleaf configuration)
2022-06-28 23:37:28 [ main:2264 ] - [ INFO ] Starting ProtocolHandler ["http-nio-8090"]
2022-06-28 23:37:28 [ main:2278 ] - [ INFO ] Tomcat started on port(s): 8090 (http) with context path ''
2022-06-28 23:37:28 [ main:2285 ] - [ INFO ] Started DemoApplication in 2.14 seconds (JVM running for 3.05)
2022-06-28 23:37:54 [ http-nio-8090-exec-1:28328 ] - [ INFO ] Initializing Spring DispatcherServlet 'dispatcherServlet'
2022-06-28 23:37:54 [ http-nio-8090-exec-1:28328 ] - [ INFO ] Initializing Servlet 'dispatcherServlet'
2022-06-28 23:37:54 [ http-nio-8090-exec-1:28329 ] - [ INFO ] Completed initialization in 1 ms
2022-06-28 23:37:54 [ http-nio-8090-exec-1:28361 ] - [ WARN ] Resolved [org.springframework.web.HttpMediaTypeNotSupportedException: Content type 'application/x-www-form-urlencoded;charset=UTF-8' not supported]
2022-06-28 23:40:37 [ main:498 ] - [ INFO ] Starting DemoApplication using Java 1.8.0_332 on DESKTOP-VEBRSLS with PID 21412 (C:\Users\Clown\IdeaProjects\demo\target\classes started by Clown in C:\Users\Clown\IdeaProjects\demo)
2022-06-28 23:40:37 [ main:501 ] - [ INFO ] No active profile set, falling back to 1 default profile: "default"
2022-06-28 23:40:38 [ main:1299 ] - [ INFO ] Tomcat initialized with port(s): 8090 (http)
2022-06-28 23:40:38 [ main:1306 ] - [ INFO ] Initializing ProtocolHandler ["http-nio-8090"]
2022-06-28 23:40:38 [ main:1307 ] - [ INFO ] Starting service [Tomcat]
2022-06-28 23:40:38 [ main:1307 ] - [ INFO ] Starting Servlet engine: [Apache Tomcat/9.0.63]
2022-06-28 23:40:38 [ main:1390 ] - [ INFO ] Initializing Spring embedded WebApplicationContext
2022-06-28 23:40:38 [ main:1390 ] - [ INFO ] Root WebApplicationContext: initialization completed in 846 ms
2022-06-28 23:40:38 [ main:1841 ] - [ WARN ] Cannot find template location: classpath:/templates/ (please add some templates or check your Thymeleaf configuration)
2022-06-28 23:40:38 [ main:1902 ] - [ INFO ] Starting ProtocolHandler ["http-nio-8090"]
2022-06-28 23:40:38 [ main:1916 ] - [ INFO ] Tomcat started on port(s): 8090 (http) with context path ''
2022-06-28 23:40:38 [ main:1923 ] - [ INFO ] Started DemoApplication in 1.799 seconds (JVM running for 2.587)
2022-06-28 23:40:41 [ http-nio-8090-exec-1:4508 ] - [ INFO ] Initializing Spring DispatcherServlet 'dispatcherServlet'
2022-06-28 23:40:41 [ http-nio-8090-exec-1:4508 ] - [ INFO ] Initializing Servlet 'dispatcherServlet'
2022-06-28 23:40:41 [ http-nio-8090-exec-1:4509 ] - [ INFO ] Completed initialization in 1 ms
2022-06-28 23:41:03 [ http-nio-8090-exec-2:26631 ] - [ INFO ] HikariPool-1 - Starting...
2022-06-28 23:41:03 [ http-nio-8090-exec-2:26847 ] - [ INFO ] HikariPool-1 - Start completed.
2022-06-28 23:41:04 [ SpringApplicationShutdownHook:26997 ] - [ INFO ] HikariPool-1 - Shutdown initiated...
2022-06-28 23:41:04 [ SpringApplicationShutdownHook:27023 ] - [ INFO ] HikariPool-1 - Shutdown completed.
2022-06-28 23:41:06 [ main:506 ] - [ INFO ] Starting DemoApplication using Java 1.8.0_332 on DESKTOP-VEBRSLS with PID 9520 (C:\Users\Clown\IdeaProjects\demo\target\classes started by Clown in C:\Users\Clown\IdeaProjects\demo)
2022-06-28 23:41:06 [ main:508 ] - [ INFO ] No active profile set, falling back to 1 default profile: "default"
2022-06-28 23:41:07 [ main:1298 ] - [ INFO ] Tomcat initialized with port(s): 8090 (http)
2022-06-28 23:41:07 [ main:1305 ] - [ INFO ] Initializing ProtocolHandler ["http-nio-8090"]
2022-06-28 23:41:07 [ main:1305 ] - [ INFO ] Starting service [Tomcat]
2022-06-28 23:41:07 [ main:1305 ] - [ INFO ] Starting Servlet engine: [Apache Tomcat/9.0.63]
2022-06-28 23:41:07 [ main:1395 ] - [ INFO ] Initializing Spring embedded WebApplicationContext
2022-06-28 23:41:07 [ main:1395 ] - [ INFO ] Root WebApplicationContext: initialization completed in 846 ms
2022-06-28 23:41:08 [ main:1876 ] - [ WARN ] Cannot find template location: classpath:/templates/ (please add some templates or check your Thymeleaf configuration)
2022-06-28 23:41:08 [ main:1940 ] - [ INFO ] Starting ProtocolHandler ["http-nio-8090"]
2022-06-28 23:41:08 [ main:1953 ] - [ INFO ] Tomcat started on port(s): 8090 (http) with context path ''
2022-06-28 23:41:08 [ main:1961 ] - [ INFO ] Started DemoApplication in 1.827 seconds (JVM running for 2.704)
2022-06-28 23:41:19 [ http-nio-8090-exec-1:12643 ] - [ INFO ] Initializing Spring DispatcherServlet 'dispatcherServlet'
2022-06-28 23:41:19 [ http-nio-8090-exec-1:12643 ] - [ INFO ] Initializing Servlet 'dispatcherServlet'
2022-06-28 23:41:19 [ http-nio-8090-exec-1:12644 ] - [ INFO ] Completed initialization in 1 ms
2022-06-28 23:43:19 [ http-nio-8090-exec-1:133049 ] - [ INFO ] HikariPool-1 - Starting...
2022-06-28 23:43:19 [ http-nio-8090-exec-1:133272 ] - [ INFO ] HikariPool-1 - Start completed.
2022-06-28 23:43:19 [ SpringApplicationShutdownHook:133409 ] - [ INFO ] HikariPool-1 - Shutdown initiated...
2022-06-28 23:43:19 [ SpringApplicationShutdownHook:133419 ] - [ INFO ] HikariPool-1 - Shutdown completed.
2022-06-28 23:43:24 [ main:539 ] - [ INFO ] Starting DemoApplication using Java 1.8.0_332 on DESKTOP-VEBRSLS with PID 23504 (C:\Users\Clown\IdeaProjects\demo\target\classes started by Clown in C:\Users\Clown\IdeaProjects\demo)
2022-06-28 23:43:24 [ main:541 ] - [ INFO ] No active profile set, falling back to 1 default profile: "default"
2022-06-28 23:43:25 [ main:1300 ] - [ INFO ] Tomcat initialized with port(s): 8090 (http)
2022-06-28 23:43:25 [ main:1307 ] - [ INFO ] Initializing ProtocolHandler ["http-nio-8090"]
2022-06-28 23:43:25 [ main:1307 ] - [ INFO ] Starting service [Tomcat]
2022-06-28 23:43:25 [ main:1307 ] - [ INFO ] Starting Servlet engine: [Apache Tomcat/9.0.63]
2022-06-28 23:43:25 [ main:1388 ] - [ INFO ] Initializing Spring embedded WebApplicationContext
2022-06-28 23:43:25 [ main:1389 ] - [ INFO ] Root WebApplicationContext: initialization completed in 814 ms
2022-06-28 23:43:25 [ main:1823 ] - [ WARN ] Cannot find template location: classpath:/templates/ (please add some templates or check your Thymeleaf configuration)
2022-06-28 23:43:25 [ main:1884 ] - [ INFO ] Starting ProtocolHandler ["http-nio-8090"]
2022-06-28 23:43:25 [ main:1897 ] - [ INFO ] Tomcat started on port(s): 8090 (http) with context path ''
2022-06-28 23:43:25 [ main:1904 ] - [ INFO ] Started DemoApplication in 1.773 seconds (JVM running for 2.673)
2022-06-28 23:43:31 [ http-nio-8090-exec-1:7475 ] - [ INFO ] Initializing Spring DispatcherServlet 'dispatcherServlet'
2022-06-28 23:43:31 [ http-nio-8090-exec-1:7476 ] - [ INFO ] Initializing Servlet 'dispatcherServlet'
2022-06-28 23:43:31 [ http-nio-8090-exec-1:7476 ] - [ INFO ] Completed initialization in 0 ms
2022-06-28 23:46:24 [ http-nio-8090-exec-2:180183 ] - [ INFO ] HikariPool-1 - Starting...
2022-06-28 23:46:24 [ http-nio-8090-exec-2:180408 ] - [ INFO ] HikariPool-1 - Start completed.
2022-06-28 23:46:24 [ SpringApplicationShutdownHook:180542 ] - [ INFO ] HikariPool-1 - Shutdown initiated...
2022-06-28 23:46:24 [ SpringApplicationShutdownHook:180549 ] - [ INFO ] HikariPool-1 - Shutdown completed.
2022-06-28 23:46:29 [ main:471 ] - [ INFO ] Starting DemoApplication using Java 1.8.0_332 on DESKTOP-VEBRSLS with PID 24488 (C:\Users\Clown\IdeaProjects\demo\target\classes started by Clown in C:\Users\Clown\IdeaProjects\demo)
2022-06-28 23:46:29 [ main:473 ] - [ INFO ] No active profile set, falling back to 1 default profile: "default"
2022-06-28 23:46:30 [ main:1263 ] - [ INFO ] Tomcat initialized with port(s): 8090 (http)
2022-06-28 23:46:30 [ main:1269 ] - [ INFO ] Initializing ProtocolHandler ["http-nio-8090"]
2022-06-28 23:46:30 [ main:1270 ] - [ INFO ] Starting service [Tomcat]
2022-06-28 23:46:30 [ main:1270 ] - [ INFO ] Starting Servlet engine: [Apache Tomcat/9.0.63]
2022-06-28 23:46:30 [ main:1356 ] - [ INFO ] Initializing Spring embedded WebApplicationContext
2022-06-28 23:46:30 [ main:1356 ] - [ INFO ] Root WebApplicationContext: initialization completed in 848 ms
2022-06-28 23:46:30 [ main:1820 ] - [ WARN ] Cannot find template location: classpath:/templates/ (please add some templates or check your Thymeleaf configuration)
2022-06-28 23:46:30 [ main:1880 ] - [ INFO ] Starting ProtocolHandler ["http-nio-8090"]
2022-06-28 23:46:30 [ main:1894 ] - [ INFO ] Tomcat started on port(s): 8090 (http) with context path ''
2022-06-28 23:46:30 [ main:1901 ] - [ INFO ] Started DemoApplication in 1.779 seconds (JVM running for 2.632)
2022-06-28 23:46:31 [ http-nio-8090-exec-1:2632 ] - [ INFO ] Initializing Spring DispatcherServlet 'dispatcherServlet'
2022-06-28 23:46:31 [ http-nio-8090-exec-1:2632 ] - [ INFO ] Initializing Servlet 'dispatcherServlet'
2022-06-28 23:46:31 [ http-nio-8090-exec-1:2632 ] - [ INFO ] Completed initialization in 0 ms
2022-06-28 23:46:48 [ http-nio-8090-exec-3:19911 ] - [ INFO ] HikariPool-1 - Starting...
2022-06-28 23:46:49 [ http-nio-8090-exec-3:20127 ] - [ INFO ] HikariPool-1 - Start completed.
2022-06-28 23:46:49 [ SpringApplicationShutdownHook:20253 ] - [ INFO ] HikariPool-1 - Shutdown initiated...
2022-06-28 23:46:49 [ SpringApplicationShutdownHook:20283 ] - [ INFO ] HikariPool-1 - Shutdown completed.
2022-06-28 23:46:53 [ main:509 ] - [ INFO ] Starting DemoApplication using Java 1.8.0_332 on DESKTOP-VEBRSLS with PID 18104 (C:\Users\Clown\IdeaProjects\demo\target\classes started by Clown in C:\Users\Clown\IdeaProjects\demo)
2022-06-28 23:46:53 [ main:511 ] - [ INFO ] No active profile set, falling back to 1 default profile: "default"
2022-06-28 23:46:54 [ main:1297 ] - [ INFO ] Tomcat initialized with port(s): 8090 (http)
2022-06-28 23:46:54 [ main:1304 ] - [ INFO ] Initializing ProtocolHandler ["http-nio-8090"]
2022-06-28 23:46:54 [ main:1304 ] - [ INFO ] Starting service [Tomcat]
2022-06-28 23:46:54 [ main:1304 ] - [ INFO ] Starting Servlet engine: [Apache Tomcat/9.0.63]
2022-06-28 23:46:54 [ main:1388 ] - [ INFO ] Initializing Spring embedded WebApplicationContext
2022-06-28 23:46:54 [ main:1388 ] - [ INFO ] Root WebApplicationContext: initialization completed in 842 ms
2022-06-28 23:46:55 [ main:1827 ] - [ WARN ] Cannot find template location: classpath:/templates/ (please add some templates or check your Thymeleaf configuration)
2022-06-28 23:46:55 [ main:1890 ] - [ INFO ] Starting ProtocolHandler ["http-nio-8090"]
2022-06-28 23:46:55 [ main:1904 ] - [ INFO ] Tomcat started on port(s): 8090 (http) with context path ''
2022-06-28 23:46:55 [ main:1911 ] - [ INFO ] Started DemoApplication in 1.786 seconds (JVM running for 2.585)
2022-06-28 23:47:01 [ http-nio-8090-exec-1:8120 ] - [ INFO ] Initializing Spring DispatcherServlet 'dispatcherServlet'
2022-06-28 23:47:01 [ http-nio-8090-exec-1:8120 ] - [ INFO ] Initializing Servlet 'dispatcherServlet'
2022-06-28 23:47:01 [ http-nio-8090-exec-1:8121 ] - [ INFO ] Completed initialization in 1 ms
2022-06-28 23:48:08 [ http-nio-8090-exec-2:75166 ] - [ INFO ] HikariPool-1 - Starting...
2022-06-28 23:48:08 [ http-nio-8090-exec-2:75389 ] - [ INFO ] HikariPool-1 - Start completed.
2022-06-28 23:48:08 [ SpringApplicationShutdownHook:75533 ] - [ INFO ] HikariPool-1 - Shutdown initiated...
2022-06-28 23:48:08 [ SpringApplicationShutdownHook:75557 ] - [ INFO ] HikariPool-1 - Shutdown completed.
2022-06-28 23:50:53 [ main:518 ] - [ INFO ] Starting DemoApplication using Java 1.8.0_332 on DESKTOP-VEBRSLS with PID 21172 (C:\Users\Clown\IdeaProjects\demo\target\classes started by Clown in C:\Users\Clown\IdeaProjects\demo)
2022-06-28 23:50:53 [ main:520 ] - [ INFO ] No active profile set, falling back to 1 default profile: "default"
2022-06-28 23:50:54 [ main:1312 ] - [ INFO ] Tomcat initialized with port(s): 8090 (http)
2022-06-28 23:50:54 [ main:1319 ] - [ INFO ] Initializing ProtocolHandler ["http-nio-8090"]
2022-06-28 23:50:54 [ main:1320 ] - [ INFO ] Starting service [Tomcat]
2022-06-28 23:50:54 [ main:1320 ] - [ INFO ] Starting Servlet engine: [Apache Tomcat/9.0.63]
2022-06-28 23:50:54 [ main:1403 ] - [ INFO ] Initializing Spring embedded WebApplicationContext
2022-06-28 23:50:54 [ main:1403 ] - [ INFO ] Root WebApplicationContext: initialization completed in 845 ms
2022-06-28 23:50:54 [ main:1867 ] - [ WARN ] Cannot find template location: classpath:/templates/ (please add some templates or check your Thymeleaf configuration)
2022-06-28 23:50:54 [ main:1927 ] - [ INFO ] Starting ProtocolHandler ["http-nio-8090"]
2022-06-28 23:50:54 [ main:1942 ] - [ INFO ] Tomcat started on port(s): 8090 (http) with context path ''
2022-06-28 23:50:54 [ main:1949 ] - [ INFO ] Started DemoApplication in 1.818 seconds (JVM running for 2.682)
2022-06-28 23:51:00 [ http-nio-8090-exec-1:7545 ] - [ INFO ] Initializing Spring DispatcherServlet 'dispatcherServlet'
2022-06-28 23:51:00 [ http-nio-8090-exec-1:7545 ] - [ INFO ] Initializing Servlet 'dispatcherServlet'
2022-06-28 23:51:00 [ http-nio-8090-exec-1:7546 ] - [ INFO ] Completed initialization in 1 ms
2022-06-28 23:55:08 [ main:501 ] - [ INFO ] Starting DemoApplication using Java 1.8.0_332 on DESKTOP-VEBRSLS with PID 21488 (C:\Users\Clown\IdeaProjects\demo\target\classes started by Clown in C:\Users\Clown\IdeaProjects\demo)
2022-06-28 23:55:08 [ main:503 ] - [ INFO ] No active profile set, falling back to 1 default profile: "default"
2022-06-28 23:55:09 [ main:1294 ] - [ INFO ] Tomcat initialized with port(s): 8090 (http)
2022-06-28 23:55:09 [ main:1301 ] - [ INFO ] Initializing ProtocolHandler ["http-nio-8090"]
2022-06-28 23:55:09 [ main:1302 ] - [ INFO ] Starting service [Tomcat]
2022-06-28 23:55:09 [ main:1302 ] - [ INFO ] Starting Servlet engine: [Apache Tomcat/9.0.63]
2022-06-28 23:55:09 [ main:1387 ] - [ INFO ] Initializing Spring embedded WebApplicationContext
2022-06-28 23:55:09 [ main:1387 ] - [ INFO ] Root WebApplicationContext: initialization completed in 846 ms
2022-06-28 23:55:10 [ main:1841 ] - [ WARN ] Cannot find template location: classpath:/templates/ (please add some templates or check your Thymeleaf configuration)
2022-06-28 23:55:10 [ main:1901 ] - [ INFO ] Starting ProtocolHandler ["http-nio-8090"]
2022-06-28 23:55:10 [ main:1915 ] - [ INFO ] Tomcat started on port(s): 8090 (http) with context path ''
2022-06-28 23:55:10 [ main:1922 ] - [ INFO ] Started DemoApplication in 1.801 seconds (JVM running for 2.656)
2022-06-28 23:55:13 [ http-nio-8090-exec-1:5685 ] - [ INFO ] Initializing Spring DispatcherServlet 'dispatcherServlet'
2022-06-28 23:55:13 [ http-nio-8090-exec-1:5685 ] - [ INFO ] Initializing Servlet 'dispatcherServlet'
2022-06-28 23:55:13 [ http-nio-8090-exec-1:5685 ] - [ INFO ] Completed initialization in 0 ms
