2022-06-14 00:07:55 [ SpringApplicationShutdownHook:10209485 ] - [ INFO ] HikariPool-1 - Shutdown initiated...
2022-06-14 00:07:55 [ SpringApplicationShutdownHook:10209485 ] - [ INFO ] HikariPool-1 - Shutdown completed.
2022-06-14 16:22:13 [ main:507 ] - [ INFO ] Starting DemoApplication using Java 1.8.0_332 on DESKTOP-VEBRSLS with PID 15604 (C:\Users\Clown\IdeaProjects\demo\target\classes started by Clown in C:\Users\Clown\IdeaProjects\demo)
2022-06-14 16:22:13 [ main:509 ] - [ INFO ] No active profile set, falling back to 1 default profile: "default"
2022-06-14 16:22:14 [ main:1257 ] - [ INFO ] Tomcat initialized with port(s): 8090 (http)
2022-06-14 16:22:14 [ main:1257 ] - [ INFO ] Initializing ProtocolHandler ["http-nio-8090"]
2022-06-14 16:22:14 [ main:1257 ] - [ INFO ] Starting service [Tomcat]
2022-06-14 16:22:14 [ main:1257 ] - [ INFO ] Starting Servlet engine: [Apache Tomcat/9.0.63]
2022-06-14 16:22:14 [ main:1350 ] - [ INFO ] Initializing Spring embedded WebApplicationContext
2022-06-14 16:22:14 [ main:1350 ] - [ INFO ] Root WebApplicationContext: initialization completed in 806 ms
2022-06-14 16:22:14 [ main:1835 ] - [ INFO ] Starting ProtocolHandler ["http-nio-8090"]
2022-06-14 16:22:14 [ main:1850 ] - [ INFO ] Tomcat started on port(s): 8090 (http) with context path ''
2022-06-14 16:22:14 [ main:1850 ] - [ INFO ] Started DemoApplication in 1.731 seconds (JVM running for 2.502)
2022-06-14 16:22:25 [ http-nio-8090-exec-2:12054 ] - [ INFO ] Initializing Spring DispatcherServlet 'dispatcherServlet'
2022-06-14 16:22:25 [ http-nio-8090-exec-2:12054 ] - [ INFO ] Initializing Servlet 'dispatcherServlet'
2022-06-14 16:22:25 [ http-nio-8090-exec-2:12055 ] - [ INFO ] Completed initialization in 1 ms
2022-06-14 16:22:25 [ http-nio-8090-exec-2:12139 ] - [ INFO ] HikariPool-1 - Starting...
2022-06-14 16:22:25 [ http-nio-8090-exec-2:12411 ] - [ INFO ] HikariPool-1 - Start completed.
2022-06-14 19:14:33 [ SpringApplicationShutdownHook:10340242 ] - [ INFO ] HikariPool-1 - Shutdown initiated...
2022-06-14 19:14:33 [ SpringApplicationShutdownHook:10340248 ] - [ INFO ] HikariPool-1 - Shutdown completed.
2022-06-14 19:14:37 [ main:427 ] - [ INFO ] Starting DemoApplication using Java 1.8.0_332 on DESKTOP-VEBRSLS with PID 28628 (C:\Users\Clown\IdeaProjects\demo\target\classes started by Clown in C:\Users\Clown\IdeaProjects\demo)
2022-06-14 19:14:37 [ main:429 ] - [ INFO ] No active profile set, falling back to 1 default profile: "default"
2022-06-14 19:14:38 [ main:1147 ] - [ INFO ] Tomcat initialized with port(s): 8090 (http)
2022-06-14 19:14:38 [ main:1152 ] - [ INFO ] Initializing ProtocolHandler ["http-nio-8090"]
2022-06-14 19:14:38 [ main:1153 ] - [ INFO ] Starting service [Tomcat]
2022-06-14 19:14:38 [ main:1153 ] - [ INFO ] Starting Servlet engine: [Apache Tomcat/9.0.63]
2022-06-14 19:14:38 [ main:1229 ] - [ INFO ] Initializing Spring embedded WebApplicationContext
2022-06-14 19:14:38 [ main:1229 ] - [ INFO ] Root WebApplicationContext: initialization completed in 769 ms
2022-06-14 19:14:38 [ main:1652 ] - [ INFO ] Starting ProtocolHandler ["http-nio-8090"]
2022-06-14 19:14:38 [ main:1663 ] - [ INFO ] Tomcat started on port(s): 8090 (http) with context path ''
2022-06-14 19:14:38 [ main:1670 ] - [ INFO ] Started DemoApplication in 1.562 seconds (JVM running for 2.262)
2022-06-14 19:14:47 [ http-nio-8090-exec-1:10256 ] - [ INFO ] Initializing Spring DispatcherServlet 'dispatcherServlet'
2022-06-14 19:14:47 [ http-nio-8090-exec-1:10257 ] - [ INFO ] Initializing Servlet 'dispatcherServlet'
2022-06-14 19:14:47 [ http-nio-8090-exec-1:10257 ] - [ INFO ] Completed initialization in 0 ms
2022-06-14 19:15:05 [ main:489 ] - [ INFO ] Starting DemoApplication using Java 1.8.0_332 on DESKTOP-VEBRSLS with PID 15132 (C:\Users\Clown\IdeaProjects\demo\target\classes started by Clown in C:\Users\Clown\IdeaProjects\demo)
2022-06-14 19:15:05 [ main:491 ] - [ INFO ] No active profile set, falling back to 1 default profile: "default"
2022-06-14 19:15:06 [ main:1301 ] - [ INFO ] Tomcat initialized with port(s): 8090 (http)
2022-06-14 19:15:06 [ main:1307 ] - [ INFO ] Initializing ProtocolHandler ["http-nio-8090"]
2022-06-14 19:15:06 [ main:1308 ] - [ INFO ] Starting service [Tomcat]
2022-06-14 19:15:06 [ main:1308 ] - [ INFO ] Starting Servlet engine: [Apache Tomcat/9.0.63]
2022-06-14 19:15:06 [ main:1390 ] - [ INFO ] Initializing Spring embedded WebApplicationContext
2022-06-14 19:15:06 [ main:1390 ] - [ INFO ] Root WebApplicationContext: initialization completed in 857 ms
2022-06-14 19:15:06 [ main:1921 ] - [ INFO ] Starting ProtocolHandler ["http-nio-8090"]
2022-06-14 19:15:06 [ main:1935 ] - [ INFO ] Tomcat started on port(s): 8090 (http) with context path ''
2022-06-14 19:15:06 [ main:1942 ] - [ INFO ] Started DemoApplication in 1.816 seconds (JVM running for 3.061)
2022-06-14 19:15:11 [ http-nio-8090-exec-1:6730 ] - [ INFO ] Initializing Spring DispatcherServlet 'dispatcherServlet'
2022-06-14 19:15:11 [ http-nio-8090-exec-1:6730 ] - [ INFO ] Initializing Servlet 'dispatcherServlet'
2022-06-14 19:15:11 [ http-nio-8090-exec-1:6731 ] - [ INFO ] Completed initialization in 1 ms
2022-06-14 19:56:47 [ main:525 ] - [ INFO ] Starting DemoApplication using Java 1.8.0_332 on DESKTOP-VEBRSLS with PID 37880 (C:\Users\Clown\IdeaProjects\demo\target\classes started by Clown in C:\Users\Clown\IdeaProjects\demo)
2022-06-14 19:56:47 [ main:528 ] - [ INFO ] No active profile set, falling back to 1 default profile: "default"
2022-06-14 19:56:47 [ main:1352 ] - [ INFO ] Tomcat initialized with port(s): 8090 (http)
2022-06-14 19:56:47 [ main:1359 ] - [ INFO ] Initializing ProtocolHandler ["http-nio-8090"]
2022-06-14 19:56:47 [ main:1360 ] - [ INFO ] Starting service [Tomcat]
2022-06-14 19:56:47 [ main:1360 ] - [ INFO ] Starting Servlet engine: [Apache Tomcat/9.0.63]
2022-06-14 19:56:48 [ main:1446 ] - [ INFO ] Initializing Spring embedded WebApplicationContext
2022-06-14 19:56:48 [ main:1447 ] - [ INFO ] Root WebApplicationContext: initialization completed in 880 ms
2022-06-14 19:56:48 [ main:1948 ] - [ INFO ] Starting ProtocolHandler ["http-nio-8090"]
2022-06-14 19:56:48 [ main:1961 ] - [ INFO ] Tomcat started on port(s): 8090 (http) with context path ''
2022-06-14 19:56:48 [ main:1969 ] - [ INFO ] Started DemoApplication in 1.827 seconds (JVM running for 2.699)
2022-06-14 19:57:01 [ http-nio-8090-exec-1:14619 ] - [ INFO ] Initializing Spring DispatcherServlet 'dispatcherServlet'
2022-06-14 19:57:01 [ http-nio-8090-exec-1:14619 ] - [ INFO ] Initializing Servlet 'dispatcherServlet'
2022-06-14 19:57:01 [ http-nio-8090-exec-1:14619 ] - [ INFO ] Completed initialization in 0 ms
2022-06-14 19:58:23 [ main:527 ] - [ INFO ] Starting DemoApplication using Java 1.8.0_332 on DESKTOP-VEBRSLS with PID 14600 (C:\Users\Clown\IdeaProjects\demo\target\classes started by Clown in C:\Users\Clown\IdeaProjects\demo)
2022-06-14 19:58:23 [ main:529 ] - [ INFO ] No active profile set, falling back to 1 default profile: "default"
2022-06-14 19:58:24 [ main:1414 ] - [ INFO ] Tomcat initialized with port(s): 8090 (http)
2022-06-14 19:58:24 [ main:1421 ] - [ INFO ] Initializing ProtocolHandler ["http-nio-8090"]
2022-06-14 19:58:24 [ main:1422 ] - [ INFO ] Starting service [Tomcat]
2022-06-14 19:58:24 [ main:1422 ] - [ INFO ] Starting Servlet engine: [Apache Tomcat/9.0.63]
2022-06-14 19:58:24 [ main:1511 ] - [ INFO ] Initializing Spring embedded WebApplicationContext
2022-06-14 19:58:24 [ main:1511 ] - [ INFO ] Root WebApplicationContext: initialization completed in 946 ms
2022-06-14 19:58:25 [ main:2030 ] - [ INFO ] Starting ProtocolHandler ["http-nio-8090"]
2022-06-14 19:58:25 [ main:2045 ] - [ INFO ] Tomcat started on port(s): 8090 (http) with context path ''
2022-06-14 19:58:25 [ main:2054 ] - [ INFO ] Started DemoApplication in 1.915 seconds (JVM running for 2.775)
2022-06-14 20:03:22 [ main:518 ] - [ INFO ] Starting DemoApplication using Java 1.8.0_332 on DESKTOP-VEBRSLS with PID 37240 (C:\Users\Clown\IdeaProjects\demo\target\classes started by Clown in C:\Users\Clown\IdeaProjects\demo)
2022-06-14 20:03:22 [ main:520 ] - [ INFO ] No active profile set, falling back to 1 default profile: "default"
2022-06-14 20:03:23 [ main:1318 ] - [ INFO ] Tomcat initialized with port(s): 8090 (http)
2022-06-14 20:03:23 [ main:1325 ] - [ INFO ] Initializing ProtocolHandler ["http-nio-8090"]
2022-06-14 20:03:23 [ main:1326 ] - [ INFO ] Starting service [Tomcat]
2022-06-14 20:03:23 [ main:1326 ] - [ INFO ] Starting Servlet engine: [Apache Tomcat/9.0.63]
2022-06-14 20:03:23 [ main:1415 ] - [ INFO ] Initializing Spring embedded WebApplicationContext
2022-06-14 20:03:23 [ main:1415 ] - [ INFO ] Root WebApplicationContext: initialization completed in 860 ms
2022-06-14 20:03:23 [ main:1932 ] - [ INFO ] Starting ProtocolHandler ["http-nio-8090"]
2022-06-14 20:03:23 [ main:1945 ] - [ INFO ] Tomcat started on port(s): 8090 (http) with context path ''
2022-06-14 20:03:23 [ main:1952 ] - [ INFO ] Started DemoApplication in 1.821 seconds (JVM running for 2.557)
2022-06-14 20:03:35 [ http-nio-8090-exec-2:13541 ] - [ INFO ] Initializing Spring DispatcherServlet 'dispatcherServlet'
2022-06-14 20:03:35 [ http-nio-8090-exec-2:13542 ] - [ INFO ] Initializing Servlet 'dispatcherServlet'
2022-06-14 20:03:35 [ http-nio-8090-exec-2:13542 ] - [ INFO ] Completed initialization in 0 ms
2022-06-14 20:03:35 [ http-nio-8090-exec-1:13596 ] - [ WARN ] Resolved [org.springframework.web.HttpMediaTypeNotSupportedException: Content type 'multipart/form-data;boundary=----WebKitFormBoundaryoEie28dLBoNjRBEj;charset=UTF-8' not supported]
2022-06-14 20:03:48 [ main:532 ] - [ INFO ] Starting DemoApplication using Java 1.8.0_332 on DESKTOP-VEBRSLS with PID 33688 (C:\Users\Clown\IdeaProjects\demo\target\classes started by Clown in C:\Users\Clown\IdeaProjects\demo)
2022-06-14 20:03:48 [ main:534 ] - [ INFO ] No active profile set, falling back to 1 default profile: "default"
2022-06-14 20:03:49 [ main:1333 ] - [ INFO ] Tomcat initialized with port(s): 8090 (http)
2022-06-14 20:03:49 [ main:1340 ] - [ INFO ] Initializing ProtocolHandler ["http-nio-8090"]
2022-06-14 20:03:49 [ main:1341 ] - [ INFO ] Starting service [Tomcat]
2022-06-14 20:03:49 [ main:1341 ] - [ INFO ] Starting Servlet engine: [Apache Tomcat/9.0.63]
2022-06-14 20:03:49 [ main:1428 ] - [ INFO ] Initializing Spring embedded WebApplicationContext
2022-06-14 20:03:49 [ main:1428 ] - [ INFO ] Root WebApplicationContext: initialization completed in 860 ms
2022-06-14 20:03:50 [ main:1932 ] - [ INFO ] Starting ProtocolHandler ["http-nio-8090"]
2022-06-14 20:03:50 [ main:1946 ] - [ INFO ] Tomcat started on port(s): 8090 (http) with context path ''
2022-06-14 20:03:50 [ main:1954 ] - [ INFO ] Started DemoApplication in 1.8 seconds (JVM running for 2.646)
2022-06-14 20:04:01 [ http-nio-8090-exec-2:12837 ] - [ INFO ] Initializing Spring DispatcherServlet 'dispatcherServlet'
2022-06-14 20:04:01 [ http-nio-8090-exec-2:12837 ] - [ INFO ] Initializing Servlet 'dispatcherServlet'
2022-06-14 20:04:01 [ http-nio-8090-exec-2:12837 ] - [ INFO ] Completed initialization in 0 ms
2022-06-14 20:04:01 [ http-nio-8090-exec-1:12894 ] - [ WARN ] Resolved [org.springframework.web.HttpMediaTypeNotSupportedException: Content type 'multipart/form-data;boundary=----WebKitFormBoundarygIpeaP7NaIWyus7B;charset=UTF-8' not supported]
2022-06-14 20:06:35 [ main:506 ] - [ INFO ] Starting DemoApplication using Java 1.8.0_332 on DESKTOP-VEBRSLS with PID 35672 (C:\Users\Clown\IdeaProjects\demo\target\classes started by Clown in C:\Users\Clown\IdeaProjects\demo)
2022-06-14 20:06:35 [ main:508 ] - [ INFO ] No active profile set, falling back to 1 default profile: "default"
2022-06-14 20:06:36 [ main:1335 ] - [ INFO ] Tomcat initialized with port(s): 8090 (http)
2022-06-14 20:06:36 [ main:1342 ] - [ INFO ] Initializing ProtocolHandler ["http-nio-8090"]
2022-06-14 20:06:36 [ main:1343 ] - [ INFO ] Starting service [Tomcat]
2022-06-14 20:06:36 [ main:1343 ] - [ INFO ] Starting Servlet engine: [Apache Tomcat/9.0.63]
2022-06-14 20:06:36 [ main:1426 ] - [ INFO ] Initializing Spring embedded WebApplicationContext
2022-06-14 20:06:36 [ main:1426 ] - [ INFO ] Root WebApplicationContext: initialization completed in 881 ms
2022-06-14 20:06:36 [ main:1969 ] - [ INFO ] Starting ProtocolHandler ["http-nio-8090"]
2022-06-14 20:06:36 [ main:1982 ] - [ INFO ] Tomcat started on port(s): 8090 (http) with context path ''
2022-06-14 20:06:36 [ main:1990 ] - [ INFO ] Started DemoApplication in 1.856 seconds (JVM running for 2.691)
2022-06-14 20:06:54 [ http-nio-8090-exec-1:19350 ] - [ INFO ] Initializing Spring DispatcherServlet 'dispatcherServlet'
2022-06-14 20:06:54 [ http-nio-8090-exec-1:19350 ] - [ INFO ] Initializing Servlet 'dispatcherServlet'
2022-06-14 20:06:54 [ http-nio-8090-exec-1:19351 ] - [ INFO ] Completed initialization in 1 ms
2022-06-14 20:11:22 [ main:528 ] - [ INFO ] Starting DemoApplication using Java 1.8.0_332 on DESKTOP-VEBRSLS with PID 34652 (C:\Users\Clown\IdeaProjects\demo\target\classes started by Clown in C:\Users\Clown\IdeaProjects\demo)
2022-06-14 20:11:22 [ main:530 ] - [ INFO ] No active profile set, falling back to 1 default profile: "default"
2022-06-14 20:11:23 [ main:1342 ] - [ INFO ] Tomcat initialized with port(s): 8090 (http)
2022-06-14 20:11:23 [ main:1349 ] - [ INFO ] Initializing ProtocolHandler ["http-nio-8090"]
2022-06-14 20:11:23 [ main:1350 ] - [ INFO ] Starting service [Tomcat]
2022-06-14 20:11:23 [ main:1350 ] - [ INFO ] Starting Servlet engine: [Apache Tomcat/9.0.63]
2022-06-14 20:11:23 [ main:1434 ] - [ INFO ] Initializing Spring embedded WebApplicationContext
2022-06-14 20:11:23 [ main:1434 ] - [ INFO ] Root WebApplicationContext: initialization completed in 864 ms
2022-06-14 20:11:24 [ main:1961 ] - [ INFO ] Starting ProtocolHandler ["http-nio-8090"]
2022-06-14 20:11:24 [ main:1975 ] - [ INFO ] Tomcat started on port(s): 8090 (http) with context path ''
2022-06-14 20:11:24 [ main:1983 ] - [ INFO ] Started DemoApplication in 1.847 seconds (JVM running for 2.667)
2022-06-14 20:14:22 [ http-nio-8090-exec-1:180192 ] - [ INFO ] Initializing Spring DispatcherServlet 'dispatcherServlet'
2022-06-14 20:14:22 [ http-nio-8090-exec-1:180192 ] - [ INFO ] Initializing Servlet 'dispatcherServlet'
2022-06-14 20:14:22 [ http-nio-8090-exec-1:180192 ] - [ INFO ] Completed initialization in 0 ms
2022-06-14 20:21:38 [ main:424 ] - [ INFO ] Starting DemoApplication using Java 1.8.0_332 on DESKTOP-VEBRSLS with PID 29844 (C:\Users\Clown\IdeaProjects\demo\target\classes started by Clown in C:\Users\Clown\IdeaProjects\demo)
2022-06-14 20:21:38 [ main:426 ] - [ INFO ] No active profile set, falling back to 1 default profile: "default"
2022-06-14 20:21:38 [ main:1136 ] - [ INFO ] Tomcat initialized with port(s): 8090 (http)
2022-06-14 20:21:38 [ main:1141 ] - [ INFO ] Initializing ProtocolHandler ["http-nio-8090"]
2022-06-14 20:21:38 [ main:1142 ] - [ INFO ] Starting service [Tomcat]
2022-06-14 20:21:38 [ main:1142 ] - [ INFO ] Starting Servlet engine: [Apache Tomcat/9.0.63]
2022-06-14 20:21:39 [ main:1219 ] - [ INFO ] Initializing Spring embedded WebApplicationContext
2022-06-14 20:21:39 [ main:1219 ] - [ INFO ] Root WebApplicationContext: initialization completed in 761 ms
2022-06-14 20:21:39 [ main:1667 ] - [ INFO ] Starting ProtocolHandler ["http-nio-8090"]
2022-06-14 20:21:39 [ main:1679 ] - [ INFO ] Tomcat started on port(s): 8090 (http) with context path ''
2022-06-14 20:21:39 [ main:1686 ] - [ INFO ] Started DemoApplication in 1.577 seconds (JVM running for 2.294)
2022-06-14 20:23:25 [ main:512 ] - [ INFO ] Starting DemoApplication using Java 1.8.0_332 on DESKTOP-VEBRSLS with PID 18024 (C:\Users\Clown\IdeaProjects\demo\target\classes started by Clown in C:\Users\Clown\IdeaProjects\demo)
2022-06-14 20:23:25 [ main:514 ] - [ INFO ] No active profile set, falling back to 1 default profile: "default"
2022-06-14 20:23:26 [ main:1348 ] - [ INFO ] Tomcat initialized with port(s): 8090 (http)
2022-06-14 20:23:26 [ main:1355 ] - [ INFO ] Initializing ProtocolHandler ["http-nio-8090"]
2022-06-14 20:23:26 [ main:1355 ] - [ INFO ] Starting service [Tomcat]
2022-06-14 20:23:26 [ main:1356 ] - [ INFO ] Starting Servlet engine: [Apache Tomcat/9.0.63]
2022-06-14 20:23:26 [ main:1439 ] - [ INFO ] Initializing Spring embedded WebApplicationContext
2022-06-14 20:23:26 [ main:1439 ] - [ INFO ] Root WebApplicationContext: initialization completed in 888 ms
2022-06-14 20:23:27 [ main:1957 ] - [ INFO ] Starting ProtocolHandler ["http-nio-8090"]
2022-06-14 20:23:27 [ main:1971 ] - [ INFO ] Tomcat started on port(s): 8090 (http) with context path ''
2022-06-14 20:23:27 [ main:1981 ] - [ INFO ] Started DemoApplication in 1.842 seconds (JVM running for 2.692)
2022-06-14 20:28:05 [ http-nio-8090-exec-2:280251 ] - [ INFO ] Initializing Spring DispatcherServlet 'dispatcherServlet'
2022-06-14 20:28:05 [ http-nio-8090-exec-2:280251 ] - [ INFO ] Initializing Servlet 'dispatcherServlet'
2022-06-14 20:28:05 [ http-nio-8090-exec-2:280252 ] - [ INFO ] Completed initialization in 1 ms
2022-06-14 20:37:15 [ main:532 ] - [ INFO ] Starting DemoApplication using Java 1.8.0_332 on DESKTOP-VEBRSLS with PID 20984 (C:\Users\Clown\IdeaProjects\demo\target\classes started by Clown in C:\Users\Clown\IdeaProjects\demo)
2022-06-14 20:37:15 [ main:535 ] - [ INFO ] No active profile set, falling back to 1 default profile: "default"
2022-06-14 20:37:15 [ main:1361 ] - [ INFO ] Tomcat initialized with port(s): 8090 (http)
2022-06-14 20:37:15 [ main:1369 ] - [ INFO ] Initializing ProtocolHandler ["http-nio-8090"]
2022-06-14 20:37:15 [ main:1369 ] - [ INFO ] Starting service [Tomcat]
2022-06-14 20:37:15 [ main:1369 ] - [ INFO ] Starting Servlet engine: [Apache Tomcat/9.0.63]
2022-06-14 20:37:15 [ main:1454 ] - [ INFO ] Initializing Spring embedded WebApplicationContext
2022-06-14 20:37:15 [ main:1454 ] - [ INFO ] Root WebApplicationContext: initialization completed in 872 ms
2022-06-14 20:37:16 [ main:1956 ] - [ INFO ] Starting ProtocolHandler ["http-nio-8090"]
2022-06-14 20:37:16 [ main:1969 ] - [ INFO ] Tomcat started on port(s): 8090 (http) with context path ''
2022-06-14 20:37:16 [ main:1977 ] - [ INFO ] Started DemoApplication in 1.846 seconds (JVM running for 2.633)
2022-06-14 20:38:07 [ http-nio-8090-exec-1:53388 ] - [ INFO ] Initializing Spring DispatcherServlet 'dispatcherServlet'
2022-06-14 20:38:07 [ http-nio-8090-exec-1:53388 ] - [ INFO ] Initializing Servlet 'dispatcherServlet'
2022-06-14 20:38:07 [ http-nio-8090-exec-1:53389 ] - [ INFO ] Completed initialization in 1 ms
2022-06-14 20:46:39 [ main:503 ] - [ INFO ] Starting DemoApplication using Java 1.8.0_332 on DESKTOP-VEBRSLS with PID 8180 (C:\Users\Clown\IdeaProjects\demo\target\classes started by Clown in C:\Users\Clown\IdeaProjects\demo)
2022-06-14 20:46:39 [ main:505 ] - [ INFO ] No active profile set, falling back to 1 default profile: "default"
2022-06-14 20:46:40 [ main:1293 ] - [ INFO ] Tomcat initialized with port(s): 8090 (http)
2022-06-14 20:46:40 [ main:1300 ] - [ INFO ] Initializing ProtocolHandler ["http-nio-8090"]
2022-06-14 20:46:40 [ main:1300 ] - [ INFO ] Starting service [Tomcat]
2022-06-14 20:46:40 [ main:1300 ] - [ INFO ] Starting Servlet engine: [Apache Tomcat/9.0.63]
2022-06-14 20:46:40 [ main:1384 ] - [ INFO ] Initializing Spring embedded WebApplicationContext
2022-06-14 20:46:40 [ main:1384 ] - [ INFO ] Root WebApplicationContext: initialization completed in 844 ms
2022-06-14 20:46:40 [ main:1917 ] - [ INFO ] Starting ProtocolHandler ["http-nio-8090"]
2022-06-14 20:46:40 [ main:1931 ] - [ INFO ] Tomcat started on port(s): 8090 (http) with context path ''
2022-06-14 20:46:40 [ main:1939 ] - [ INFO ] Started DemoApplication in 1.811 seconds (JVM running for 2.591)
2022-06-14 20:48:14 [ main:505 ] - [ INFO ] Starting DemoApplication using Java 1.8.0_332 on DESKTOP-VEBRSLS with PID 37744 (C:\Users\Clown\IdeaProjects\demo\target\classes started by Clown in C:\Users\Clown\IdeaProjects\demo)
2022-06-14 20:48:14 [ main:507 ] - [ INFO ] No active profile set, falling back to 1 default profile: "default"
2022-06-14 20:48:15 [ main:1288 ] - [ INFO ] Tomcat initialized with port(s): 8090 (http)
2022-06-14 20:48:15 [ main:1295 ] - [ INFO ] Initializing ProtocolHandler ["http-nio-8090"]
2022-06-14 20:48:15 [ main:1295 ] - [ INFO ] Starting service [Tomcat]
2022-06-14 20:48:15 [ main:1295 ] - [ INFO ] Starting Servlet engine: [Apache Tomcat/9.0.63]
2022-06-14 20:48:15 [ main:1380 ] - [ INFO ] Initializing Spring embedded WebApplicationContext
2022-06-14 20:48:15 [ main:1380 ] - [ INFO ] Root WebApplicationContext: initialization completed in 836 ms
2022-06-14 20:48:16 [ main:1915 ] - [ INFO ] Starting ProtocolHandler ["http-nio-8090"]
2022-06-14 20:48:16 [ main:1931 ] - [ INFO ] Tomcat started on port(s): 8090 (http) with context path ''
2022-06-14 20:48:16 [ main:1939 ] - [ INFO ] Started DemoApplication in 1.81 seconds (JVM running for 2.62)
2022-06-14 20:48:41 [ http-nio-8090-exec-2:27058 ] - [ INFO ] Initializing Spring DispatcherServlet 'dispatcherServlet'
2022-06-14 20:48:41 [ http-nio-8090-exec-2:27059 ] - [ INFO ] Initializing Servlet 'dispatcherServlet'
2022-06-14 20:48:41 [ http-nio-8090-exec-2:27059 ] - [ INFO ] Completed initialization in 0 ms
2022-06-14 20:53:02 [ main:487 ] - [ INFO ] Starting DemoApplication using Java 1.8.0_332 on DESKTOP-VEBRSLS with PID 38376 (C:\Users\Clown\IdeaProjects\demo\target\classes started by Clown in C:\Users\Clown\IdeaProjects\demo)
2022-06-14 20:53:02 [ main:490 ] - [ INFO ] No active profile set, falling back to 1 default profile: "default"
2022-06-14 20:53:03 [ main:1317 ] - [ INFO ] Tomcat initialized with port(s): 8090 (http)
2022-06-14 20:53:03 [ main:1323 ] - [ INFO ] Initializing ProtocolHandler ["http-nio-8090"]
2022-06-14 20:53:03 [ main:1324 ] - [ INFO ] Starting service [Tomcat]
2022-06-14 20:53:03 [ main:1324 ] - [ INFO ] Starting Servlet engine: [Apache Tomcat/9.0.63]
2022-06-14 20:53:03 [ main:1407 ] - [ INFO ] Initializing Spring embedded WebApplicationContext
2022-06-14 20:53:03 [ main:1407 ] - [ INFO ] Root WebApplicationContext: initialization completed in 877 ms
2022-06-14 20:53:03 [ main:1951 ] - [ INFO ] Starting ProtocolHandler ["http-nio-8090"]
2022-06-14 20:53:03 [ main:1965 ] - [ INFO ] Tomcat started on port(s): 8090 (http) with context path ''
2022-06-14 20:53:03 [ main:1972 ] - [ INFO ] Started DemoApplication in 1.843 seconds (JVM running for 2.62)
2022-06-14 20:54:09 [ http-nio-8090-exec-1:67931 ] - [ INFO ] Initializing Spring DispatcherServlet 'dispatcherServlet'
2022-06-14 20:54:09 [ http-nio-8090-exec-1:67931 ] - [ INFO ] Initializing Servlet 'dispatcherServlet'
2022-06-14 20:54:09 [ http-nio-8090-exec-1:67932 ] - [ INFO ] Completed initialization in 1 ms
2022-06-14 20:59:54 [ main:517 ] - [ INFO ] Starting DemoApplication using Java 1.8.0_332 on DESKTOP-VEBRSLS with PID 36396 (C:\Users\Clown\IdeaProjects\demo\target\classes started by Clown in C:\Users\Clown\IdeaProjects\demo)
2022-06-14 20:59:54 [ main:519 ] - [ INFO ] No active profile set, falling back to 1 default profile: "default"
2022-06-14 20:59:55 [ main:1338 ] - [ INFO ] Tomcat initialized with port(s): 8090 (http)
2022-06-14 20:59:55 [ main:1345 ] - [ INFO ] Initializing ProtocolHandler ["http-nio-8090"]
2022-06-14 20:59:55 [ main:1345 ] - [ INFO ] Starting service [Tomcat]
2022-06-14 20:59:55 [ main:1345 ] - [ INFO ] Starting Servlet engine: [Apache Tomcat/9.0.63]
2022-06-14 20:59:55 [ main:1431 ] - [ INFO ] Initializing Spring embedded WebApplicationContext
2022-06-14 20:59:55 [ main:1431 ] - [ INFO ] Root WebApplicationContext: initialization completed in 876 ms
2022-06-14 20:59:55 [ main:1939 ] - [ INFO ] Starting ProtocolHandler ["http-nio-8090"]
2022-06-14 20:59:55 [ main:1953 ] - [ INFO ] Tomcat started on port(s): 8090 (http) with context path ''
2022-06-14 20:59:55 [ main:1960 ] - [ INFO ] Started DemoApplication in 1.826 seconds (JVM running for 2.616)
2022-06-14 21:00:17 [ http-nio-8090-exec-1:24001 ] - [ INFO ] Initializing Spring DispatcherServlet 'dispatcherServlet'
2022-06-14 21:00:17 [ http-nio-8090-exec-1:24001 ] - [ INFO ] Initializing Servlet 'dispatcherServlet'
2022-06-14 21:00:17 [ http-nio-8090-exec-1:24001 ] - [ INFO ] Completed initialization in 0 ms
2022-06-14 21:01:19 [ main:432 ] - [ INFO ] Starting DemoApplication using Java 1.8.0_332 on DESKTOP-VEBRSLS with PID 13340 (C:\Users\Clown\IdeaProjects\demo\target\classes started by Clown in C:\Users\Clown\IdeaProjects\demo)
2022-06-14 21:01:19 [ main:435 ] - [ INFO ] No active profile set, falling back to 1 default profile: "default"
2022-06-14 21:01:20 [ main:1195 ] - [ INFO ] Tomcat initialized with port(s): 8090 (http)
2022-06-14 21:01:20 [ main:1202 ] - [ INFO ] Initializing ProtocolHandler ["http-nio-8090"]
2022-06-14 21:01:20 [ main:1202 ] - [ INFO ] Starting service [Tomcat]
2022-06-14 21:01:20 [ main:1203 ] - [ INFO ] Starting Servlet engine: [Apache Tomcat/9.0.63]
2022-06-14 21:01:20 [ main:1286 ] - [ INFO ] Initializing Spring embedded WebApplicationContext
2022-06-14 21:01:20 [ main:1286 ] - [ INFO ] Root WebApplicationContext: initialization completed in 817 ms
2022-06-14 21:01:20 [ main:1725 ] - [ INFO ] Starting ProtocolHandler ["http-nio-8090"]
2022-06-14 21:01:21 [ main:1737 ] - [ INFO ] Tomcat started on port(s): 8090 (http) with context path ''
2022-06-14 21:01:21 [ main:1744 ] - [ INFO ] Started DemoApplication in 1.637 seconds (JVM running for 2.328)
2022-06-14 21:02:48 [ http-nio-8090-exec-2:89476 ] - [ INFO ] Initializing Spring DispatcherServlet 'dispatcherServlet'
2022-06-14 21:02:48 [ http-nio-8090-exec-2:89476 ] - [ INFO ] Initializing Servlet 'dispatcherServlet'
2022-06-14 21:02:48 [ http-nio-8090-exec-2:89477 ] - [ INFO ] Completed initialization in 1 ms
2022-06-14 21:04:33 [ main:430 ] - [ INFO ] Starting DemoApplication using Java 1.8.0_332 on DESKTOP-VEBRSLS with PID 34020 (C:\Users\Clown\IdeaProjects\demo\target\classes started by Clown in C:\Users\Clown\IdeaProjects\demo)
2022-06-14 21:04:33 [ main:431 ] - [ INFO ] No active profile set, falling back to 1 default profile: "default"
2022-06-14 21:04:34 [ main:1202 ] - [ INFO ] Tomcat initialized with port(s): 8090 (http)
2022-06-14 21:04:34 [ main:1208 ] - [ INFO ] Initializing ProtocolHandler ["http-nio-8090"]
2022-06-14 21:04:34 [ main:1208 ] - [ INFO ] Starting service [Tomcat]
2022-06-14 21:04:34 [ main:1209 ] - [ INFO ] Starting Servlet engine: [Apache Tomcat/9.0.63]
2022-06-14 21:04:34 [ main:1283 ] - [ INFO ] Initializing Spring embedded WebApplicationContext
2022-06-14 21:04:34 [ main:1283 ] - [ INFO ] Root WebApplicationContext: initialization completed in 820 ms
2022-06-14 21:04:34 [ main:1721 ] - [ INFO ] Starting ProtocolHandler ["http-nio-8090"]
2022-06-14 21:04:34 [ main:1734 ] - [ INFO ] Tomcat started on port(s): 8090 (http) with context path ''
2022-06-14 21:04:34 [ main:1741 ] - [ INFO ] Started DemoApplication in 1.63 seconds (JVM running for 2.434)
2022-06-14 21:04:49 [ http-nio-8090-exec-1:16669 ] - [ INFO ] Initializing Spring DispatcherServlet 'dispatcherServlet'
2022-06-14 21:04:49 [ http-nio-8090-exec-1:16669 ] - [ INFO ] Initializing Servlet 'dispatcherServlet'
2022-06-14 21:04:49 [ http-nio-8090-exec-1:16670 ] - [ INFO ] Completed initialization in 1 ms
2022-06-14 21:06:05 [ main:425 ] - [ INFO ] Starting DemoApplication using Java 1.8.0_332 on DESKTOP-VEBRSLS with PID 15452 (C:\Users\Clown\IdeaProjects\demo\target\classes started by Clown in C:\Users\Clown\IdeaProjects\demo)
2022-06-14 21:06:05 [ main:427 ] - [ INFO ] No active profile set, falling back to 1 default profile: "default"
2022-06-14 21:06:06 [ main:1161 ] - [ INFO ] Tomcat initialized with port(s): 8090 (http)
2022-06-14 21:06:06 [ main:1168 ] - [ INFO ] Initializing ProtocolHandler ["http-nio-8090"]
2022-06-14 21:06:06 [ main:1168 ] - [ INFO ] Starting service [Tomcat]
2022-06-14 21:06:06 [ main:1168 ] - [ INFO ] Starting Servlet engine: [Apache Tomcat/9.0.63]
2022-06-14 21:06:06 [ main:1273 ] - [ INFO ] Initializing Spring embedded WebApplicationContext
2022-06-14 21:06:06 [ main:1274 ] - [ INFO ] Root WebApplicationContext: initialization completed in 816 ms
2022-06-14 21:06:07 [ main:1821 ] - [ INFO ] Starting ProtocolHandler ["http-nio-8090"]
2022-06-14 21:06:07 [ main:1835 ] - [ INFO ] Tomcat started on port(s): 8090 (http) with context path ''
2022-06-14 21:06:07 [ main:1843 ] - [ INFO ] Started DemoApplication in 1.738 seconds (JVM running for 2.428)
2022-06-14 21:06:20 [ http-nio-8090-exec-1:15678 ] - [ INFO ] Initializing Spring DispatcherServlet 'dispatcherServlet'
2022-06-14 21:06:20 [ http-nio-8090-exec-1:15678 ] - [ INFO ] Initializing Servlet 'dispatcherServlet'
2022-06-14 21:06:20 [ http-nio-8090-exec-1:15678 ] - [ INFO ] Completed initialization in 0 ms
2022-06-14 21:06:39 [ main:522 ] - [ INFO ] Starting DemoApplication using Java 1.8.0_332 on DESKTOP-VEBRSLS with PID 30972 (C:\Users\Clown\IdeaProjects\demo\target\classes started by Clown in C:\Users\Clown\IdeaProjects\demo)
2022-06-14 21:06:39 [ main:525 ] - [ INFO ] No active profile set, falling back to 1 default profile: "default"
2022-06-14 21:06:40 [ main:1328 ] - [ INFO ] Tomcat initialized with port(s): 8090 (http)
2022-06-14 21:06:40 [ main:1335 ] - [ INFO ] Initializing ProtocolHandler ["http-nio-8090"]
2022-06-14 21:06:40 [ main:1336 ] - [ INFO ] Starting service [Tomcat]
2022-06-14 21:06:40 [ main:1336 ] - [ INFO ] Starting Servlet engine: [Apache Tomcat/9.0.63]
2022-06-14 21:06:40 [ main:1420 ] - [ INFO ] Initializing Spring embedded WebApplicationContext
2022-06-14 21:06:40 [ main:1420 ] - [ INFO ] Root WebApplicationContext: initialization completed in 856 ms
2022-06-14 21:06:40 [ main:1958 ] - [ INFO ] Starting ProtocolHandler ["http-nio-8090"]
2022-06-14 21:06:40 [ main:1975 ] - [ INFO ] Tomcat started on port(s): 8090 (http) with context path ''
2022-06-14 21:06:40 [ main:1984 ] - [ INFO ] Started DemoApplication in 1.855 seconds (JVM running for 2.681)
2022-06-14 21:06:45 [ http-nio-8090-exec-1:6910 ] - [ INFO ] Initializing Spring DispatcherServlet 'dispatcherServlet'
2022-06-14 21:06:45 [ http-nio-8090-exec-1:6910 ] - [ INFO ] Initializing Servlet 'dispatcherServlet'
2022-06-14 21:06:45 [ http-nio-8090-exec-1:6911 ] - [ INFO ] Completed initialization in 1 ms
2022-06-14 21:07:23 [ main:550 ] - [ INFO ] Starting DemoApplication using Java 1.8.0_332 on DESKTOP-VEBRSLS with PID 34076 (C:\Users\Clown\IdeaProjects\demo\target\classes started by Clown in C:\Users\Clown\IdeaProjects\demo)
2022-06-14 21:07:23 [ main:552 ] - [ INFO ] No active profile set, falling back to 1 default profile: "default"
2022-06-14 21:07:24 [ main:1337 ] - [ INFO ] Tomcat initialized with port(s): 8090 (http)
2022-06-14 21:07:24 [ main:1344 ] - [ INFO ] Initializing ProtocolHandler ["http-nio-8090"]
2022-06-14 21:07:24 [ main:1344 ] - [ INFO ] Starting service [Tomcat]
2022-06-14 21:07:24 [ main:1344 ] - [ INFO ] Starting Servlet engine: [Apache Tomcat/9.0.63]
2022-06-14 21:07:24 [ main:1428 ] - [ INFO ] Initializing Spring embedded WebApplicationContext
2022-06-14 21:07:24 [ main:1428 ] - [ INFO ] Root WebApplicationContext: initialization completed in 841 ms
2022-06-14 21:07:24 [ main:1933 ] - [ INFO ] Starting ProtocolHandler ["http-nio-8090"]
2022-06-14 21:07:24 [ main:1947 ] - [ INFO ] Tomcat started on port(s): 8090 (http) with context path ''
2022-06-14 21:07:24 [ main:1953 ] - [ INFO ] Started DemoApplication in 1.791 seconds (JVM running for 2.619)
2022-06-14 21:07:32 [ http-nio-8090-exec-2:9496 ] - [ INFO ] Initializing Spring DispatcherServlet 'dispatcherServlet'
2022-06-14 21:07:32 [ http-nio-8090-exec-2:9496 ] - [ INFO ] Initializing Servlet 'dispatcherServlet'
2022-06-14 21:07:32 [ http-nio-8090-exec-2:9497 ] - [ INFO ] Completed initialization in 1 ms
2022-06-14 21:12:51 [ main:513 ] - [ INFO ] Starting DemoApplication using Java 1.8.0_332 on DESKTOP-VEBRSLS with PID 15496 (C:\Users\Clown\IdeaProjects\demo\target\classes started by Clown in C:\Users\Clown\IdeaProjects\demo)
2022-06-14 21:12:51 [ main:515 ] - [ INFO ] No active profile set, falling back to 1 default profile: "default"
2022-06-14 21:12:52 [ main:1334 ] - [ INFO ] Tomcat initialized with port(s): 8090 (http)
2022-06-14 21:12:52 [ main:1342 ] - [ INFO ] Initializing ProtocolHandler ["http-nio-8090"]
2022-06-14 21:12:52 [ main:1342 ] - [ INFO ] Starting service [Tomcat]
2022-06-14 21:12:52 [ main:1342 ] - [ INFO ] Starting Servlet engine: [Apache Tomcat/9.0.63]
2022-06-14 21:12:52 [ main:1428 ] - [ INFO ] Initializing Spring embedded WebApplicationContext
2022-06-14 21:12:52 [ main:1428 ] - [ INFO ] Root WebApplicationContext: initialization completed in 874 ms
2022-06-14 21:12:52 [ main:1934 ] - [ INFO ] Starting ProtocolHandler ["http-nio-8090"]
2022-06-14 21:12:52 [ main:1948 ] - [ INFO ] Tomcat started on port(s): 8090 (http) with context path ''
2022-06-14 21:12:52 [ main:1956 ] - [ INFO ] Started DemoApplication in 1.823 seconds (JVM running for 2.551)
2022-06-14 21:12:59 [ http-nio-8090-exec-1:9173 ] - [ INFO ] Initializing Spring DispatcherServlet 'dispatcherServlet'
2022-06-14 21:12:59 [ http-nio-8090-exec-1:9173 ] - [ INFO ] Initializing Servlet 'dispatcherServlet'
2022-06-14 21:12:59 [ http-nio-8090-exec-1:9173 ] - [ INFO ] Completed initialization in 0 ms
2022-06-14 21:13:22 [ main:559 ] - [ INFO ] Starting DemoApplication using Java 1.8.0_332 on DESKTOP-VEBRSLS with PID 21428 (C:\Users\Clown\IdeaProjects\demo\target\classes started by Clown in C:\Users\Clown\IdeaProjects\demo)
2022-06-14 21:13:22 [ main:562 ] - [ INFO ] No active profile set, falling back to 1 default profile: "default"
2022-06-14 21:13:23 [ main:1518 ] - [ INFO ] Tomcat initialized with port(s): 8090 (http)
2022-06-14 21:13:23 [ main:1526 ] - [ INFO ] Initializing ProtocolHandler ["http-nio-8090"]
2022-06-14 21:13:23 [ main:1526 ] - [ INFO ] Starting service [Tomcat]
2022-06-14 21:13:23 [ main:1526 ] - [ INFO ] Starting Servlet engine: [Apache Tomcat/9.0.63]
2022-06-14 21:13:23 [ main:1618 ] - [ INFO ] Initializing Spring embedded WebApplicationContext
2022-06-14 21:13:23 [ main:1619 ] - [ INFO ] Root WebApplicationContext: initialization completed in 1007 ms
2022-06-14 21:13:23 [ main:2179 ] - [ INFO ] Starting ProtocolHandler ["http-nio-8090"]
2022-06-14 21:13:23 [ main:2194 ] - [ INFO ] Tomcat started on port(s): 8090 (http) with context path ''
2022-06-14 21:13:23 [ main:2202 ] - [ INFO ] Started DemoApplication in 2.06 seconds (JVM running for 2.968)
2022-06-14 21:13:26 [ http-nio-8090-exec-1:4354 ] - [ INFO ] Initializing Spring DispatcherServlet 'dispatcherServlet'
2022-06-14 21:13:26 [ http-nio-8090-exec-1:4354 ] - [ INFO ] Initializing Servlet 'dispatcherServlet'
2022-06-14 21:13:26 [ http-nio-8090-exec-1:4355 ] - [ INFO ] Completed initialization in 1 ms
2022-06-14 21:14:34 [ main:425 ] - [ INFO ] Starting DemoApplication using Java 1.8.0_332 on DESKTOP-VEBRSLS with PID 34956 (C:\Users\Clown\IdeaProjects\demo\target\classes started by Clown in C:\Users\Clown\IdeaProjects\demo)
2022-06-14 21:14:34 [ main:427 ] - [ INFO ] No active profile set, falling back to 1 default profile: "default"
2022-06-14 21:14:35 [ main:1134 ] - [ INFO ] Tomcat initialized with port(s): 8090 (http)
2022-06-14 21:14:35 [ main:1140 ] - [ INFO ] Initializing ProtocolHandler ["http-nio-8090"]
2022-06-14 21:14:35 [ main:1141 ] - [ INFO ] Starting service [Tomcat]
2022-06-14 21:14:35 [ main:1141 ] - [ INFO ] Starting Servlet engine: [Apache Tomcat/9.0.63]
2022-06-14 21:14:35 [ main:1217 ] - [ INFO ] Initializing Spring embedded WebApplicationContext
2022-06-14 21:14:35 [ main:1218 ] - [ INFO ] Root WebApplicationContext: initialization completed in 758 ms
2022-06-14 21:14:36 [ main:1648 ] - [ INFO ] Starting ProtocolHandler ["http-nio-8090"]
2022-06-14 21:14:36 [ main:1660 ] - [ INFO ] Tomcat started on port(s): 8090 (http) with context path ''
2022-06-14 21:14:36 [ main:1667 ] - [ INFO ] Started DemoApplication in 1.56 seconds (JVM running for 2.226)
2022-06-14 21:14:49 [ http-nio-8090-exec-3:14955 ] - [ INFO ] Initializing Spring DispatcherServlet 'dispatcherServlet'
2022-06-14 21:14:49 [ http-nio-8090-exec-3:14955 ] - [ INFO ] Initializing Servlet 'dispatcherServlet'
2022-06-14 21:14:49 [ http-nio-8090-exec-3:14956 ] - [ INFO ] Completed initialization in 1 ms
2022-06-14 21:15:11 [ main:459 ] - [ INFO ] Starting DemoApplication using Java 1.8.0_332 on DESKTOP-VEBRSLS with PID 15588 (C:\Users\Clown\IdeaProjects\demo\target\classes started by Clown in C:\Users\Clown\IdeaProjects\demo)
2022-06-14 21:15:11 [ main:461 ] - [ INFO ] No active profile set, falling back to 1 default profile: "default"
2022-06-14 21:15:12 [ main:1239 ] - [ INFO ] Tomcat initialized with port(s): 8090 (http)
2022-06-14 21:15:12 [ main:1246 ] - [ INFO ] Initializing ProtocolHandler ["http-nio-8090"]
2022-06-14 21:15:12 [ main:1246 ] - [ INFO ] Starting service [Tomcat]
2022-06-14 21:15:12 [ main:1246 ] - [ INFO ] Starting Servlet engine: [Apache Tomcat/9.0.63]
2022-06-14 21:15:12 [ main:1328 ] - [ INFO ] Initializing Spring embedded WebApplicationContext
2022-06-14 21:15:12 [ main:1328 ] - [ INFO ] Root WebApplicationContext: initialization completed in 832 ms
2022-06-14 21:15:12 [ main:1778 ] - [ INFO ] Starting ProtocolHandler ["http-nio-8090"]
2022-06-14 21:15:12 [ main:1792 ] - [ INFO ] Tomcat started on port(s): 8090 (http) with context path ''
2022-06-14 21:15:12 [ main:1799 ] - [ INFO ] Started DemoApplication in 1.665 seconds (JVM running for 2.392)
2022-06-14 21:17:04 [ http-nio-8090-exec-1:113419 ] - [ INFO ] Initializing Spring DispatcherServlet 'dispatcherServlet'
2022-06-14 21:17:04 [ http-nio-8090-exec-1:113419 ] - [ INFO ] Initializing Servlet 'dispatcherServlet'
2022-06-14 21:17:04 [ http-nio-8090-exec-1:113419 ] - [ INFO ] Completed initialization in 0 ms
2022-06-14 21:18:51 [ main:403 ] - [ INFO ] Starting DemoApplication using Java 1.8.0_332 on DESKTOP-VEBRSLS with PID 20204 (C:\Users\Clown\IdeaProjects\demo\target\classes started by Clown in C:\Users\Clown\IdeaProjects\demo)
2022-06-14 21:18:51 [ main:405 ] - [ INFO ] No active profile set, falling back to 1 default profile: "default"
2022-06-14 21:18:52 [ main:1131 ] - [ INFO ] Tomcat initialized with port(s): 8090 (http)
2022-06-14 21:18:52 [ main:1137 ] - [ INFO ] Initializing ProtocolHandler ["http-nio-8090"]
2022-06-14 21:18:52 [ main:1137 ] - [ INFO ] Starting service [Tomcat]
2022-06-14 21:18:52 [ main:1137 ] - [ INFO ] Starting Servlet engine: [Apache Tomcat/9.0.63]
2022-06-14 21:18:52 [ main:1212 ] - [ INFO ] Initializing Spring embedded WebApplicationContext
2022-06-14 21:18:52 [ main:1212 ] - [ INFO ] Root WebApplicationContext: initialization completed in 777 ms
2022-06-14 21:18:52 [ main:1662 ] - [ INFO ] Starting ProtocolHandler ["http-nio-8090"]
2022-06-14 21:18:52 [ main:1674 ] - [ INFO ] Tomcat started on port(s): 8090 (http) with context path ''
2022-06-14 21:18:52 [ main:1681 ] - [ INFO ] Started DemoApplication in 1.577 seconds (JVM running for 2.236)
2022-06-14 21:19:45 [ main:524 ] - [ INFO ] Starting DemoApplication using Java 1.8.0_332 on DESKTOP-VEBRSLS with PID 35152 (C:\Users\Clown\IdeaProjects\demo\target\classes started by Clown in C:\Users\Clown\IdeaProjects\demo)
2022-06-14 21:19:45 [ main:526 ] - [ INFO ] No active profile set, falling back to 1 default profile: "default"
2022-06-14 21:19:46 [ main:1310 ] - [ INFO ] Tomcat initialized with port(s): 8090 (http)
2022-06-14 21:19:46 [ main:1317 ] - [ INFO ] Initializing ProtocolHandler ["http-nio-8090"]
2022-06-14 21:19:46 [ main:1317 ] - [ INFO ] Starting service [Tomcat]
2022-06-14 21:19:46 [ main:1318 ] - [ INFO ] Starting Servlet engine: [Apache Tomcat/9.0.63]
2022-06-14 21:19:46 [ main:1402 ] - [ INFO ] Initializing Spring embedded WebApplicationContext
2022-06-14 21:19:46 [ main:1402 ] - [ INFO ] Root WebApplicationContext: initialization completed in 838 ms
2022-06-14 21:19:46 [ main:1896 ] - [ INFO ] Starting ProtocolHandler ["http-nio-8090"]
2022-06-14 21:19:47 [ main:1910 ] - [ INFO ] Tomcat started on port(s): 8090 (http) with context path ''
2022-06-14 21:19:47 [ main:1917 ] - [ INFO ] Started DemoApplication in 1.779 seconds (JVM running for 2.565)
2022-06-14 21:20:36 [ main:496 ] - [ INFO ] Starting DemoApplication using Java 1.8.0_332 on DESKTOP-VEBRSLS with PID 33712 (C:\Users\Clown\IdeaProjects\demo\target\classes started by Clown in C:\Users\Clown\IdeaProjects\demo)
2022-06-14 21:20:36 [ main:498 ] - [ INFO ] No active profile set, falling back to 1 default profile: "default"
2022-06-14 21:20:37 [ main:1309 ] - [ INFO ] Tomcat initialized with port(s): 8090 (http)
2022-06-14 21:20:37 [ main:1316 ] - [ INFO ] Initializing ProtocolHandler ["http-nio-8090"]
2022-06-14 21:20:37 [ main:1316 ] - [ INFO ] Starting service [Tomcat]
2022-06-14 21:20:37 [ main:1316 ] - [ INFO ] Starting Servlet engine: [Apache Tomcat/9.0.63]
2022-06-14 21:20:37 [ main:1409 ] - [ INFO ] Initializing Spring embedded WebApplicationContext
2022-06-14 21:20:37 [ main:1409 ] - [ INFO ] Root WebApplicationContext: initialization completed in 875 ms
2022-06-14 21:20:38 [ main:1947 ] - [ INFO ] Starting ProtocolHandler ["http-nio-8090"]
2022-06-14 21:20:38 [ main:1961 ] - [ INFO ] Tomcat started on port(s): 8090 (http) with context path ''
2022-06-14 21:20:38 [ main:1968 ] - [ INFO ] Started DemoApplication in 1.836 seconds (JVM running for 2.653)
2022-06-14 21:20:54 [ http-nio-8090-exec-1:18067 ] - [ INFO ] Initializing Spring DispatcherServlet 'dispatcherServlet'
2022-06-14 21:20:54 [ http-nio-8090-exec-1:18067 ] - [ INFO ] Initializing Servlet 'dispatcherServlet'
2022-06-14 21:20:54 [ http-nio-8090-exec-1:18068 ] - [ INFO ] Completed initialization in 1 ms
2022-06-14 21:21:58 [ main:527 ] - [ INFO ] Starting DemoApplication using Java 1.8.0_332 on DESKTOP-VEBRSLS with PID 37700 (C:\Users\Clown\IdeaProjects\demo\target\classes started by Clown in C:\Users\Clown\IdeaProjects\demo)
2022-06-14 21:21:58 [ main:529 ] - [ INFO ] No active profile set, falling back to 1 default profile: "default"
2022-06-14 21:21:59 [ main:1392 ] - [ INFO ] Tomcat initialized with port(s): 8090 (http)
2022-06-14 21:21:59 [ main:1399 ] - [ INFO ] Initializing ProtocolHandler ["http-nio-8090"]
2022-06-14 21:21:59 [ main:1400 ] - [ INFO ] Starting service [Tomcat]
2022-06-14 21:21:59 [ main:1400 ] - [ INFO ] Starting Servlet engine: [Apache Tomcat/9.0.63]
2022-06-14 21:21:59 [ main:1492 ] - [ INFO ] Initializing Spring embedded WebApplicationContext
2022-06-14 21:21:59 [ main:1492 ] - [ INFO ] Root WebApplicationContext: initialization completed in 925 ms
2022-06-14 21:21:59 [ main:2075 ] - [ INFO ] Starting ProtocolHandler ["http-nio-8090"]
2022-06-14 21:21:59 [ main:2089 ] - [ INFO ] Tomcat started on port(s): 8090 (http) with context path ''
2022-06-14 21:21:59 [ main:2100 ] - [ INFO ] Started DemoApplication in 1.967 seconds (JVM running for 2.755)
2022-06-14 21:22:27 [ http-nio-8090-exec-1:30074 ] - [ INFO ] Initializing Spring DispatcherServlet 'dispatcherServlet'
2022-06-14 21:22:27 [ http-nio-8090-exec-1:30075 ] - [ INFO ] Initializing Servlet 'dispatcherServlet'
2022-06-14 21:22:27 [ http-nio-8090-exec-1:30075 ] - [ INFO ] Completed initialization in 0 ms
2022-06-14 21:25:51 [ main:424 ] - [ INFO ] Starting DemoApplication using Java 1.8.0_332 on DESKTOP-VEBRSLS with PID 6836 (C:\Users\Clown\IdeaProjects\demo\target\classes started by Clown in C:\Users\Clown\IdeaProjects\demo)
2022-06-14 21:25:51 [ main:426 ] - [ INFO ] No active profile set, falling back to 1 default profile: "default"
2022-06-14 21:25:51 [ main:1163 ] - [ INFO ] Tomcat initialized with port(s): 8090 (http)
2022-06-14 21:25:51 [ main:1169 ] - [ INFO ] Initializing ProtocolHandler ["http-nio-8090"]
2022-06-14 21:25:51 [ main:1169 ] - [ INFO ] Starting service [Tomcat]
2022-06-14 21:25:51 [ main:1169 ] - [ INFO ] Starting Servlet engine: [Apache Tomcat/9.0.63]
2022-06-14 21:25:51 [ main:1246 ] - [ INFO ] Initializing Spring embedded WebApplicationContext
2022-06-14 21:25:51 [ main:1246 ] - [ INFO ] Root WebApplicationContext: initialization completed in 786 ms
2022-06-14 21:25:52 [ main:1711 ] - [ INFO ] Starting ProtocolHandler ["http-nio-8090"]
2022-06-14 21:25:52 [ main:1724 ] - [ INFO ] Tomcat started on port(s): 8090 (http) with context path ''
2022-06-14 21:25:52 [ main:1731 ] - [ INFO ] Started DemoApplication in 1.622 seconds (JVM running for 2.378)
2022-06-14 21:26:18 [ http-nio-8090-exec-1:27591 ] - [ INFO ] Initializing Spring DispatcherServlet 'dispatcherServlet'
2022-06-14 21:26:18 [ http-nio-8090-exec-1:27591 ] - [ INFO ] Initializing Servlet 'dispatcherServlet'
2022-06-14 21:26:18 [ http-nio-8090-exec-1:27592 ] - [ INFO ] Completed initialization in 1 ms
2022-06-14 21:29:11 [ main:416 ] - [ INFO ] Starting DemoApplication using Java 1.8.0_332 on DESKTOP-VEBRSLS with PID 37292 (C:\Users\Clown\IdeaProjects\demo\target\classes started by Clown in C:\Users\Clown\IdeaProjects\demo)
2022-06-14 21:29:11 [ main:417 ] - [ INFO ] No active profile set, falling back to 1 default profile: "default"
2022-06-14 21:29:12 [ main:1146 ] - [ INFO ] Tomcat initialized with port(s): 8090 (http)
2022-06-14 21:29:12 [ main:1152 ] - [ INFO ] Initializing ProtocolHandler ["http-nio-8090"]
2022-06-14 21:29:12 [ main:1152 ] - [ INFO ] Starting service [Tomcat]
2022-06-14 21:29:12 [ main:1152 ] - [ INFO ] Starting Servlet engine: [Apache Tomcat/9.0.63]
2022-06-14 21:29:12 [ main:1233 ] - [ INFO ] Initializing Spring embedded WebApplicationContext
2022-06-14 21:29:12 [ main:1234 ] - [ INFO ] Root WebApplicationContext: initialization completed in 786 ms
2022-06-14 21:29:12 [ main:1667 ] - [ INFO ] Starting ProtocolHandler ["http-nio-8090"]
2022-06-14 21:29:12 [ main:1679 ] - [ INFO ] Tomcat started on port(s): 8090 (http) with context path ''
2022-06-14 21:29:12 [ main:1686 ] - [ INFO ] Started DemoApplication in 1.582 seconds (JVM running for 2.268)
2022-06-14 21:29:26 [ http-nio-8090-exec-1:15409 ] - [ INFO ] Initializing Spring DispatcherServlet 'dispatcherServlet'
2022-06-14 21:29:26 [ http-nio-8090-exec-1:15409 ] - [ INFO ] Initializing Servlet 'dispatcherServlet'
2022-06-14 21:29:26 [ http-nio-8090-exec-1:15410 ] - [ INFO ] Completed initialization in 1 ms
2022-06-14 21:32:11 [ main:435 ] - [ INFO ] Starting DemoApplication using Java 1.8.0_332 on DESKTOP-VEBRSLS with PID 31708 (C:\Users\Clown\IdeaProjects\demo\target\classes started by Clown in C:\Users\Clown\IdeaProjects\demo)
2022-06-14 21:32:11 [ main:437 ] - [ INFO ] No active profile set, falling back to 1 default profile: "default"
2022-06-14 21:32:12 [ main:1134 ] - [ INFO ] Tomcat initialized with port(s): 8090 (http)
2022-06-14 21:32:12 [ main:1140 ] - [ INFO ] Initializing ProtocolHandler ["http-nio-8090"]
2022-06-14 21:32:12 [ main:1140 ] - [ INFO ] Starting service [Tomcat]
2022-06-14 21:32:12 [ main:1140 ] - [ INFO ] Starting Servlet engine: [Apache Tomcat/9.0.63]
2022-06-14 21:32:12 [ main:1217 ] - [ INFO ] Initializing Spring embedded WebApplicationContext
2022-06-14 21:32:12 [ main:1217 ] - [ INFO ] Root WebApplicationContext: initialization completed in 742 ms
2022-06-14 21:32:12 [ main:1647 ] - [ INFO ] Starting ProtocolHandler ["http-nio-8090"]
2022-06-14 21:32:12 [ main:1658 ] - [ INFO ] Tomcat started on port(s): 8090 (http) with context path ''
2022-06-14 21:32:12 [ main:1665 ] - [ INFO ] Started DemoApplication in 1.554 seconds (JVM running for 2.305)
2022-06-14 21:32:20 [ http-nio-8090-exec-1:9007 ] - [ INFO ] Initializing Spring DispatcherServlet 'dispatcherServlet'
2022-06-14 21:32:20 [ http-nio-8090-exec-1:9008 ] - [ INFO ] Initializing Servlet 'dispatcherServlet'
2022-06-14 21:32:20 [ http-nio-8090-exec-1:9008 ] - [ INFO ] Completed initialization in 0 ms
2022-06-14 21:34:04 [ main:460 ] - [ INFO ] Starting DemoApplication using Java 1.8.0_332 on DESKTOP-VEBRSLS with PID 32276 (C:\Users\Clown\IdeaProjects\demo\target\classes started by Clown in C:\Users\Clown\IdeaProjects\demo)
2022-06-14 21:34:04 [ main:462 ] - [ INFO ] No active profile set, falling back to 1 default profile: "default"
2022-06-14 21:34:05 [ main:1168 ] - [ INFO ] Tomcat initialized with port(s): 8090 (http)
2022-06-14 21:34:05 [ main:1174 ] - [ INFO ] Initializing ProtocolHandler ["http-nio-8090"]
2022-06-14 21:34:05 [ main:1174 ] - [ INFO ] Starting service [Tomcat]
2022-06-14 21:34:05 [ main:1174 ] - [ INFO ] Starting Servlet engine: [Apache Tomcat/9.0.63]
2022-06-14 21:34:05 [ main:1251 ] - [ INFO ] Initializing Spring embedded WebApplicationContext
2022-06-14 21:34:05 [ main:1251 ] - [ INFO ] Root WebApplicationContext: initialization completed in 756 ms
2022-06-14 21:34:06 [ main:1690 ] - [ INFO ] Starting ProtocolHandler ["http-nio-8090"]
2022-06-14 21:34:06 [ main:1702 ] - [ INFO ] Tomcat started on port(s): 8090 (http) with context path ''
2022-06-14 21:34:06 [ main:1710 ] - [ INFO ] Started DemoApplication in 1.59 seconds (JVM running for 2.29)
2022-06-14 21:34:12 [ http-nio-8090-exec-1:8455 ] - [ INFO ] Initializing Spring DispatcherServlet 'dispatcherServlet'
2022-06-14 21:34:12 [ http-nio-8090-exec-1:8455 ] - [ INFO ] Initializing Servlet 'dispatcherServlet'
2022-06-14 21:34:12 [ http-nio-8090-exec-1:8455 ] - [ INFO ] Completed initialization in 0 ms
2022-06-14 21:35:46 [ main:434 ] - [ INFO ] Starting DemoApplication using Java 1.8.0_332 on DESKTOP-VEBRSLS with PID 31436 (C:\Users\Clown\IdeaProjects\demo\target\classes started by Clown in C:\Users\Clown\IdeaProjects\demo)
2022-06-14 21:35:46 [ main:436 ] - [ INFO ] No active profile set, falling back to 1 default profile: "default"
2022-06-14 21:35:47 [ main:1165 ] - [ INFO ] Tomcat initialized with port(s): 8090 (http)
2022-06-14 21:35:47 [ main:1171 ] - [ INFO ] Initializing ProtocolHandler ["http-nio-8090"]
2022-06-14 21:35:47 [ main:1171 ] - [ INFO ] Starting service [Tomcat]
2022-06-14 21:35:47 [ main:1171 ] - [ INFO ] Starting Servlet engine: [Apache Tomcat/9.0.63]
2022-06-14 21:35:47 [ main:1253 ] - [ INFO ] Initializing Spring embedded WebApplicationContext
2022-06-14 21:35:47 [ main:1254 ] - [ INFO ] Root WebApplicationContext: initialization completed in 781 ms
2022-06-14 21:35:47 [ main:1693 ] - [ INFO ] Starting ProtocolHandler ["http-nio-8090"]
2022-06-14 21:35:48 [ main:1705 ] - [ INFO ] Tomcat started on port(s): 8090 (http) with context path ''
2022-06-14 21:35:48 [ main:1712 ] - [ INFO ] Started DemoApplication in 1.593 seconds (JVM running for 2.285)
2022-06-14 21:35:57 [ http-nio-8090-exec-1:11292 ] - [ INFO ] Initializing Spring DispatcherServlet 'dispatcherServlet'
2022-06-14 21:35:57 [ http-nio-8090-exec-1:11292 ] - [ INFO ] Initializing Servlet 'dispatcherServlet'
2022-06-14 21:35:57 [ http-nio-8090-exec-1:11292 ] - [ INFO ] Completed initialization in 0 ms
2022-06-14 21:41:00 [ main:427 ] - [ INFO ] Starting DemoApplication using Java 1.8.0_332 on DESKTOP-VEBRSLS with PID 21440 (C:\Users\Clown\IdeaProjects\demo\target\classes started by Clown in C:\Users\Clown\IdeaProjects\demo)
2022-06-14 21:41:00 [ main:429 ] - [ INFO ] No active profile set, falling back to 1 default profile: "default"
2022-06-14 21:41:01 [ main:1115 ] - [ INFO ] Tomcat initialized with port(s): 8090 (http)
2022-06-14 21:41:01 [ main:1121 ] - [ INFO ] Initializing ProtocolHandler ["http-nio-8090"]
2022-06-14 21:41:01 [ main:1121 ] - [ INFO ] Starting service [Tomcat]
2022-06-14 21:41:01 [ main:1121 ] - [ INFO ] Starting Servlet engine: [Apache Tomcat/9.0.63]
2022-06-14 21:41:01 [ main:1198 ] - [ INFO ] Initializing Spring embedded WebApplicationContext
2022-06-14 21:41:01 [ main:1198 ] - [ INFO ] Root WebApplicationContext: initialization completed in 739 ms
2022-06-14 21:41:01 [ main:1638 ] - [ INFO ] Starting ProtocolHandler ["http-nio-8090"]
2022-06-14 21:41:01 [ main:1650 ] - [ INFO ] Tomcat started on port(s): 8090 (http) with context path ''
2022-06-14 21:41:02 [ main:1656 ] - [ INFO ] Started DemoApplication in 1.546 seconds (JVM running for 2.232)
2022-06-14 21:41:07 [ http-nio-8090-exec-1:7609 ] - [ INFO ] Initializing Spring DispatcherServlet 'dispatcherServlet'
2022-06-14 21:41:07 [ http-nio-8090-exec-1:7609 ] - [ INFO ] Initializing Servlet 'dispatcherServlet'
2022-06-14 21:41:07 [ http-nio-8090-exec-1:7610 ] - [ INFO ] Completed initialization in 1 ms
