2022-10-09 12:35:05 [ main:683 ] - [ INFO ] Starting DemoApplication using Java 1.8.0_332 on DESKTOP-VEBRSLS with PID 230364 (C:\Users\Clown\IdeaProjects\demo\target\classes started by Clown in C:\Users\Clown\IdeaProjects\demo)
2022-10-09 12:35:05 [ main:684 ] - [ INFO ] No active profile set, falling back to 1 default profile: "default"
2022-10-09 12:35:06 [ main:1690 ] - [ INFO ] Tomcat initialized with port(s): 8090 (http)
2022-10-09 12:35:06 [ main:1703 ] - [ INFO ] Initializing ProtocolHandler ["http-nio-8090"]
2022-10-09 12:35:06 [ main:1704 ] - [ INFO ] Starting service [Tomcat]
2022-10-09 12:35:06 [ main:1704 ] - [ INFO ] Starting Servlet engine: [Apache Tomcat/9.0.63]
2022-10-09 12:35:07 [ main:1882 ] - [ INFO ] Initializing Spring embedded WebApplicationContext
2022-10-09 12:35:07 [ main:1882 ] - [ INFO ] Root WebApplicationContext: initialization completed in 1163 ms
2022-10-09 12:35:08 [ main:3191 ] - [ WARN ] Cannot find template location: classpath:/templates/ (please add some templates or check your Thymeleaf configuration)
2022-10-09 12:35:08 [ main:3556 ] - [ INFO ] Starting ProtocolHandler ["http-nio-8090"]
2022-10-09 12:35:08 [ main:3585 ] - [ INFO ] Tomcat started on port(s): 8090 (http) with context path ''
2022-10-09 12:35:08 [ main:3600 ] - [ INFO ] Started DemoApplication in 3.419 seconds (JVM running for 4.577)
2022-10-09 12:35:42 [ http-nio-8090-exec-1:37207 ] - [ INFO ] Initializing Spring DispatcherServlet 'dispatcherServlet'
2022-10-09 12:35:42 [ http-nio-8090-exec-1:37207 ] - [ INFO ] Initializing Servlet 'dispatcherServlet'
2022-10-09 12:35:42 [ http-nio-8090-exec-1:37208 ] - [ INFO ] Completed initialization in 1 ms
2022-10-09 12:35:42 [ http-nio-8090-exec-1:37296 ] - [ INFO ] HikariPool-1 - Starting...
2022-10-09 12:35:42 [ http-nio-8090-exec-1:37600 ] - [ INFO ] HikariPool-1 - Start completed.
2022-10-09 12:41:36 [ SpringApplicationShutdownHook:391455 ] - [ INFO ] HikariPool-1 - Shutdown initiated...
2022-10-09 12:41:36 [ SpringApplicationShutdownHook:391466 ] - [ INFO ] HikariPool-1 - Shutdown completed.
2022-10-09 12:41:42 [ main:484 ] - [ INFO ] Starting DemoApplication using Java 1.8.0_332 on DESKTOP-VEBRSLS with PID 301248 (C:\Users\Clown\IdeaProjects\demo\target\classes started by Clown in C:\Users\Clown\IdeaProjects\demo)
2022-10-09 12:41:42 [ main:486 ] - [ INFO ] No active profile set, falling back to 1 default profile: "default"
2022-10-09 12:41:42 [ main:1267 ] - [ INFO ] Tomcat initialized with port(s): 8090 (http)
2022-10-09 12:41:42 [ main:1274 ] - [ INFO ] Initializing ProtocolHandler ["http-nio-8090"]
2022-10-09 12:41:42 [ main:1274 ] - [ INFO ] Starting service [Tomcat]
2022-10-09 12:41:42 [ main:1274 ] - [ INFO ] Starting Servlet engine: [Apache Tomcat/9.0.63]
2022-10-09 12:41:43 [ main:1363 ] - [ INFO ] Initializing Spring embedded WebApplicationContext
2022-10-09 12:41:43 [ main:1363 ] - [ INFO ] Root WebApplicationContext: initialization completed in 841 ms
2022-10-09 12:41:43 [ main:1915 ] - [ WARN ] Cannot find template location: classpath:/templates/ (please add some templates or check your Thymeleaf configuration)
2022-10-09 12:41:43 [ main:1976 ] - [ INFO ] Starting ProtocolHandler ["http-nio-8090"]
2022-10-09 12:41:43 [ main:1990 ] - [ INFO ] Tomcat started on port(s): 8090 (http) with context path ''
2022-10-09 12:41:43 [ main:1998 ] - [ INFO ] Started DemoApplication in 1.867 seconds (JVM running for 3.335)
2022-10-09 12:41:53 [ http-nio-8090-exec-1:11801 ] - [ INFO ] Initializing Spring DispatcherServlet 'dispatcherServlet'
2022-10-09 12:41:53 [ http-nio-8090-exec-1:11801 ] - [ INFO ] Initializing Servlet 'dispatcherServlet'
2022-10-09 12:41:53 [ http-nio-8090-exec-1:11802 ] - [ INFO ] Completed initialization in 1 ms
2022-10-09 12:41:53 [ http-nio-8090-exec-2:11851 ] - [ INFO ] HikariPool-1 - Starting...
2022-10-09 12:41:53 [ http-nio-8090-exec-2:12087 ] - [ INFO ] HikariPool-1 - Start completed.
2022-10-09 12:48:18 [ HikariPool-1 housekeeper:396719 ] - [ WARN ] HikariPool-1 - Thread starvation or clock leap detected (housekeeper delta=6m24s528ms717µs600ns).
2022-10-09 12:48:18 [ SpringApplicationShutdownHook:397115 ] - [ INFO ] HikariPool-1 - Shutdown initiated...
2022-10-09 12:48:18 [ SpringApplicationShutdownHook:397125 ] - [ INFO ] HikariPool-1 - Shutdown completed.
2022-10-09 12:48:24 [ main:516 ] - [ INFO ] Starting DemoApplication using Java 1.8.0_332 on DESKTOP-VEBRSLS with PID 319436 (C:\Users\Clown\IdeaProjects\demo\target\classes started by Clown in C:\Users\Clown\IdeaProjects\demo)
2022-10-09 12:48:24 [ main:518 ] - [ INFO ] No active profile set, falling back to 1 default profile: "default"
2022-10-09 12:48:25 [ main:1396 ] - [ INFO ] Tomcat initialized with port(s): 8090 (http)
2022-10-09 12:48:25 [ main:1403 ] - [ INFO ] Initializing ProtocolHandler ["http-nio-8090"]
2022-10-09 12:48:25 [ main:1403 ] - [ INFO ] Starting service [Tomcat]
2022-10-09 12:48:25 [ main:1403 ] - [ INFO ] Starting Servlet engine: [Apache Tomcat/9.0.63]
2022-10-09 12:48:25 [ main:1495 ] - [ INFO ] Initializing Spring embedded WebApplicationContext
2022-10-09 12:48:25 [ main:1495 ] - [ INFO ] Root WebApplicationContext: initialization completed in 941 ms
2022-10-09 12:48:26 [ main:2033 ] - [ WARN ] Cannot find template location: classpath:/templates/ (please add some templates or check your Thymeleaf configuration)
2022-10-09 12:48:26 [ main:2102 ] - [ INFO ] Starting ProtocolHandler ["http-nio-8090"]
2022-10-09 12:48:26 [ main:2115 ] - [ INFO ] Tomcat started on port(s): 8090 (http) with context path ''
2022-10-09 12:48:26 [ main:2124 ] - [ INFO ] Started DemoApplication in 2.001 seconds (JVM running for 2.873)
2022-10-09 12:48:33 [ http-nio-8090-exec-1:8840 ] - [ INFO ] Initializing Spring DispatcherServlet 'dispatcherServlet'
2022-10-09 12:48:33 [ http-nio-8090-exec-1:8840 ] - [ INFO ] Initializing Servlet 'dispatcherServlet'
2022-10-09 12:48:33 [ http-nio-8090-exec-1:8841 ] - [ INFO ] Completed initialization in 1 ms
2022-10-09 12:48:33 [ http-nio-8090-exec-3:8882 ] - [ INFO ] HikariPool-1 - Starting...
2022-10-09 12:48:33 [ http-nio-8090-exec-3:9081 ] - [ INFO ] HikariPool-1 - Start completed.
2022-10-09 12:48:36 [ http-nio-8090-exec-4:12243 ] - [ WARN ] Resolved [org.springframework.web.bind.MissingServletRequestParameterException: Required request parameter 'nums' for method parameter type String is not present]
2022-10-09 12:49:52 [ SpringApplicationShutdownHook:88516 ] - [ INFO ] HikariPool-1 - Shutdown initiated...
2022-10-09 12:49:52 [ SpringApplicationShutdownHook:88530 ] - [ INFO ] HikariPool-1 - Shutdown completed.
2022-10-09 12:49:56 [ main:624 ] - [ INFO ] Starting DemoApplication using Java 1.8.0_332 on DESKTOP-VEBRSLS with PID 325356 (C:\Users\Clown\IdeaProjects\demo\target\classes started by Clown in C:\Users\Clown\IdeaProjects\demo)
2022-10-09 12:49:56 [ main:626 ] - [ INFO ] No active profile set, falling back to 1 default profile: "default"
2022-10-09 12:49:57 [ main:1424 ] - [ INFO ] Tomcat initialized with port(s): 8090 (http)
2022-10-09 12:49:57 [ main:1431 ] - [ INFO ] Initializing ProtocolHandler ["http-nio-8090"]
2022-10-09 12:49:57 [ main:1432 ] - [ INFO ] Starting service [Tomcat]
2022-10-09 12:49:57 [ main:1432 ] - [ INFO ] Starting Servlet engine: [Apache Tomcat/9.0.63]
2022-10-09 12:49:57 [ main:1521 ] - [ INFO ] Initializing Spring embedded WebApplicationContext
2022-10-09 12:49:57 [ main:1521 ] - [ INFO ] Root WebApplicationContext: initialization completed in 861 ms
2022-10-09 12:49:58 [ main:2036 ] - [ WARN ] Cannot find template location: classpath:/templates/ (please add some templates or check your Thymeleaf configuration)
2022-10-09 12:49:58 [ main:2095 ] - [ INFO ] Starting ProtocolHandler ["http-nio-8090"]
2022-10-09 12:49:58 [ main:2109 ] - [ INFO ] Tomcat started on port(s): 8090 (http) with context path ''
2022-10-09 12:49:58 [ main:2116 ] - [ INFO ] Started DemoApplication in 1.913 seconds (JVM running for 3.029)
2022-10-09 12:50:03 [ http-nio-8090-exec-1:7417 ] - [ INFO ] Initializing Spring DispatcherServlet 'dispatcherServlet'
2022-10-09 12:50:03 [ http-nio-8090-exec-1:7417 ] - [ INFO ] Initializing Servlet 'dispatcherServlet'
2022-10-09 12:50:03 [ http-nio-8090-exec-1:7417 ] - [ INFO ] Completed initialization in 0 ms
2022-10-09 12:50:58 [ http-nio-8090-exec-2:62933 ] - [ INFO ] HikariPool-1 - Starting...
2022-10-09 12:50:59 [ http-nio-8090-exec-2:63180 ] - [ INFO ] HikariPool-1 - Start completed.
2022-10-09 12:50:59 [ SpringApplicationShutdownHook:63381 ] - [ INFO ] HikariPool-1 - Shutdown initiated...
2022-10-09 12:50:59 [ SpringApplicationShutdownHook:63386 ] - [ INFO ] HikariPool-1 - Shutdown completed.
2022-10-09 12:51:02 [ main:418 ] - [ INFO ] Starting DemoApplication using Java 1.8.0_332 on DESKTOP-VEBRSLS with PID 328012 (C:\Users\Clown\IdeaProjects\demo\target\classes started by Clown in C:\Users\Clown\IdeaProjects\demo)
2022-10-09 12:51:02 [ main:419 ] - [ INFO ] No active profile set, falling back to 1 default profile: "default"
2022-10-09 12:51:03 [ main:1130 ] - [ INFO ] Tomcat initialized with port(s): 8090 (http)
2022-10-09 12:51:03 [ main:1136 ] - [ INFO ] Initializing ProtocolHandler ["http-nio-8090"]
2022-10-09 12:51:03 [ main:1136 ] - [ INFO ] Starting service [Tomcat]
2022-10-09 12:51:03 [ main:1136 ] - [ INFO ] Starting Servlet engine: [Apache Tomcat/9.0.63]
2022-10-09 12:51:03 [ main:1216 ] - [ INFO ] Initializing Spring embedded WebApplicationContext
2022-10-09 12:51:03 [ main:1217 ] - [ INFO ] Root WebApplicationContext: initialization completed in 765 ms
2022-10-09 12:51:03 [ main:1622 ] - [ WARN ] Cannot find template location: classpath:/templates/ (please add some templates or check your Thymeleaf configuration)
2022-10-09 12:51:03 [ main:1675 ] - [ INFO ] Starting ProtocolHandler ["http-nio-8090"]
2022-10-09 12:51:03 [ main:1687 ] - [ INFO ] Tomcat started on port(s): 8090 (http) with context path ''
2022-10-09 12:51:03 [ main:1694 ] - [ INFO ] Started DemoApplication in 1.589 seconds (JVM running for 2.469)
2022-10-09 12:51:22 [ http-nio-8090-exec-1:20053 ] - [ INFO ] Initializing Spring DispatcherServlet 'dispatcherServlet'
2022-10-09 12:51:22 [ http-nio-8090-exec-1:20053 ] - [ INFO ] Initializing Servlet 'dispatcherServlet'
2022-10-09 12:51:22 [ http-nio-8090-exec-1:20054 ] - [ INFO ] Completed initialization in 1 ms
2022-10-09 12:51:22 [ http-nio-8090-exec-2:20096 ] - [ INFO ] HikariPool-1 - Starting...
2022-10-09 12:51:22 [ http-nio-8090-exec-2:20306 ] - [ INFO ] HikariPool-1 - Start completed.
2022-10-09 12:51:41 [ http-nio-8090-exec-10:39841 ] - [ WARN ] Resolved [org.springframework.web.bind.MissingServletRequestParameterException: Required request parameter 'classn' for method parameter type String is not present]
2022-10-09 13:12:57 [ SpringApplicationShutdownHook:1315330 ] - [ INFO ] HikariPool-1 - Shutdown initiated...
2022-10-09 13:12:57 [ SpringApplicationShutdownHook:1315338 ] - [ INFO ] HikariPool-1 - Shutdown completed.
2022-10-09 13:13:01 [ main:460 ] - [ INFO ] Starting DemoApplication using Java 1.8.0_332 on DESKTOP-VEBRSLS with PID 374352 (C:\Users\Clown\IdeaProjects\demo\target\classes started by Clown in C:\Users\Clown\IdeaProjects\demo)
2022-10-09 13:13:01 [ main:463 ] - [ INFO ] No active profile set, falling back to 1 default profile: "default"
2022-10-09 13:13:02 [ main:1172 ] - [ INFO ] Tomcat initialized with port(s): 8090 (http)
2022-10-09 13:13:02 [ main:1178 ] - [ INFO ] Initializing ProtocolHandler ["http-nio-8090"]
2022-10-09 13:13:02 [ main:1178 ] - [ INFO ] Starting service [Tomcat]
2022-10-09 13:13:02 [ main:1178 ] - [ INFO ] Starting Servlet engine: [Apache Tomcat/9.0.63]
2022-10-09 13:13:02 [ main:1255 ] - [ INFO ] Initializing Spring embedded WebApplicationContext
2022-10-09 13:13:02 [ main:1255 ] - [ INFO ] Root WebApplicationContext: initialization completed in 757 ms
2022-10-09 13:13:03 [ main:1700 ] - [ WARN ] Cannot find template location: classpath:/templates/ (please add some templates or check your Thymeleaf configuration)
2022-10-09 13:13:03 [ main:1754 ] - [ INFO ] Starting ProtocolHandler ["http-nio-8090"]
2022-10-09 13:13:03 [ main:1767 ] - [ INFO ] Tomcat started on port(s): 8090 (http) with context path ''
2022-10-09 13:13:03 [ main:1774 ] - [ INFO ] Started DemoApplication in 1.663 seconds (JVM running for 2.481)
2022-10-09 13:13:07 [ http-nio-8090-exec-1:6060 ] - [ INFO ] Initializing Spring DispatcherServlet 'dispatcherServlet'
2022-10-09 13:13:07 [ http-nio-8090-exec-1:6060 ] - [ INFO ] Initializing Servlet 'dispatcherServlet'
2022-10-09 13:13:07 [ http-nio-8090-exec-1:6061 ] - [ INFO ] Completed initialization in 1 ms
2022-10-09 13:13:07 [ http-nio-8090-exec-2:6104 ] - [ INFO ] HikariPool-1 - Starting...
2022-10-09 13:13:07 [ http-nio-8090-exec-2:6306 ] - [ INFO ] HikariPool-1 - Start completed.
2022-10-09 13:16:04 [ http-nio-8090-exec-9:182793 ] - [ WARN ] Resolved [org.springframework.web.bind.MissingServletRequestParameterException: Required request parameter 'classn' for method parameter type String is not present]
2022-10-09 13:33:14 [ SpringApplicationShutdownHook:1213412 ] - [ INFO ] HikariPool-1 - Shutdown initiated...
2022-10-09 13:33:14 [ SpringApplicationShutdownHook:1213419 ] - [ INFO ] HikariPool-1 - Shutdown completed.
2022-10-09 13:33:27 [ main:467 ] - [ INFO ] Starting DemoApplication using Java 1.8.0_332 on DESKTOP-VEBRSLS with PID 424180 (C:\Users\Clown\IdeaProjects\demo\target\classes started by Clown in C:\Users\Clown\IdeaProjects\demo)
2022-10-09 13:33:27 [ main:469 ] - [ INFO ] No active profile set, falling back to 1 default profile: "default"
2022-10-09 13:33:28 [ main:1218 ] - [ INFO ] Tomcat initialized with port(s): 8090 (http)
2022-10-09 13:33:28 [ main:1225 ] - [ INFO ] Initializing ProtocolHandler ["http-nio-8090"]
2022-10-09 13:33:28 [ main:1225 ] - [ INFO ] Starting service [Tomcat]
2022-10-09 13:33:28 [ main:1225 ] - [ INFO ] Starting Servlet engine: [Apache Tomcat/9.0.63]
2022-10-09 13:33:28 [ main:1307 ] - [ INFO ] Initializing Spring embedded WebApplicationContext
2022-10-09 13:33:28 [ main:1308 ] - [ INFO ] Root WebApplicationContext: initialization completed in 805 ms
2022-10-09 13:33:29 [ main:1739 ] - [ WARN ] Cannot find template location: classpath:/templates/ (please add some templates or check your Thymeleaf configuration)
2022-10-09 13:33:29 [ main:1797 ] - [ INFO ] Starting ProtocolHandler ["http-nio-8090"]
2022-10-09 13:33:29 [ main:1810 ] - [ INFO ] Tomcat started on port(s): 8090 (http) with context path ''
2022-10-09 13:33:29 [ main:1817 ] - [ INFO ] Started DemoApplication in 1.71 seconds (JVM running for 2.521)
2022-10-09 13:34:25 [ http-nio-8090-exec-1:58592 ] - [ INFO ] Initializing Spring DispatcherServlet 'dispatcherServlet'
2022-10-09 13:34:25 [ http-nio-8090-exec-1:58592 ] - [ INFO ] Initializing Servlet 'dispatcherServlet'
2022-10-09 13:34:25 [ http-nio-8090-exec-1:58593 ] - [ INFO ] Completed initialization in 1 ms
2022-10-09 13:34:25 [ http-nio-8090-exec-2:58639 ] - [ INFO ] HikariPool-1 - Starting...
2022-10-09 13:34:26 [ http-nio-8090-exec-2:58852 ] - [ INFO ] HikariPool-1 - Start completed.
2022-10-09 13:34:29 [ SpringApplicationShutdownHook:61785 ] - [ INFO ] HikariPool-1 - Shutdown initiated...
2022-10-09 13:34:29 [ SpringApplicationShutdownHook:61795 ] - [ INFO ] HikariPool-1 - Shutdown completed.
2022-10-09 13:34:33 [ main:433 ] - [ INFO ] Starting DemoApplication using Java 1.8.0_332 on DESKTOP-VEBRSLS with PID 414928 (C:\Users\Clown\IdeaProjects\demo\target\classes started by Clown in C:\Users\Clown\IdeaProjects\demo)
2022-10-09 13:34:33 [ main:435 ] - [ INFO ] No active profile set, falling back to 1 default profile: "default"
2022-10-09 13:34:34 [ main:1182 ] - [ INFO ] Tomcat initialized with port(s): 8090 (http)
2022-10-09 13:34:34 [ main:1188 ] - [ INFO ] Initializing ProtocolHandler ["http-nio-8090"]
2022-10-09 13:34:34 [ main:1189 ] - [ INFO ] Starting service [Tomcat]
2022-10-09 13:34:34 [ main:1189 ] - [ INFO ] Starting Servlet engine: [Apache Tomcat/9.0.63]
2022-10-09 13:34:34 [ main:1267 ] - [ INFO ] Initializing Spring embedded WebApplicationContext
2022-10-09 13:34:34 [ main:1267 ] - [ INFO ] Root WebApplicationContext: initialization completed in 786 ms
2022-10-09 13:34:34 [ main:1724 ] - [ WARN ] Cannot find template location: classpath:/templates/ (please add some templates or check your Thymeleaf configuration)
2022-10-09 13:34:34 [ main:1777 ] - [ INFO ] Starting ProtocolHandler ["http-nio-8090"]
2022-10-09 13:34:34 [ main:1789 ] - [ INFO ] Tomcat started on port(s): 8090 (http) with context path ''
2022-10-09 13:34:34 [ main:1796 ] - [ INFO ] Started DemoApplication in 1.69 seconds (JVM running for 2.499)
2022-10-09 13:35:22 [ http-nio-8090-exec-1:49690 ] - [ INFO ] Initializing Spring DispatcherServlet 'dispatcherServlet'
2022-10-09 13:35:22 [ http-nio-8090-exec-1:49690 ] - [ INFO ] Initializing Servlet 'dispatcherServlet'
2022-10-09 13:35:22 [ http-nio-8090-exec-1:49691 ] - [ INFO ] Completed initialization in 0 ms
2022-10-09 13:35:22 [ http-nio-8090-exec-2:49733 ] - [ INFO ] HikariPool-1 - Starting...
2022-10-09 13:35:23 [ http-nio-8090-exec-2:49937 ] - [ INFO ] HikariPool-1 - Start completed.
2022-10-09 13:36:10 [ http-nio-8090-exec-6:97380 ] - [ WARN ] Resolved [org.springframework.web.bind.MissingServletRequestParameterException: Required request parameter 'classn' for method parameter type String is not present]
2022-10-09 13:37:11 [ SpringApplicationShutdownHook:158023 ] - [ INFO ] HikariPool-1 - Shutdown initiated...
2022-10-09 13:37:11 [ SpringApplicationShutdownHook:158035 ] - [ INFO ] HikariPool-1 - Shutdown completed.
2022-10-09 13:37:26 [ main:440 ] - [ INFO ] Starting DemoApplication using Java 1.8.0_332 on DESKTOP-VEBRSLS with PID 435744 (C:\Users\Clown\IdeaProjects\demo\target\classes started by Clown in C:\Users\Clown\IdeaProjects\demo)
2022-10-09 13:37:26 [ main:442 ] - [ INFO ] No active profile set, falling back to 1 default profile: "default"
2022-10-09 13:37:27 [ main:1173 ] - [ INFO ] Tomcat initialized with port(s): 8090 (http)
2022-10-09 13:37:27 [ main:1179 ] - [ INFO ] Initializing ProtocolHandler ["http-nio-8090"]
2022-10-09 13:37:27 [ main:1179 ] - [ INFO ] Starting service [Tomcat]
2022-10-09 13:37:27 [ main:1179 ] - [ INFO ] Starting Servlet engine: [Apache Tomcat/9.0.63]
2022-10-09 13:37:27 [ main:1256 ] - [ INFO ] Initializing Spring embedded WebApplicationContext
2022-10-09 13:37:27 [ main:1256 ] - [ INFO ] Root WebApplicationContext: initialization completed in 779 ms
2022-10-09 13:37:28 [ main:1671 ] - [ WARN ] Cannot find template location: classpath:/templates/ (please add some templates or check your Thymeleaf configuration)
2022-10-09 13:37:28 [ main:1727 ] - [ INFO ] Starting ProtocolHandler ["http-nio-8090"]
2022-10-09 13:37:28 [ main:1739 ] - [ INFO ] Tomcat started on port(s): 8090 (http) with context path ''
2022-10-09 13:37:28 [ main:1746 ] - [ INFO ] Started DemoApplication in 1.638 seconds (JVM running for 2.422)
2022-10-09 13:37:33 [ http-nio-8090-exec-1:7399 ] - [ INFO ] Initializing Spring DispatcherServlet 'dispatcherServlet'
2022-10-09 13:37:33 [ http-nio-8090-exec-1:7399 ] - [ INFO ] Initializing Servlet 'dispatcherServlet'
2022-10-09 13:37:33 [ http-nio-8090-exec-1:7400 ] - [ INFO ] Completed initialization in 1 ms
2022-10-09 13:37:33 [ http-nio-8090-exec-2:7444 ] - [ INFO ] HikariPool-1 - Starting...
2022-10-09 13:37:34 [ http-nio-8090-exec-2:7652 ] - [ INFO ] HikariPool-1 - Start completed.
2022-10-09 13:39:21 [ SpringApplicationShutdownHook:115297 ] - [ INFO ] HikariPool-1 - Shutdown initiated...
2022-10-09 13:39:21 [ SpringApplicationShutdownHook:115307 ] - [ INFO ] HikariPool-1 - Shutdown completed.
2022-10-09 13:39:24 [ main:529 ] - [ INFO ] Starting DemoApplication using Java 1.8.0_332 on DESKTOP-VEBRSLS with PID 441880 (C:\Users\Clown\IdeaProjects\demo\target\classes started by Clown in C:\Users\Clown\IdeaProjects\demo)
2022-10-09 13:39:24 [ main:531 ] - [ INFO ] No active profile set, falling back to 1 default profile: "default"
2022-10-09 13:39:25 [ main:1355 ] - [ INFO ] Tomcat initialized with port(s): 8090 (http)
2022-10-09 13:39:25 [ main:1363 ] - [ INFO ] Initializing ProtocolHandler ["http-nio-8090"]
2022-10-09 13:39:25 [ main:1363 ] - [ INFO ] Starting service [Tomcat]
2022-10-09 13:39:25 [ main:1363 ] - [ INFO ] Starting Servlet engine: [Apache Tomcat/9.0.63]
2022-10-09 13:39:25 [ main:1452 ] - [ INFO ] Initializing Spring embedded WebApplicationContext
2022-10-09 13:39:25 [ main:1453 ] - [ INFO ] Root WebApplicationContext: initialization completed in 882 ms
2022-10-09 13:39:26 [ main:1982 ] - [ WARN ] Cannot find template location: classpath:/templates/ (please add some templates or check your Thymeleaf configuration)
2022-10-09 13:39:26 [ main:2048 ] - [ INFO ] Starting ProtocolHandler ["http-nio-8090"]
2022-10-09 13:39:26 [ main:2063 ] - [ INFO ] Tomcat started on port(s): 8090 (http) with context path ''
2022-10-09 13:39:26 [ main:2070 ] - [ INFO ] Started DemoApplication in 1.919 seconds (JVM running for 2.861)
2022-10-09 13:39:31 [ http-nio-8090-exec-1:7649 ] - [ INFO ] Initializing Spring DispatcherServlet 'dispatcherServlet'
2022-10-09 13:39:31 [ http-nio-8090-exec-1:7649 ] - [ INFO ] Initializing Servlet 'dispatcherServlet'
2022-10-09 13:39:31 [ http-nio-8090-exec-1:7650 ] - [ INFO ] Completed initialization in 1 ms
2022-10-09 13:39:31 [ http-nio-8090-exec-1:7703 ] - [ INFO ] HikariPool-1 - Starting...
2022-10-09 13:39:32 [ http-nio-8090-exec-1:7937 ] - [ INFO ] HikariPool-1 - Start completed.
2022-10-09 13:39:53 [ SpringApplicationShutdownHook:29636 ] - [ INFO ] HikariPool-1 - Shutdown initiated...
2022-10-09 13:39:53 [ SpringApplicationShutdownHook:29645 ] - [ INFO ] HikariPool-1 - Shutdown completed.
2022-10-09 13:39:56 [ main:520 ] - [ INFO ] Starting DemoApplication using Java 1.8.0_332 on DESKTOP-VEBRSLS with PID 450036 (C:\Users\Clown\IdeaProjects\demo\target\classes started by Clown in C:\Users\Clown\IdeaProjects\demo)
2022-10-09 13:39:56 [ main:521 ] - [ INFO ] No active profile set, falling back to 1 default profile: "default"
2022-10-09 13:39:56 [ main:1326 ] - [ INFO ] Tomcat initialized with port(s): 8090 (http)
2022-10-09 13:39:56 [ main:1333 ] - [ INFO ] Initializing ProtocolHandler ["http-nio-8090"]
2022-10-09 13:39:56 [ main:1333 ] - [ INFO ] Starting service [Tomcat]
2022-10-09 13:39:56 [ main:1333 ] - [ INFO ] Starting Servlet engine: [Apache Tomcat/9.0.63]
2022-10-09 13:39:57 [ main:1416 ] - [ INFO ] Initializing Spring embedded WebApplicationContext
2022-10-09 13:39:57 [ main:1416 ] - [ INFO ] Root WebApplicationContext: initialization completed in 859 ms
2022-10-09 13:39:57 [ main:1932 ] - [ WARN ] Cannot find template location: classpath:/templates/ (please add some templates or check your Thymeleaf configuration)
2022-10-09 13:39:57 [ main:1993 ] - [ INFO ] Starting ProtocolHandler ["http-nio-8090"]
2022-10-09 13:39:57 [ main:2008 ] - [ INFO ] Tomcat started on port(s): 8090 (http) with context path ''
2022-10-09 13:39:57 [ main:2016 ] - [ INFO ] Started DemoApplication in 1.877 seconds (JVM running for 2.909)
2022-10-09 13:40:22 [ main:425 ] - [ INFO ] Starting DemoApplication using Java 1.8.0_332 on DESKTOP-VEBRSLS with PID 450416 (C:\Users\Clown\IdeaProjects\demo\target\classes started by Clown in C:\Users\Clown\IdeaProjects\demo)
2022-10-09 13:40:22 [ main:426 ] - [ INFO ] No active profile set, falling back to 1 default profile: "default"
2022-10-09 13:40:23 [ main:1134 ] - [ INFO ] Tomcat initialized with port(s): 8090 (http)
2022-10-09 13:40:23 [ main:1140 ] - [ INFO ] Initializing ProtocolHandler ["http-nio-8090"]
2022-10-09 13:40:23 [ main:1141 ] - [ INFO ] Starting service [Tomcat]
2022-10-09 13:40:23 [ main:1141 ] - [ INFO ] Starting Servlet engine: [Apache Tomcat/9.0.63]
2022-10-09 13:40:23 [ main:1217 ] - [ INFO ] Initializing Spring embedded WebApplicationContext
2022-10-09 13:40:23 [ main:1217 ] - [ INFO ] Root WebApplicationContext: initialization completed in 758 ms
2022-10-09 13:40:23 [ main:1628 ] - [ WARN ] Cannot find template location: classpath:/templates/ (please add some templates or check your Thymeleaf configuration)
2022-10-09 13:40:23 [ main:1681 ] - [ INFO ] Starting ProtocolHandler ["http-nio-8090"]
2022-10-09 13:40:23 [ main:1694 ] - [ INFO ] Tomcat started on port(s): 8090 (http) with context path ''
2022-10-09 13:40:23 [ main:1701 ] - [ INFO ] Started DemoApplication in 1.591 seconds (JVM running for 2.399)
2022-10-09 13:40:31 [ http-nio-8090-exec-1:9739 ] - [ INFO ] Initializing Spring DispatcherServlet 'dispatcherServlet'
2022-10-09 13:40:31 [ http-nio-8090-exec-1:9739 ] - [ INFO ] Initializing Servlet 'dispatcherServlet'
2022-10-09 13:40:31 [ http-nio-8090-exec-1:9740 ] - [ INFO ] Completed initialization in 1 ms
2022-10-09 13:40:31 [ http-nio-8090-exec-2:9784 ] - [ INFO ] HikariPool-1 - Starting...
2022-10-09 13:40:32 [ http-nio-8090-exec-2:9995 ] - [ INFO ] HikariPool-1 - Start completed.
2022-10-09 13:40:39 [ SpringApplicationShutdownHook:17906 ] - [ INFO ] HikariPool-1 - Shutdown initiated...
2022-10-09 13:40:39 [ SpringApplicationShutdownHook:17942 ] - [ INFO ] HikariPool-1 - Shutdown completed.
2022-10-09 13:40:43 [ main:504 ] - [ INFO ] Starting DemoApplication using Java 1.8.0_332 on DESKTOP-VEBRSLS with PID 448020 (C:\Users\Clown\IdeaProjects\demo\target\classes started by Clown in C:\Users\Clown\IdeaProjects\demo)
2022-10-09 13:40:43 [ main:506 ] - [ INFO ] No active profile set, falling back to 1 default profile: "default"
2022-10-09 13:40:43 [ main:1315 ] - [ INFO ] Tomcat initialized with port(s): 8090 (http)
2022-10-09 13:40:43 [ main:1322 ] - [ INFO ] Initializing ProtocolHandler ["http-nio-8090"]
2022-10-09 13:40:43 [ main:1322 ] - [ INFO ] Starting service [Tomcat]
2022-10-09 13:40:43 [ main:1322 ] - [ INFO ] Starting Servlet engine: [Apache Tomcat/9.0.63]
2022-10-09 13:40:43 [ main:1404 ] - [ INFO ] Initializing Spring embedded WebApplicationContext
2022-10-09 13:40:43 [ main:1405 ] - [ INFO ] Root WebApplicationContext: initialization completed in 864 ms
2022-10-09 13:40:44 [ main:1954 ] - [ WARN ] Cannot find template location: classpath:/templates/ (please add some templates or check your Thymeleaf configuration)
2022-10-09 13:40:44 [ main:2036 ] - [ INFO ] Starting ProtocolHandler ["http-nio-8090"]
2022-10-09 13:40:44 [ main:2053 ] - [ INFO ] Tomcat started on port(s): 8090 (http) with context path ''
2022-10-09 13:40:44 [ main:2062 ] - [ INFO ] Started DemoApplication in 1.915 seconds (JVM running for 2.878)
2022-10-09 13:40:46 [ http-nio-8090-exec-1:4401 ] - [ INFO ] Initializing Spring DispatcherServlet 'dispatcherServlet'
2022-10-09 13:40:46 [ http-nio-8090-exec-1:4401 ] - [ INFO ] Initializing Servlet 'dispatcherServlet'
2022-10-09 13:40:46 [ http-nio-8090-exec-1:4402 ] - [ INFO ] Completed initialization in 1 ms
2022-10-09 13:40:47 [ http-nio-8090-exec-2:4460 ] - [ INFO ] HikariPool-1 - Starting...
2022-10-09 13:40:47 [ http-nio-8090-exec-2:4710 ] - [ INFO ] HikariPool-1 - Start completed.
2022-10-09 13:42:01 [ SpringApplicationShutdownHook:78813 ] - [ INFO ] HikariPool-1 - Shutdown initiated...
2022-10-09 13:42:01 [ SpringApplicationShutdownHook:78824 ] - [ INFO ] HikariPool-1 - Shutdown completed.
2022-10-09 13:42:12 [ main:461 ] - [ INFO ] Starting DemoApplication using Java 1.8.0_332 on DESKTOP-VEBRSLS with PID 467808 (C:\Users\Clown\IdeaProjects\demo\target\classes started by Clown in C:\Users\Clown\IdeaProjects\demo)
2022-10-09 13:42:12 [ main:463 ] - [ INFO ] No active profile set, falling back to 1 default profile: "default"
2022-10-09 13:42:13 [ main:1207 ] - [ INFO ] Tomcat initialized with port(s): 8090 (http)
2022-10-09 13:42:13 [ main:1213 ] - [ INFO ] Initializing ProtocolHandler ["http-nio-8090"]
2022-10-09 13:42:13 [ main:1214 ] - [ INFO ] Starting service [Tomcat]
2022-10-09 13:42:13 [ main:1214 ] - [ INFO ] Starting Servlet engine: [Apache Tomcat/9.0.63]
2022-10-09 13:42:13 [ main:1292 ] - [ INFO ] Initializing Spring embedded WebApplicationContext
2022-10-09 13:42:13 [ main:1292 ] - [ INFO ] Root WebApplicationContext: initialization completed in 794 ms
2022-10-09 13:42:14 [ main:1756 ] - [ WARN ] Cannot find template location: classpath:/templates/ (please add some templates or check your Thymeleaf configuration)
2022-10-09 13:42:14 [ main:1813 ] - [ INFO ] Starting ProtocolHandler ["http-nio-8090"]
2022-10-09 13:42:14 [ main:1825 ] - [ INFO ] Tomcat started on port(s): 8090 (http) with context path ''
2022-10-09 13:42:14 [ main:1832 ] - [ INFO ] Started DemoApplication in 1.72 seconds (JVM running for 2.536)
2022-10-09 13:42:17 [ http-nio-8090-exec-1:4779 ] - [ INFO ] Initializing Spring DispatcherServlet 'dispatcherServlet'
2022-10-09 13:42:17 [ http-nio-8090-exec-1:4779 ] - [ INFO ] Initializing Servlet 'dispatcherServlet'
2022-10-09 13:42:17 [ http-nio-8090-exec-1:4780 ] - [ INFO ] Completed initialization in 1 ms
2022-10-09 13:42:17 [ http-nio-8090-exec-2:4823 ] - [ INFO ] HikariPool-1 - Starting...
2022-10-09 13:42:17 [ http-nio-8090-exec-2:5032 ] - [ INFO ] HikariPool-1 - Start completed.
2022-10-09 13:42:25 [ http-nio-8090-exec-5:12776 ] - [ WARN ] Resolved [org.springframework.web.bind.MissingServletRequestParameterException: Required request parameter 'classn' for method parameter type String is not present]
2022-10-09 13:52:20 [ SpringApplicationShutdownHook:608290 ] - [ INFO ] HikariPool-1 - Shutdown initiated...
2022-10-09 13:52:20 [ SpringApplicationShutdownHook:608300 ] - [ INFO ] HikariPool-1 - Shutdown completed.
2022-10-09 13:52:26 [ main:494 ] - [ INFO ] Starting DemoApplication using Java 1.8.0_332 on DESKTOP-VEBRSLS with PID 43432 (C:\Users\Clown\IdeaProjects\demo\target\classes started by Clown in C:\Users\Clown\IdeaProjects\demo)
2022-10-09 13:52:26 [ main:497 ] - [ INFO ] No active profile set, falling back to 1 default profile: "default"
2022-10-09 13:52:27 [ main:1208 ] - [ INFO ] Tomcat initialized with port(s): 8090 (http)
2022-10-09 13:52:27 [ main:1214 ] - [ INFO ] Initializing ProtocolHandler ["http-nio-8090"]
2022-10-09 13:52:27 [ main:1214 ] - [ INFO ] Starting service [Tomcat]
2022-10-09 13:52:27 [ main:1214 ] - [ INFO ] Starting Servlet engine: [Apache Tomcat/9.0.63]
2022-10-09 13:52:27 [ main:1302 ] - [ INFO ] Initializing Spring embedded WebApplicationContext
2022-10-09 13:52:27 [ main:1302 ] - [ INFO ] Root WebApplicationContext: initialization completed in 770 ms
2022-10-09 13:52:28 [ main:1742 ] - [ WARN ] Cannot find template location: classpath:/templates/ (please add some templates or check your Thymeleaf configuration)
2022-10-09 13:52:28 [ main:1798 ] - [ INFO ] Starting ProtocolHandler ["http-nio-8090"]
2022-10-09 13:52:28 [ main:1810 ] - [ INFO ] Tomcat started on port(s): 8090 (http) with context path ''
2022-10-09 13:52:28 [ main:1818 ] - [ INFO ] Started DemoApplication in 1.7 seconds (JVM running for 2.535)
2022-10-09 13:52:35 [ http-nio-8090-exec-1:9557 ] - [ INFO ] Initializing Spring DispatcherServlet 'dispatcherServlet'
2022-10-09 13:52:35 [ http-nio-8090-exec-1:9557 ] - [ INFO ] Initializing Servlet 'dispatcherServlet'
2022-10-09 13:52:35 [ http-nio-8090-exec-1:9558 ] - [ INFO ] Completed initialization in 1 ms
2022-10-09 13:52:35 [ http-nio-8090-exec-2:9610 ] - [ INFO ] HikariPool-1 - Starting...
2022-10-09 13:52:36 [ http-nio-8090-exec-2:9848 ] - [ INFO ] HikariPool-1 - Start completed.
2022-10-09 14:01:57 [ SpringApplicationShutdownHook:571443 ] - [ INFO ] HikariPool-1 - Shutdown initiated...
2022-10-09 14:01:57 [ SpringApplicationShutdownHook:571461 ] - [ INFO ] HikariPool-1 - Shutdown completed.
2022-10-09 14:02:03 [ main:502 ] - [ INFO ] Starting DemoApplication using Java 1.8.0_332 on DESKTOP-VEBRSLS with PID 98932 (C:\Users\Clown\IdeaProjects\demo\target\classes started by Clown in C:\Users\Clown\IdeaProjects\demo)
2022-10-09 14:02:03 [ main:504 ] - [ INFO ] No active profile set, falling back to 1 default profile: "default"
2022-10-09 14:02:04 [ main:1312 ] - [ INFO ] Tomcat initialized with port(s): 8090 (http)
2022-10-09 14:02:04 [ main:1319 ] - [ INFO ] Initializing ProtocolHandler ["http-nio-8090"]
2022-10-09 14:02:04 [ main:1319 ] - [ INFO ] Starting service [Tomcat]
2022-10-09 14:02:04 [ main:1319 ] - [ INFO ] Starting Servlet engine: [Apache Tomcat/9.0.63]
2022-10-09 14:02:04 [ main:1406 ] - [ INFO ] Initializing Spring embedded WebApplicationContext
2022-10-09 14:02:04 [ main:1406 ] - [ INFO ] Root WebApplicationContext: initialization completed in 870 ms
2022-10-09 14:02:05 [ main:1877 ] - [ WARN ] Cannot find template location: classpath:/templates/ (please add some templates or check your Thymeleaf configuration)
2022-10-09 14:02:05 [ main:1934 ] - [ INFO ] Starting ProtocolHandler ["http-nio-8090"]
2022-10-09 14:02:05 [ main:1947 ] - [ INFO ] Tomcat started on port(s): 8090 (http) with context path ''
2022-10-09 14:02:05 [ main:1954 ] - [ INFO ] Started DemoApplication in 1.836 seconds (JVM running for 2.706)
2022-10-09 14:02:09 [ http-nio-8090-exec-1:6116 ] - [ INFO ] Initializing Spring DispatcherServlet 'dispatcherServlet'
2022-10-09 14:02:09 [ http-nio-8090-exec-1:6116 ] - [ INFO ] Initializing Servlet 'dispatcherServlet'
2022-10-09 14:02:09 [ http-nio-8090-exec-1:6117 ] - [ INFO ] Completed initialization in 1 ms
2022-10-09 14:02:09 [ http-nio-8090-exec-2:6163 ] - [ INFO ] HikariPool-1 - Starting...
2022-10-09 14:02:09 [ http-nio-8090-exec-2:6370 ] - [ INFO ] HikariPool-1 - Start completed.
2022-10-09 14:04:20 [ SpringApplicationShutdownHook:137660 ] - [ INFO ] HikariPool-1 - Shutdown initiated...
2022-10-09 14:04:20 [ SpringApplicationShutdownHook:137676 ] - [ INFO ] HikariPool-1 - Shutdown completed.
